2021-01-07 22:43:43 下午 [Thread: background-preinit][ Class:org.hibernate.validator.internal.util.Version >> Method: org.hibernate.validator.internal.util.Version.<clinit>(Version.java:21) ]
INFO:HV000001: Hibernate Validator 6.0.16.Final
2021-01-07 22:43:44 下午 [Thread: main][ Class:top.chris.shop.ShopMainApplication >> Method: org.springframework.boot.StartupInfoLogger.logStarting(StartupInfoLogger.java:50) ]
INFO:Starting ShopMainApplication on DESKTOP-255B2FK with PID 3408 (D:\ForSpringBootProject\shop\shop-api-web\target\classes started by Chris in D:\ForSpringBootProject\shop)
2021-01-07 22:43:44 下午 [Thread: main][ Class:top.chris.shop.ShopMainApplication >> Method: org.springframework.boot.SpringApplication.logStartupProfileInfo(SpringApplication.java:675) ]
INFO:No active profile set, falling back to default profiles: default
2021-01-07 22:43:56 下午 [Thread: main][ Class:org.springframework.data.repository.config.RepositoryConfigurationDelegate >> Method: org.springframework.data.repository.config.RepositoryConfigurationDelegate.multipleStoresDetected(RepositoryConfigurationDelegate.java:244) ]
INFO:Multiple Spring Data modules found, entering strict repository configuration mode!
2021-01-07 22:43:56 下午 [Thread: main][ Class:org.springframework.data.repository.config.RepositoryConfigurationDelegate >> Method: org.springframework.data.repository.config.RepositoryConfigurationDelegate.registerRepositoriesIn(RepositoryConfigurationDelegate.java:126) ]
INFO:Bootstrapping Spring Data repositories in DEFAULT mode.
2021-01-07 22:43:57 下午 [Thread: main][ Class:org.springframework.data.repository.config.RepositoryConfigurationDelegate >> Method: org.springframework.data.repository.config.RepositoryConfigurationDelegate.registerRepositoriesIn(RepositoryConfigurationDelegate.java:182) ]
INFO:Finished Spring Data repository scanning in 84ms. Found 0 repository interfaces.
2021-01-07 22:43:57 下午 [Thread: main][ Class:org.mybatis.spring.mapper.ClassPathMapperScanner >> Method: org.mybatis.logging.Logger.warn(Logger.java:44) ]
WARN:No MyBatis mapper was found in '[top.chris.shop]' package. Please check your configuration.
2021-01-07 22:43:58 下午 [Thread: main][ Class:org.springframework.context.support.PostProcessorRegistrationDelegate$BeanPostProcessorChecker >> Method: org.springframework.context.support.PostProcessorRegistrationDelegate$BeanPostProcessorChecker.postProcessAfterInitialization(PostProcessorRegistrationDelegate.java:330) ]
INFO:Bean 'org.springframework.transaction.annotation.ProxyTransactionManagementConfiguration' of type [org.springframework.transaction.annotation.ProxyTransactionManagementConfiguration$$EnhancerBySpringCGLIB$$2a95f362] is not eligible for getting processed by all BeanPostProcessors (for example: not eligible for auto-proxying)
2021-01-07 22:44:01 下午 [Thread: main][ Class:org.springframework.boot.web.embedded.tomcat.TomcatWebServer >> Method: org.springframework.boot.web.embedded.tomcat.TomcatWebServer.initialize(TomcatWebServer.java:90) ]
INFO:Tomcat initialized with port(s): 8080 (http)
2021-01-07 22:44:02 下午 [Thread: main][ Class:org.springframework.web.context.ContextLoader >> Method: org.springframework.boot.web.servlet.context.ServletWebServerApplicationContext.prepareWebApplicationContext(ServletWebServerApplicationContext.java:296) ]
INFO:Root WebApplicationContext: initialization completed in 17457 ms
2021-01-07 22:44:16 下午 [Thread: main][ Class:org.springframework.boot.web.servlet.context.AnnotationConfigServletWebServerApplicationContext >> Method: org.springframework.context.support.AbstractApplicationContext.refresh(AbstractApplicationContext.java:557) ]
WARN:Exception encountered during context initialization - cancelling refresh attempt: org.springframework.beans.factory.UnsatisfiedDependencyException: Error creating bean with name 'documentationPluginsBootstrapper' defined in URL [jar:file:/E:/env/apache-maven-3.6.3/repository/io/springfox/springfox-spring-web/2.9.2/springfox-spring-web-2.9.2.jar!/springfox/documentation/spring/web/plugins/DocumentationPluginsBootstrapper.class]: Unsatisfied dependency expressed through constructor parameter 1; nested exception is org.springframework.beans.factory.UnsatisfiedDependencyException: Error creating bean with name 'webMvcRequestHandlerProvider' defined in URL [jar:file:/E:/env/apache-maven-3.6.3/repository/io/springfox/springfox-spring-web/2.9.2/springfox-spring-web-2.9.2.jar!/springfox/documentation/spring/web/plugins/WebMvcRequestHandlerProvider.class]: Unsatisfied dependency expressed through constructor parameter 1; nested exception is org.springframework.beans.factory.BeanCreationException: Error creating bean with name 'requestMappingHandlerMapping' defined in class path resource [top/chris/shop/config/StateResourceConfigurer.class]: Invocation of init method failed; nested exception is java.lang.IllegalStateException: Ambiguous mapping. Cannot map 'adminCategoryController' method 
public top.chris.shop.util.JsonResult top.chris.shop.web.controller.admin.AdminCategoryController.addCategorysInfo(top.chris.shop.pojo.bo.adminBo.AdminCategoryBo)
to {POST /adminCategory/addCarousel}: There is already 'adminCategoryController' bean method
public top.chris.shop.util.JsonResult top.chris.shop.web.controller.admin.AdminCategoryController.getCategorysInfoById(java.lang.String) mapped.
2021-01-07 22:44:16 下午 [Thread: main][ Class:org.springframework.boot.autoconfigure.logging.ConditionEvaluationReportLoggingListener >> Method: org.springframework.boot.autoconfigure.logging.ConditionEvaluationReportLoggingListener.logMessage(ConditionEvaluationReportLoggingListener.java:142) ]
INFO:

Error starting ApplicationContext. To display the conditions report re-run your application with 'debug' enabled.
2021-01-07 22:44:17 下午 [Thread: main][ Class:org.springframework.boot.SpringApplication >> Method: org.springframework.boot.SpringApplication.reportFailure(SpringApplication.java:858) ]
ERROR:Application run failed
org.springframework.beans.factory.UnsatisfiedDependencyException: Error creating bean with name 'documentationPluginsBootstrapper' defined in URL [jar:file:/E:/env/apache-maven-3.6.3/repository/io/springfox/springfox-spring-web/2.9.2/springfox-spring-web-2.9.2.jar!/springfox/documentation/spring/web/plugins/DocumentationPluginsBootstrapper.class]: Unsatisfied dependency expressed through constructor parameter 1; nested exception is org.springframework.beans.factory.UnsatisfiedDependencyException: Error creating bean with name 'webMvcRequestHandlerProvider' defined in URL [jar:file:/E:/env/apache-maven-3.6.3/repository/io/springfox/springfox-spring-web/2.9.2/springfox-spring-web-2.9.2.jar!/springfox/documentation/spring/web/plugins/WebMvcRequestHandlerProvider.class]: Unsatisfied dependency expressed through constructor parameter 1; nested exception is org.springframework.beans.factory.BeanCreationException: Error creating bean with name 'requestMappingHandlerMapping' defined in class path resource [top/chris/shop/config/StateResourceConfigurer.class]: Invocation of init method failed; nested exception is java.lang.IllegalStateException: Ambiguous mapping. Cannot map 'adminCategoryController' method 
public top.chris.shop.util.JsonResult top.chris.shop.web.controller.admin.AdminCategoryController.addCategorysInfo(top.chris.shop.pojo.bo.adminBo.AdminCategoryBo)
to {POST /adminCategory/addCarousel}: There is already 'adminCategoryController' bean method
public top.chris.shop.util.JsonResult top.chris.shop.web.controller.admin.AdminCategoryController.getCategorysInfoById(java.lang.String) mapped.
	at org.springframework.beans.factory.support.ConstructorResolver.createArgumentArray(ConstructorResolver.java:769)
	at org.springframework.beans.factory.support.ConstructorResolver.autowireConstructor(ConstructorResolver.java:218)
	at org.springframework.beans.factory.support.AbstractAutowireCapableBeanFactory.autowireConstructor(AbstractAutowireCapableBeanFactory.java:1341)
	at org.springframework.beans.factory.support.AbstractAutowireCapableBeanFactory.createBeanInstance(AbstractAutowireCapableBeanFactory.java:1187)
	at org.springframework.beans.factory.support.AbstractAutowireCapableBeanFactory.doCreateBean(AbstractAutowireCapableBeanFactory.java:555)
	at org.springframework.beans.factory.support.AbstractAutowireCapableBeanFactory.createBean(AbstractAutowireCapableBeanFactory.java:515)
	at org.springframework.beans.factory.support.AbstractBeanFactory.lambda$doGetBean$0(AbstractBeanFactory.java:320)
	at org.springframework.beans.factory.support.DefaultSingletonBeanRegistry.getSingleton(DefaultSingletonBeanRegistry.java:222)
	at org.springframework.beans.factory.support.AbstractBeanFactory.doGetBean(AbstractBeanFactory.java:318)
	at org.springframework.beans.factory.support.AbstractBeanFactory.getBean(AbstractBeanFactory.java:199)
	at org.springframework.beans.factory.support.DefaultListableBeanFactory.preInstantiateSingletons(DefaultListableBeanFactory.java:843)
	at org.springframework.context.support.AbstractApplicationContext.finishBeanFactoryInitialization(AbstractApplicationContext.java:877)
	at org.springframework.context.support.AbstractApplicationContext.refresh(AbstractApplicationContext.java:549)
	at org.springframework.boot.web.servlet.context.ServletWebServerApplicationContext.refresh(ServletWebServerApplicationContext.java:142)
	at org.springframework.boot.SpringApplication.refresh(SpringApplication.java:775)
	at org.springframework.boot.SpringApplication.refreshContext(SpringApplication.java:397)
	at org.springframework.boot.SpringApplication.run(SpringApplication.java:316)
	at org.springframework.boot.SpringApplication.run(SpringApplication.java:1260)
	at org.springframework.boot.SpringApplication.run(SpringApplication.java:1248)
	at top.chris.shop.ShopMainApplication.main(ShopMainApplication.java:31)
Caused by: org.springframework.beans.factory.UnsatisfiedDependencyException: Error creating bean with name 'webMvcRequestHandlerProvider' defined in URL [jar:file:/E:/env/apache-maven-3.6.3/repository/io/springfox/springfox-spring-web/2.9.2/springfox-spring-web-2.9.2.jar!/springfox/documentation/spring/web/plugins/WebMvcRequestHandlerProvider.class]: Unsatisfied dependency expressed through constructor parameter 1; nested exception is org.springframework.beans.factory.BeanCreationException: Error creating bean with name 'requestMappingHandlerMapping' defined in class path resource [top/chris/shop/config/StateResourceConfigurer.class]: Invocation of init method failed; nested exception is java.lang.IllegalStateException: Ambiguous mapping. Cannot map 'adminCategoryController' method 
public top.chris.shop.util.JsonResult top.chris.shop.web.controller.admin.AdminCategoryController.addCategorysInfo(top.chris.shop.pojo.bo.adminBo.AdminCategoryBo)
to {POST /adminCategory/addCarousel}: There is already 'adminCategoryController' bean method
public top.chris.shop.util.JsonResult top.chris.shop.web.controller.admin.AdminCategoryController.getCategorysInfoById(java.lang.String) mapped.
	at org.springframework.beans.factory.support.ConstructorResolver.createArgumentArray(ConstructorResolver.java:769)
	at org.springframework.beans.factory.support.ConstructorResolver.autowireConstructor(ConstructorResolver.java:218)
	at org.springframework.beans.factory.support.AbstractAutowireCapableBeanFactory.autowireConstructor(AbstractAutowireCapableBeanFactory.java:1341)
	at org.springframework.beans.factory.support.AbstractAutowireCapableBeanFactory.createBeanInstance(AbstractAutowireCapableBeanFactory.java:1187)
	at org.springframework.beans.factory.support.AbstractAutowireCapableBeanFactory.doCreateBean(AbstractAutowireCapableBeanFactory.java:555)
	at org.springframework.beans.factory.support.AbstractAutowireCapableBeanFactory.createBean(AbstractAutowireCapableBeanFactory.java:515)
	at org.springframework.beans.factory.support.AbstractBeanFactory.lambda$doGetBean$0(AbstractBeanFactory.java:320)
	at org.springframework.beans.factory.support.DefaultSingletonBeanRegistry.getSingleton(DefaultSingletonBeanRegistry.java:222)
	at org.springframework.beans.factory.support.AbstractBeanFactory.doGetBean(AbstractBeanFactory.java:318)
	at org.springframework.beans.factory.support.AbstractBeanFactory.getBean(AbstractBeanFactory.java:199)
	at org.springframework.beans.factory.config.DependencyDescriptor.resolveCandidate(DependencyDescriptor.java:277)
	at org.springframework.beans.factory.support.DefaultListableBeanFactory.addCandidateEntry(DefaultListableBeanFactory.java:1464)
	at org.springframework.beans.factory.support.DefaultListableBeanFactory.findAutowireCandidates(DefaultListableBeanFactory.java:1428)
	at org.springframework.beans.factory.support.DefaultListableBeanFactory.resolveMultipleBeans(DefaultListableBeanFactory.java:1319)
	at org.springframework.beans.factory.support.DefaultListableBeanFactory.doResolveDependency(DefaultListableBeanFactory.java:1206)
	at org.springframework.beans.factory.support.DefaultListableBeanFactory.resolveDependency(DefaultListableBeanFactory.java:1168)
	at org.springframework.beans.factory.support.ConstructorResolver.resolveAutowiredArgument(ConstructorResolver.java:857)
	at org.springframework.beans.factory.support.ConstructorResolver.createArgumentArray(ConstructorResolver.java:760)
	... 19 more
Caused by: org.springframework.beans.factory.BeanCreationException: Error creating bean with name 'requestMappingHandlerMapping' defined in class path resource [top/chris/shop/config/StateResourceConfigurer.class]: Invocation of init method failed; nested exception is java.lang.IllegalStateException: Ambiguous mapping. Cannot map 'adminCategoryController' method 
public top.chris.shop.util.JsonResult top.chris.shop.web.controller.admin.AdminCategoryController.addCategorysInfo(top.chris.shop.pojo.bo.adminBo.AdminCategoryBo)
to {POST /adminCategory/addCarousel}: There is already 'adminCategoryController' bean method
public top.chris.shop.util.JsonResult top.chris.shop.web.controller.admin.AdminCategoryController.getCategorysInfoById(java.lang.String) mapped.
	at org.springframework.beans.factory.support.AbstractAutowireCapableBeanFactory.initializeBean(AbstractAutowireCapableBeanFactory.java:1778)
	at org.springframework.beans.factory.support.AbstractAutowireCapableBeanFactory.doCreateBean(AbstractAutowireCapableBeanFactory.java:593)
	at org.springframework.beans.factory.support.AbstractAutowireCapableBeanFactory.createBean(AbstractAutowireCapableBeanFactory.java:515)
	at org.springframework.beans.factory.support.AbstractBeanFactory.lambda$doGetBean$0(AbstractBeanFactory.java:320)
	at org.springframework.beans.factory.support.DefaultSingletonBeanRegistry.getSingleton(DefaultSingletonBeanRegistry.java:222)
	at org.springframework.beans.factory.support.AbstractBeanFactory.doGetBean(AbstractBeanFactory.java:318)
	at org.springframework.beans.factory.support.AbstractBeanFactory.getBean(AbstractBeanFactory.java:199)
	at org.springframework.beans.factory.config.DependencyDescriptor.resolveCandidate(DependencyDescriptor.java:277)
	at org.springframework.beans.factory.support.DefaultListableBeanFactory.addCandidateEntry(DefaultListableBeanFactory.java:1464)
	at org.springframework.beans.factory.support.DefaultListableBeanFactory.findAutowireCandidates(DefaultListableBeanFactory.java:1428)
	at org.springframework.beans.factory.support.DefaultListableBeanFactory.resolveMultipleBeans(DefaultListableBeanFactory.java:1319)
	at org.springframework.beans.factory.support.DefaultListableBeanFactory.doResolveDependency(DefaultListableBeanFactory.java:1206)
	at org.springframework.beans.factory.support.DefaultListableBeanFactory.resolveDependency(DefaultListableBeanFactory.java:1168)
	at org.springframework.beans.factory.support.ConstructorResolver.resolveAutowiredArgument(ConstructorResolver.java:857)
	at org.springframework.beans.factory.support.ConstructorResolver.createArgumentArray(ConstructorResolver.java:760)
	... 36 more
Caused by: java.lang.IllegalStateException: Ambiguous mapping. Cannot map 'adminCategoryController' method 
public top.chris.shop.util.JsonResult top.chris.shop.web.controller.admin.AdminCategoryController.addCategorysInfo(top.chris.shop.pojo.bo.adminBo.AdminCategoryBo)
to {POST /adminCategory/addCarousel}: There is already 'adminCategoryController' bean method
public top.chris.shop.util.JsonResult top.chris.shop.web.controller.admin.AdminCategoryController.getCategorysInfoById(java.lang.String) mapped.
	at org.springframework.web.servlet.handler.AbstractHandlerMethodMapping$MappingRegistry.assertUniqueMethodMapping(AbstractHandlerMethodMapping.java:618)
	at org.springframework.web.servlet.handler.AbstractHandlerMethodMapping$MappingRegistry.register(AbstractHandlerMethodMapping.java:586)
	at org.springframework.web.servlet.handler.AbstractHandlerMethodMapping.registerHandlerMethod(AbstractHandlerMethodMapping.java:312)
	at org.springframework.web.servlet.handler.AbstractHandlerMethodMapping.lambda$detectHandlerMethods$1(AbstractHandlerMethodMapping.java:282)
	at java.util.LinkedHashMap.forEach(LinkedHashMap.java:684)
	at org.springframework.web.servlet.handler.AbstractHandlerMethodMapping.detectHandlerMethods(AbstractHandlerMethodMapping.java:280)
	at org.springframework.web.servlet.handler.AbstractHandlerMethodMapping.processCandidateBean(AbstractHandlerMethodMapping.java:252)
	at org.springframework.web.servlet.handler.AbstractHandlerMethodMapping.initHandlerMethods(AbstractHandlerMethodMapping.java:211)
	at org.springframework.web.servlet.handler.AbstractHandlerMethodMapping.afterPropertiesSet(AbstractHandlerMethodMapping.java:199)
	at org.springframework.web.servlet.mvc.method.annotation.RequestMappingHandlerMapping.afterPropertiesSet(RequestMappingHandlerMapping.java:164)
	at org.springframework.beans.factory.support.AbstractAutowireCapableBeanFactory.invokeInitMethods(AbstractAutowireCapableBeanFactory.java:1837)
	at org.springframework.beans.factory.support.AbstractAutowireCapableBeanFactory.initializeBean(AbstractAutowireCapableBeanFactory.java:1774)
	... 50 more
2021-01-07 22:46:07 下午 [Thread: background-preinit][ Class:org.hibernate.validator.internal.util.Version >> Method: org.hibernate.validator.internal.util.Version.<clinit>(Version.java:21) ]
INFO:HV000001: Hibernate Validator 6.0.16.Final
2021-01-07 22:46:08 下午 [Thread: main][ Class:top.chris.shop.ShopMainApplication >> Method: org.springframework.boot.StartupInfoLogger.logStarting(StartupInfoLogger.java:50) ]
INFO:Starting ShopMainApplication on DESKTOP-255B2FK with PID 11344 (D:\ForSpringBootProject\shop\shop-api-web\target\classes started by Chris in D:\ForSpringBootProject\shop)
2021-01-07 22:46:08 下午 [Thread: main][ Class:top.chris.shop.ShopMainApplication >> Method: org.springframework.boot.SpringApplication.logStartupProfileInfo(SpringApplication.java:675) ]
INFO:No active profile set, falling back to default profiles: default
2021-01-07 22:46:11 下午 [Thread: main][ Class:org.springframework.data.repository.config.RepositoryConfigurationDelegate >> Method: org.springframework.data.repository.config.RepositoryConfigurationDelegate.multipleStoresDetected(RepositoryConfigurationDelegate.java:244) ]
INFO:Multiple Spring Data modules found, entering strict repository configuration mode!
2021-01-07 22:46:11 下午 [Thread: main][ Class:org.springframework.data.repository.config.RepositoryConfigurationDelegate >> Method: org.springframework.data.repository.config.RepositoryConfigurationDelegate.registerRepositoriesIn(RepositoryConfigurationDelegate.java:126) ]
INFO:Bootstrapping Spring Data repositories in DEFAULT mode.
2021-01-07 22:46:11 下午 [Thread: main][ Class:org.springframework.data.repository.config.RepositoryConfigurationDelegate >> Method: org.springframework.data.repository.config.RepositoryConfigurationDelegate.registerRepositoriesIn(RepositoryConfigurationDelegate.java:182) ]
INFO:Finished Spring Data repository scanning in 46ms. Found 0 repository interfaces.
2021-01-07 22:46:11 下午 [Thread: main][ Class:org.mybatis.spring.mapper.ClassPathMapperScanner >> Method: org.mybatis.logging.Logger.warn(Logger.java:44) ]
WARN:No MyBatis mapper was found in '[top.chris.shop]' package. Please check your configuration.
2021-01-07 22:46:12 下午 [Thread: main][ Class:org.springframework.context.support.PostProcessorRegistrationDelegate$BeanPostProcessorChecker >> Method: org.springframework.context.support.PostProcessorRegistrationDelegate$BeanPostProcessorChecker.postProcessAfterInitialization(PostProcessorRegistrationDelegate.java:330) ]
INFO:Bean 'org.springframework.transaction.annotation.ProxyTransactionManagementConfiguration' of type [org.springframework.transaction.annotation.ProxyTransactionManagementConfiguration$$EnhancerBySpringCGLIB$$d6188b2b] is not eligible for getting processed by all BeanPostProcessors (for example: not eligible for auto-proxying)
2021-01-07 22:46:12 下午 [Thread: main][ Class:org.springframework.boot.web.embedded.tomcat.TomcatWebServer >> Method: org.springframework.boot.web.embedded.tomcat.TomcatWebServer.initialize(TomcatWebServer.java:90) ]
INFO:Tomcat initialized with port(s): 8080 (http)
2021-01-07 22:46:13 下午 [Thread: main][ Class:org.springframework.web.context.ContextLoader >> Method: org.springframework.boot.web.servlet.context.ServletWebServerApplicationContext.prepareWebApplicationContext(ServletWebServerApplicationContext.java:296) ]
INFO:Root WebApplicationContext: initialization completed in 4420 ms
2021-01-07 22:46:24 下午 [Thread: main][ Class:springfox.documentation.spring.web.PropertySourcedRequestMappingHandlerMapping >> Method: springfox.documentation.spring.web.PropertySourcedRequestMappingHandlerMapping.initHandlerMethods(PropertySourcedRequestMappingHandlerMapping.java:69) ]
INFO:Mapped URL path [/v2/api-docs] onto method [public org.springframework.http.ResponseEntity<springfox.documentation.spring.web.json.Json> springfox.documentation.swagger2.web.Swagger2Controller.getDocumentation(java.lang.String,javax.servlet.http.HttpServletRequest)]
2021-01-07 22:46:24 下午 [Thread: main][ Class:tk.mybatis.mapper.autoconfigure.MapperCacheDisabler >> Method: tk.mybatis.mapper.autoconfigure.MapperCacheDisabler.removeStaticCache(MapperCacheDisabler.java:60) ]
INFO:Clear tk.mybatis.mapper.util.MsUtil CLASS_CACHE cache.
2021-01-07 22:46:24 下午 [Thread: main][ Class:tk.mybatis.mapper.autoconfigure.MapperCacheDisabler >> Method: tk.mybatis.mapper.autoconfigure.MapperCacheDisabler.removeStaticCache(MapperCacheDisabler.java:60) ]
INFO:Clear tk.mybatis.mapper.genid.GenIdUtil CACHE cache.
2021-01-07 22:46:24 下午 [Thread: main][ Class:tk.mybatis.mapper.autoconfigure.MapperCacheDisabler >> Method: tk.mybatis.mapper.autoconfigure.MapperCacheDisabler.removeStaticCache(MapperCacheDisabler.java:60) ]
INFO:Clear tk.mybatis.mapper.version.VersionUtil CACHE cache.
2021-01-07 22:46:24 下午 [Thread: main][ Class:tk.mybatis.mapper.autoconfigure.MapperCacheDisabler >> Method: tk.mybatis.mapper.autoconfigure.MapperCacheDisabler.removeEntityHelperCache(MapperCacheDisabler.java:83) ]
INFO:Clear EntityHelper entityTableMap cache.
2021-01-07 22:46:25 下午 [Thread: main][ Class:org.springframework.boot.autoconfigure.security.servlet.UserDetailsServiceAutoConfiguration >> Method: org.springframework.boot.autoconfigure.security.servlet.UserDetailsServiceAutoConfiguration.getOrDeducePassword(UserDetailsServiceAutoConfiguration.java:87) ]
INFO:

Using generated security password: 7f2803a9-3312-4039-ae3b-afcf159fd4ae

2021-01-07 22:46:26 下午 [Thread: main][ Class:org.springframework.security.web.DefaultSecurityFilterChain >> Method: org.springframework.security.web.DefaultSecurityFilterChain.<init>(DefaultSecurityFilterChain.java:43) ]
INFO:Creating filter chain: any request, [org.springframework.security.web.context.request.async.WebAsyncManagerIntegrationFilter@7910f355, org.springframework.security.web.context.SecurityContextPersistenceFilter@e972ee1, org.springframework.security.web.header.HeaderWriterFilter@a9e8da1, org.springframework.security.web.authentication.logout.LogoutFilter@1669931a, org.springframework.security.web.savedrequest.RequestCacheAwareFilter@7f8c48f3, org.springframework.security.web.servletapi.SecurityContextHolderAwareRequestFilter@7c3c453b, org.springframework.security.web.authentication.AnonymousAuthenticationFilter@34ab26a, org.springframework.security.web.session.SessionManagementFilter@acb5508, org.springframework.security.web.access.ExceptionTranslationFilter@67b5e613, org.springframework.security.web.access.intercept.FilterSecurityInterceptor@3321291a]
2021-01-07 22:46:26 下午 [Thread: main][ Class:org.springframework.scheduling.concurrent.ThreadPoolTaskScheduler >> Method: org.springframework.scheduling.concurrent.ExecutorConfigurationSupport.initialize(ExecutorConfigurationSupport.java:171) ]
INFO:Initializing ExecutorService 'taskScheduler'
2021-01-07 22:46:27 下午 [Thread: main][ Class:springfox.documentation.spring.web.plugins.DocumentationPluginsBootstrapper >> Method: springfox.documentation.spring.web.plugins.DocumentationPluginsBootstrapper.start(DocumentationPluginsBootstrapper.java:160) ]
INFO:Context refreshed
2021-01-07 22:46:27 下午 [Thread: main][ Class:springfox.documentation.spring.web.plugins.DocumentationPluginsBootstrapper >> Method: springfox.documentation.spring.web.plugins.DocumentationPluginsBootstrapper.start(DocumentationPluginsBootstrapper.java:163) ]
INFO:Found 1 custom documentation plugin(s)
2021-01-07 22:46:27 下午 [Thread: main][ Class:springfox.documentation.spring.web.scanners.ApiListingReferenceScanner >> Method: springfox.documentation.spring.web.scanners.ApiListingReferenceScanner.scan(ApiListingReferenceScanner.java:41) ]
INFO:Scanning for api listing references
2021-01-07 22:46:28 下午 [Thread: main][ Class:springfox.documentation.spring.web.readers.operation.CachingOperationNameGenerator >> Method: springfox.documentation.spring.web.readers.operation.CachingOperationNameGenerator.startingWith(CachingOperationNameGenerator.java:40) ]
INFO:Generating unique operation named: delParamByItemIdUsingGET_1
2021-01-07 22:46:28 下午 [Thread: main][ Class:springfox.documentation.spring.web.readers.operation.CachingOperationNameGenerator >> Method: springfox.documentation.spring.web.readers.operation.CachingOperationNameGenerator.startingWith(CachingOperationNameGenerator.java:40) ]
INFO:Generating unique operation named: delParamByItemIdUsingGET_2
2021-01-07 22:46:28 下午 [Thread: main][ Class:springfox.documentation.spring.web.readers.operation.CachingOperationNameGenerator >> Method: springfox.documentation.spring.web.readers.operation.CachingOperationNameGenerator.startingWith(CachingOperationNameGenerator.java:40) ]
INFO:Generating unique operation named: delParamByItemIdUsingGET_3
2021-01-07 22:46:28 下午 [Thread: main][ Class:springfox.documentation.spring.web.readers.operation.CachingOperationNameGenerator >> Method: springfox.documentation.spring.web.readers.operation.CachingOperationNameGenerator.startingWith(CachingOperationNameGenerator.java:40) ]
INFO:Generating unique operation named: renderAllItemsInfoUsingGET_1
2021-01-07 22:46:28 下午 [Thread: main][ Class:springfox.documentation.spring.web.readers.operation.CachingOperationNameGenerator >> Method: springfox.documentation.spring.web.readers.operation.CachingOperationNameGenerator.startingWith(CachingOperationNameGenerator.java:40) ]
INFO:Generating unique operation named: renderAllItemsInfoUsingGET_2
2021-01-07 22:46:28 下午 [Thread: main][ Class:springfox.documentation.spring.web.readers.operation.CachingOperationNameGenerator >> Method: springfox.documentation.spring.web.readers.operation.CachingOperationNameGenerator.startingWith(CachingOperationNameGenerator.java:40) ]
INFO:Generating unique operation named: searchItemsInfoUsingPOST_1
2021-01-07 22:46:28 下午 [Thread: main][ Class:springfox.documentation.spring.web.readers.operation.CachingOperationNameGenerator >> Method: springfox.documentation.spring.web.readers.operation.CachingOperationNameGenerator.startingWith(CachingOperationNameGenerator.java:40) ]
INFO:Generating unique operation named: renderItemsInfoByItemIdUsingGET_1
2021-01-07 22:46:28 下午 [Thread: main][ Class:springfox.documentation.spring.web.readers.operation.CachingOperationNameGenerator >> Method: springfox.documentation.spring.web.readers.operation.CachingOperationNameGenerator.startingWith(CachingOperationNameGenerator.java:40) ]
INFO:Generating unique operation named: delParamByItemIdUsingGET_4
2021-01-07 22:46:29 下午 [Thread: main][ Class:org.springframework.boot.web.embedded.tomcat.TomcatWebServer >> Method: org.springframework.boot.web.embedded.tomcat.TomcatWebServer.start(TomcatWebServer.java:204) ]
INFO:Tomcat started on port(s): 8080 (http) with context path ''
2021-01-07 22:46:29 下午 [Thread: main][ Class:top.chris.shop.ShopMainApplication >> Method: org.springframework.boot.StartupInfoLogger.logStarted(StartupInfoLogger.java:59) ]
INFO:Started ShopMainApplication in 21.742 seconds (JVM running for 23.663)
2021-01-07 22:47:16 下午 [Thread: http-nio-8080-exec-2][ Class:org.springframework.web.servlet.DispatcherServlet >> Method: org.springframework.web.servlet.FrameworkServlet.initServletBean(FrameworkServlet.java:524) ]
INFO:Initializing Servlet 'dispatcherServlet'
2021-01-07 22:47:16 下午 [Thread: http-nio-8080-exec-2][ Class:org.springframework.web.servlet.DispatcherServlet >> Method: org.springframework.web.servlet.FrameworkServlet.initServletBean(FrameworkServlet.java:546) ]
INFO:Completed initialization in 65 ms
2021-01-07 22:47:17 下午 [Thread: http-nio-8080-exec-1][ Class:com.zaxxer.hikari.HikariDataSource >> Method: com.zaxxer.hikari.HikariDataSource.getConnection(HikariDataSource.java:110) ]
INFO:DateSourceHikariCP - Starting...
2021-01-07 22:47:17 下午 [Thread: http-nio-8080-exec-1][ Class:com.zaxxer.hikari.util.DriverDataSource >> Method: com.zaxxer.hikari.util.DriverDataSource.<init>(DriverDataSource.java:68) ]
WARN:Registered driver with driverClassName=com.mysql.jdbc.Driver was not found, trying direct instantiation.
2021-01-07 22:47:21 下午 [Thread: http-nio-8080-exec-1][ Class:com.zaxxer.hikari.HikariDataSource >> Method: com.zaxxer.hikari.HikariDataSource.getConnection(HikariDataSource.java:123) ]
INFO:DateSourceHikariCP - Start completed.
2021-01-07 22:47:22 下午 [Thread: http-nio-8080-exec-2][ Class:top.chris.shop.aspect.LogTimeAspect >> Method: top.chris.shop.aspect.LogTimeAspect.arroundServiceLog(LogTimeAspect.java:37) ]
ERROR:------方法top.chris.shop.service.impl.IndexServiceImpl.rendersCats在Thu Jan 07 22:47:17 CST 2021时使用参数[Ljava.lang.Object;@6532de9[{}]调用,并得到了结果[top.chris.shop.pojo.Category@35fa907f, top.chris.shop.pojo.Category@6527dbd2, top.chris.shop.pojo.Category@27095985, top.chris.shop.pojo.Category@38aa04e8, top.chris.shop.pojo.Category@593202ea, top.chris.shop.pojo.Category@290bb55, top.chris.shop.pojo.Category@6f380ff3, top.chris.shop.pojo.Category@75dcbb8, top.chris.shop.pojo.Category@4eb1aceb, top.chris.shop.pojo.Category@497cfc7b]，共耗时5044毫秒------
2021-01-07 22:47:50 下午 [Thread: http-nio-8080-exec-5][ Class:top.chris.shop.aspect.LogTimeAspect >> Method: top.chris.shop.aspect.LogTimeAspect.arroundServiceLog(LogTimeAspect.java:31) ]
INFO:------方法top.chris.shop.service.impl.IndexServiceImpl.rendersCats在Thu Jan 07 22:47:50 CST 2021时使用参数[Ljava.lang.Object;@f910016[{}]调用,并得到了结果[top.chris.shop.pojo.Category@5ee23fca, top.chris.shop.pojo.Category@6a234416, top.chris.shop.pojo.Category@71ce1998, top.chris.shop.pojo.Category@76d83607, top.chris.shop.pojo.Category@390b5b79, top.chris.shop.pojo.Category@4978abba, top.chris.shop.pojo.Category@487b79d4, top.chris.shop.pojo.Category@7f2416d2, top.chris.shop.pojo.Category@1c975adc, top.chris.shop.pojo.Category@103e078f]，共耗时7毫秒------
2021-01-07 22:48:34 下午 [Thread: http-nio-8080-exec-8][ Class:top.chris.shop.aspect.LogTimeAspect >> Method: top.chris.shop.aspect.LogTimeAspect.arroundServiceLog(LogTimeAspect.java:31) ]
INFO:------方法top.chris.shop.service.impl.IndexServiceImpl.rendersCats在Thu Jan 07 22:48:34 CST 2021时使用参数[Ljava.lang.Object;@7b8b61a7[{}]调用,并得到了结果[top.chris.shop.pojo.Category@55cc8e12, top.chris.shop.pojo.Category@22514093, top.chris.shop.pojo.Category@40a95e91, top.chris.shop.pojo.Category@608f897a, top.chris.shop.pojo.Category@51823767, top.chris.shop.pojo.Category@797fb01c, top.chris.shop.pojo.Category@73282474, top.chris.shop.pojo.Category@6f70a732, top.chris.shop.pojo.Category@2f099cb4, top.chris.shop.pojo.Category@2bf23619]，共耗时6毫秒------
2021-01-07 22:48:45 下午 [Thread: http-nio-8080-exec-9][ Class:top.chris.shop.aspect.LogTimeAspect >> Method: top.chris.shop.aspect.LogTimeAspect.arroundServiceLog(LogTimeAspect.java:31) ]
INFO:------方法top.chris.shop.service.impl.IndexServiceImpl.rendersCats在Thu Jan 07 22:48:45 CST 2021时使用参数[Ljava.lang.Object;@6364336f[{}]调用,并得到了结果[top.chris.shop.pojo.Category@482f8349, top.chris.shop.pojo.Category@3628514e, top.chris.shop.pojo.Category@3a5ded26, top.chris.shop.pojo.Category@78605e49, top.chris.shop.pojo.Category@4c61bfc7, top.chris.shop.pojo.Category@38b72524, top.chris.shop.pojo.Category@6d56dbc9, top.chris.shop.pojo.Category@173e523c, top.chris.shop.pojo.Category@5660589b, top.chris.shop.pojo.Category@57ffc976]，共耗时7毫秒------
2021-01-07 22:48:45 下午 [Thread: http-nio-8080-exec-10][ Class:org.springframework.web.servlet.mvc.support.DefaultHandlerExceptionResolver >> Method: org.springframework.web.servlet.handler.AbstractHandlerExceptionResolver.logException(AbstractHandlerExceptionResolver.java:198) ]
WARN:Resolved [org.springframework.web.HttpRequestMethodNotSupportedException: Request method 'GET' not supported]
2021-01-07 22:49:20 下午 [Thread: background-preinit][ Class:org.hibernate.validator.internal.util.Version >> Method: org.hibernate.validator.internal.util.Version.<clinit>(Version.java:21) ]
INFO:HV000001: Hibernate Validator 6.0.16.Final
2021-01-07 22:49:20 下午 [Thread: main][ Class:top.chris.shop.ShopMainApplication >> Method: org.springframework.boot.StartupInfoLogger.logStarting(StartupInfoLogger.java:50) ]
INFO:Starting ShopMainApplication on DESKTOP-255B2FK with PID 18424 (D:\ForSpringBootProject\shop\shop-api-web\target\classes started by Chris in D:\ForSpringBootProject\shop)
2021-01-07 22:49:20 下午 [Thread: main][ Class:top.chris.shop.ShopMainApplication >> Method: org.springframework.boot.SpringApplication.logStartupProfileInfo(SpringApplication.java:675) ]
INFO:No active profile set, falling back to default profiles: default
2021-01-07 22:49:24 下午 [Thread: main][ Class:org.springframework.data.repository.config.RepositoryConfigurationDelegate >> Method: org.springframework.data.repository.config.RepositoryConfigurationDelegate.multipleStoresDetected(RepositoryConfigurationDelegate.java:244) ]
INFO:Multiple Spring Data modules found, entering strict repository configuration mode!
2021-01-07 22:49:24 下午 [Thread: main][ Class:org.springframework.data.repository.config.RepositoryConfigurationDelegate >> Method: org.springframework.data.repository.config.RepositoryConfigurationDelegate.registerRepositoriesIn(RepositoryConfigurationDelegate.java:126) ]
INFO:Bootstrapping Spring Data repositories in DEFAULT mode.
2021-01-07 22:49:24 下午 [Thread: main][ Class:org.springframework.data.repository.config.RepositoryConfigurationDelegate >> Method: org.springframework.data.repository.config.RepositoryConfigurationDelegate.registerRepositoriesIn(RepositoryConfigurationDelegate.java:182) ]
INFO:Finished Spring Data repository scanning in 64ms. Found 0 repository interfaces.
2021-01-07 22:49:24 下午 [Thread: main][ Class:org.mybatis.spring.mapper.ClassPathMapperScanner >> Method: org.mybatis.logging.Logger.warn(Logger.java:44) ]
WARN:No MyBatis mapper was found in '[top.chris.shop]' package. Please check your configuration.
2021-01-07 22:49:25 下午 [Thread: main][ Class:org.springframework.context.support.PostProcessorRegistrationDelegate$BeanPostProcessorChecker >> Method: org.springframework.context.support.PostProcessorRegistrationDelegate$BeanPostProcessorChecker.postProcessAfterInitialization(PostProcessorRegistrationDelegate.java:330) ]
INFO:Bean 'org.springframework.transaction.annotation.ProxyTransactionManagementConfiguration' of type [org.springframework.transaction.annotation.ProxyTransactionManagementConfiguration$$EnhancerBySpringCGLIB$$1a6b0a36] is not eligible for getting processed by all BeanPostProcessors (for example: not eligible for auto-proxying)
2021-01-07 22:49:25 下午 [Thread: main][ Class:org.springframework.boot.web.embedded.tomcat.TomcatWebServer >> Method: org.springframework.boot.web.embedded.tomcat.TomcatWebServer.initialize(TomcatWebServer.java:90) ]
INFO:Tomcat initialized with port(s): 8080 (http)
2021-01-07 22:49:26 下午 [Thread: main][ Class:org.springframework.web.context.ContextLoader >> Method: org.springframework.boot.web.servlet.context.ServletWebServerApplicationContext.prepareWebApplicationContext(ServletWebServerApplicationContext.java:296) ]
INFO:Root WebApplicationContext: initialization completed in 5615 ms
2021-01-07 22:49:30 下午 [Thread: main][ Class:springfox.documentation.spring.web.PropertySourcedRequestMappingHandlerMapping >> Method: springfox.documentation.spring.web.PropertySourcedRequestMappingHandlerMapping.initHandlerMethods(PropertySourcedRequestMappingHandlerMapping.java:69) ]
INFO:Mapped URL path [/v2/api-docs] onto method [public org.springframework.http.ResponseEntity<springfox.documentation.spring.web.json.Json> springfox.documentation.swagger2.web.Swagger2Controller.getDocumentation(java.lang.String,javax.servlet.http.HttpServletRequest)]
2021-01-07 22:49:30 下午 [Thread: main][ Class:tk.mybatis.mapper.autoconfigure.MapperCacheDisabler >> Method: tk.mybatis.mapper.autoconfigure.MapperCacheDisabler.removeStaticCache(MapperCacheDisabler.java:60) ]
INFO:Clear tk.mybatis.mapper.util.MsUtil CLASS_CACHE cache.
2021-01-07 22:49:30 下午 [Thread: main][ Class:tk.mybatis.mapper.autoconfigure.MapperCacheDisabler >> Method: tk.mybatis.mapper.autoconfigure.MapperCacheDisabler.removeStaticCache(MapperCacheDisabler.java:60) ]
INFO:Clear tk.mybatis.mapper.genid.GenIdUtil CACHE cache.
2021-01-07 22:49:30 下午 [Thread: main][ Class:tk.mybatis.mapper.autoconfigure.MapperCacheDisabler >> Method: tk.mybatis.mapper.autoconfigure.MapperCacheDisabler.removeStaticCache(MapperCacheDisabler.java:60) ]
INFO:Clear tk.mybatis.mapper.version.VersionUtil CACHE cache.
2021-01-07 22:49:30 下午 [Thread: main][ Class:tk.mybatis.mapper.autoconfigure.MapperCacheDisabler >> Method: tk.mybatis.mapper.autoconfigure.MapperCacheDisabler.removeEntityHelperCache(MapperCacheDisabler.java:83) ]
INFO:Clear EntityHelper entityTableMap cache.
2021-01-07 22:49:30 下午 [Thread: main][ Class:org.springframework.boot.autoconfigure.security.servlet.UserDetailsServiceAutoConfiguration >> Method: org.springframework.boot.autoconfigure.security.servlet.UserDetailsServiceAutoConfiguration.getOrDeducePassword(UserDetailsServiceAutoConfiguration.java:87) ]
INFO:

Using generated security password: a2490b99-b2af-4fbf-bd5e-388245524a67

2021-01-07 22:49:31 下午 [Thread: main][ Class:org.springframework.security.web.DefaultSecurityFilterChain >> Method: org.springframework.security.web.DefaultSecurityFilterChain.<init>(DefaultSecurityFilterChain.java:43) ]
INFO:Creating filter chain: any request, [org.springframework.security.web.context.request.async.WebAsyncManagerIntegrationFilter@6bd7439d, org.springframework.security.web.context.SecurityContextPersistenceFilter@16ea0f22, org.springframework.security.web.header.HeaderWriterFilter@27dbaa33, org.springframework.security.web.authentication.logout.LogoutFilter@720a1fd0, org.springframework.security.web.savedrequest.RequestCacheAwareFilter@6133e20b, org.springframework.security.web.servletapi.SecurityContextHolderAwareRequestFilter@6e93b0e7, org.springframework.security.web.authentication.AnonymousAuthenticationFilter@628ba266, org.springframework.security.web.session.SessionManagementFilter@79f1e22e, org.springframework.security.web.access.ExceptionTranslationFilter@4243341e, org.springframework.security.web.access.intercept.FilterSecurityInterceptor@6182ffef]
2021-01-07 22:49:31 下午 [Thread: main][ Class:org.springframework.scheduling.concurrent.ThreadPoolTaskScheduler >> Method: org.springframework.scheduling.concurrent.ExecutorConfigurationSupport.initialize(ExecutorConfigurationSupport.java:171) ]
INFO:Initializing ExecutorService 'taskScheduler'
2021-01-07 22:49:31 下午 [Thread: main][ Class:springfox.documentation.spring.web.plugins.DocumentationPluginsBootstrapper >> Method: springfox.documentation.spring.web.plugins.DocumentationPluginsBootstrapper.start(DocumentationPluginsBootstrapper.java:160) ]
INFO:Context refreshed
2021-01-07 22:49:31 下午 [Thread: main][ Class:springfox.documentation.spring.web.plugins.DocumentationPluginsBootstrapper >> Method: springfox.documentation.spring.web.plugins.DocumentationPluginsBootstrapper.start(DocumentationPluginsBootstrapper.java:163) ]
INFO:Found 1 custom documentation plugin(s)
2021-01-07 22:49:31 下午 [Thread: main][ Class:springfox.documentation.spring.web.scanners.ApiListingReferenceScanner >> Method: springfox.documentation.spring.web.scanners.ApiListingReferenceScanner.scan(ApiListingReferenceScanner.java:41) ]
INFO:Scanning for api listing references
2021-01-07 22:49:31 下午 [Thread: main][ Class:springfox.documentation.spring.web.readers.operation.CachingOperationNameGenerator >> Method: springfox.documentation.spring.web.readers.operation.CachingOperationNameGenerator.startingWith(CachingOperationNameGenerator.java:40) ]
INFO:Generating unique operation named: delParamByItemIdUsingGET_1
2021-01-07 22:49:31 下午 [Thread: main][ Class:springfox.documentation.spring.web.readers.operation.CachingOperationNameGenerator >> Method: springfox.documentation.spring.web.readers.operation.CachingOperationNameGenerator.startingWith(CachingOperationNameGenerator.java:40) ]
INFO:Generating unique operation named: delParamByItemIdUsingGET_2
2021-01-07 22:49:31 下午 [Thread: main][ Class:springfox.documentation.spring.web.readers.operation.CachingOperationNameGenerator >> Method: springfox.documentation.spring.web.readers.operation.CachingOperationNameGenerator.startingWith(CachingOperationNameGenerator.java:40) ]
INFO:Generating unique operation named: delParamByItemIdUsingGET_3
2021-01-07 22:49:31 下午 [Thread: main][ Class:springfox.documentation.spring.web.readers.operation.CachingOperationNameGenerator >> Method: springfox.documentation.spring.web.readers.operation.CachingOperationNameGenerator.startingWith(CachingOperationNameGenerator.java:40) ]
INFO:Generating unique operation named: renderAllItemsInfoUsingGET_1
2021-01-07 22:49:31 下午 [Thread: main][ Class:springfox.documentation.spring.web.readers.operation.CachingOperationNameGenerator >> Method: springfox.documentation.spring.web.readers.operation.CachingOperationNameGenerator.startingWith(CachingOperationNameGenerator.java:40) ]
INFO:Generating unique operation named: renderAllItemsInfoUsingGET_2
2021-01-07 22:49:31 下午 [Thread: main][ Class:springfox.documentation.spring.web.readers.operation.CachingOperationNameGenerator >> Method: springfox.documentation.spring.web.readers.operation.CachingOperationNameGenerator.startingWith(CachingOperationNameGenerator.java:40) ]
INFO:Generating unique operation named: searchItemsInfoUsingPOST_1
2021-01-07 22:49:31 下午 [Thread: main][ Class:springfox.documentation.spring.web.readers.operation.CachingOperationNameGenerator >> Method: springfox.documentation.spring.web.readers.operation.CachingOperationNameGenerator.startingWith(CachingOperationNameGenerator.java:40) ]
INFO:Generating unique operation named: renderItemsInfoByItemIdUsingGET_1
2021-01-07 22:49:31 下午 [Thread: main][ Class:springfox.documentation.spring.web.readers.operation.CachingOperationNameGenerator >> Method: springfox.documentation.spring.web.readers.operation.CachingOperationNameGenerator.startingWith(CachingOperationNameGenerator.java:40) ]
INFO:Generating unique operation named: delParamByItemIdUsingGET_4
2021-01-07 22:49:31 下午 [Thread: main][ Class:org.springframework.boot.web.embedded.tomcat.TomcatWebServer >> Method: org.springframework.boot.web.embedded.tomcat.TomcatWebServer.start(TomcatWebServer.java:204) ]
INFO:Tomcat started on port(s): 8080 (http) with context path ''
2021-01-07 22:49:31 下午 [Thread: main][ Class:top.chris.shop.ShopMainApplication >> Method: org.springframework.boot.StartupInfoLogger.logStarted(StartupInfoLogger.java:59) ]
INFO:Started ShopMainApplication in 12.373 seconds (JVM running for 14.652)
2021-01-07 22:49:54 下午 [Thread: http-nio-8080-exec-1][ Class:org.springframework.web.servlet.DispatcherServlet >> Method: org.springframework.web.servlet.FrameworkServlet.initServletBean(FrameworkServlet.java:524) ]
INFO:Initializing Servlet 'dispatcherServlet'
2021-01-07 22:49:54 下午 [Thread: http-nio-8080-exec-1][ Class:org.springframework.web.servlet.DispatcherServlet >> Method: org.springframework.web.servlet.FrameworkServlet.initServletBean(FrameworkServlet.java:546) ]
INFO:Completed initialization in 15 ms
2021-01-07 22:49:54 下午 [Thread: http-nio-8080-exec-2][ Class:com.zaxxer.hikari.HikariDataSource >> Method: com.zaxxer.hikari.HikariDataSource.getConnection(HikariDataSource.java:110) ]
INFO:DateSourceHikariCP - Starting...
2021-01-07 22:49:54 下午 [Thread: http-nio-8080-exec-2][ Class:com.zaxxer.hikari.util.DriverDataSource >> Method: com.zaxxer.hikari.util.DriverDataSource.<init>(DriverDataSource.java:68) ]
WARN:Registered driver with driverClassName=com.mysql.jdbc.Driver was not found, trying direct instantiation.
2021-01-07 22:49:54 下午 [Thread: http-nio-8080-exec-2][ Class:com.zaxxer.hikari.HikariDataSource >> Method: com.zaxxer.hikari.HikariDataSource.getConnection(HikariDataSource.java:123) ]
INFO:DateSourceHikariCP - Start completed.
2021-01-07 22:49:54 下午 [Thread: http-nio-8080-exec-1][ Class:top.chris.shop.aspect.LogTimeAspect >> Method: top.chris.shop.aspect.LogTimeAspect.arroundServiceLog(LogTimeAspect.java:31) ]
INFO:------方法top.chris.shop.service.impl.IndexServiceImpl.rendersCats在Thu Jan 07 22:49:54 CST 2021时使用参数[Ljava.lang.Object;@3146649f[{}]调用,并得到了结果[top.chris.shop.pojo.Category@68a2cb77, top.chris.shop.pojo.Category@14d7ff37, top.chris.shop.pojo.Category@b19e2af, top.chris.shop.pojo.Category@9f90dcf, top.chris.shop.pojo.Category@77fe86f4, top.chris.shop.pojo.Category@5c7bf17b, top.chris.shop.pojo.Category@18336cc1, top.chris.shop.pojo.Category@59658d7d, top.chris.shop.pojo.Category@5aaf7983, top.chris.shop.pojo.Category@59dcbb84]，共耗时299毫秒------
2021-01-07 22:50:01 下午 [Thread: http-nio-8080-exec-3][ Class:top.chris.shop.aspect.LogTimeAspect >> Method: top.chris.shop.aspect.LogTimeAspect.arroundServiceLog(LogTimeAspect.java:31) ]
INFO:------方法top.chris.shop.service.impl.IndexServiceImpl.rendersCats在Thu Jan 07 22:50:01 CST 2021时使用参数[Ljava.lang.Object;@3fb9f194[{}]调用,并得到了结果[top.chris.shop.pojo.Category@3a3cb93d, top.chris.shop.pojo.Category@191ef4c, top.chris.shop.pojo.Category@6abdd31b, top.chris.shop.pojo.Category@1af8aa89, top.chris.shop.pojo.Category@45521dba, top.chris.shop.pojo.Category@4b3761d3, top.chris.shop.pojo.Category@4f1646a5, top.chris.shop.pojo.Category@10e5012c, top.chris.shop.pojo.Category@450f7147, top.chris.shop.pojo.Category@35c6b9cc]，共耗时39毫秒------
2021-01-07 22:50:44 下午 [Thread: http-nio-8080-exec-6][ Class:top.chris.shop.aspect.LogTimeAspect >> Method: top.chris.shop.aspect.LogTimeAspect.arroundServiceLog(LogTimeAspect.java:31) ]
INFO:------方法top.chris.shop.service.impl.IndexServiceImpl.rendersCats在Thu Jan 07 22:50:44 CST 2021时使用参数[Ljava.lang.Object;@2ae73e72[{}]调用,并得到了结果[top.chris.shop.pojo.Category@6f46aee9, top.chris.shop.pojo.Category@7e505511, top.chris.shop.pojo.Category@22644aa5, top.chris.shop.pojo.Category@31e3f435, top.chris.shop.pojo.Category@6b083506, top.chris.shop.pojo.Category@178c1dab, top.chris.shop.pojo.Category@17bd4c9d, top.chris.shop.pojo.Category@39515003, top.chris.shop.pojo.Category@13dbe22a, top.chris.shop.pojo.Category@64cdd4bf]，共耗时5毫秒------
2021-01-07 22:50:46 下午 [Thread: http-nio-8080-exec-8][ Class:top.chris.shop.aspect.LogTimeAspect >> Method: top.chris.shop.aspect.LogTimeAspect.arroundServiceLog(LogTimeAspect.java:31) ]
INFO:------方法top.chris.shop.service.impl.IndexServiceImpl.rendersCats在Thu Jan 07 22:50:46 CST 2021时使用参数[Ljava.lang.Object;@21f64128[{}]调用,并得到了结果[top.chris.shop.pojo.Category@7267ce02, top.chris.shop.pojo.Category@a0cb9de, top.chris.shop.pojo.Category@291e655c, top.chris.shop.pojo.Category@3af28e56, top.chris.shop.pojo.Category@762950d4, top.chris.shop.pojo.Category@1904d586, top.chris.shop.pojo.Category@436a777f, top.chris.shop.pojo.Category@6dc4d17a, top.chris.shop.pojo.Category@515793e6, top.chris.shop.pojo.Category@6e40c4af]，共耗时5毫秒------
2021-01-07 22:51:24 下午 [Thread: http-nio-8080-exec-10][ Class:top.chris.shop.aspect.LogTimeAspect >> Method: top.chris.shop.aspect.LogTimeAspect.arroundServiceLog(LogTimeAspect.java:31) ]
INFO:------方法top.chris.shop.service.impl.IndexServiceImpl.rendersCats在Thu Jan 07 22:51:24 CST 2021时使用参数[Ljava.lang.Object;@7304f0cf[{}]调用,并得到了结果[top.chris.shop.pojo.Category@5b3d8f3d, top.chris.shop.pojo.Category@2f560bd4, top.chris.shop.pojo.Category@3cd61326, top.chris.shop.pojo.Category@68001efb, top.chris.shop.pojo.Category@5f7330a1, top.chris.shop.pojo.Category@40649830, top.chris.shop.pojo.Category@4ca7fc39, top.chris.shop.pojo.Category@2438d490, top.chris.shop.pojo.Category@62080e8e, top.chris.shop.pojo.Category@6c9bfe7]，共耗时4毫秒------
2021-01-07 22:51:26 下午 [Thread: http-nio-8080-exec-2][ Class:top.chris.shop.aspect.LogTimeAspect >> Method: top.chris.shop.aspect.LogTimeAspect.arroundServiceLog(LogTimeAspect.java:31) ]
INFO:------方法top.chris.shop.service.impl.IndexServiceImpl.rendersCats在Thu Jan 07 22:51:26 CST 2021时使用参数[Ljava.lang.Object;@7479fafa[{}]调用,并得到了结果[top.chris.shop.pojo.Category@3e537801, top.chris.shop.pojo.Category@56ef5377, top.chris.shop.pojo.Category@7a27ac5f, top.chris.shop.pojo.Category@413227cb, top.chris.shop.pojo.Category@6484dc9c, top.chris.shop.pojo.Category@485c5f90, top.chris.shop.pojo.Category@f5e4790, top.chris.shop.pojo.Category@5f0235cf, top.chris.shop.pojo.Category@1da0628f, top.chris.shop.pojo.Category@37aa0e74]，共耗时6毫秒------
2021-01-07 22:51:29 下午 [Thread: http-nio-8080-exec-4][ Class:top.chris.shop.aspect.LogTimeAspect >> Method: top.chris.shop.aspect.LogTimeAspect.arroundServiceLog(LogTimeAspect.java:31) ]
INFO:------方法top.chris.shop.service.impl.IndexServiceImpl.rendersCats在Thu Jan 07 22:51:29 CST 2021时使用参数[Ljava.lang.Object;@1134d7af[{}]调用,并得到了结果[top.chris.shop.pojo.Category@6eadaed7, top.chris.shop.pojo.Category@5c30a0f1, top.chris.shop.pojo.Category@3679671, top.chris.shop.pojo.Category@3459a01d, top.chris.shop.pojo.Category@37016b57, top.chris.shop.pojo.Category@6e6f626e, top.chris.shop.pojo.Category@5104b5cc, top.chris.shop.pojo.Category@28a4aeb9, top.chris.shop.pojo.Category@14433329, top.chris.shop.pojo.Category@1aa5fdd]，共耗时2毫秒------
2021-01-07 22:51:32 下午 [Thread: http-nio-8080-exec-6][ Class:top.chris.shop.aspect.LogTimeAspect >> Method: top.chris.shop.aspect.LogTimeAspect.arroundServiceLog(LogTimeAspect.java:31) ]
INFO:------方法top.chris.shop.service.impl.IndexServiceImpl.rendersCats在Thu Jan 07 22:51:32 CST 2021时使用参数[Ljava.lang.Object;@476dd821[{}]调用,并得到了结果[top.chris.shop.pojo.Category@5341f2b4, top.chris.shop.pojo.Category@3b0ab892, top.chris.shop.pojo.Category@3829f4b4, top.chris.shop.pojo.Category@112c8f40, top.chris.shop.pojo.Category@4da41b83, top.chris.shop.pojo.Category@2304e48d, top.chris.shop.pojo.Category@54ff280d, top.chris.shop.pojo.Category@215ceb5d, top.chris.shop.pojo.Category@4cc994f6, top.chris.shop.pojo.Category@486d216e]，共耗时2毫秒------
2021-01-07 22:52:31 下午 [Thread: http-nio-8080-exec-8][ Class:top.chris.shop.aspect.LogTimeAspect >> Method: top.chris.shop.aspect.LogTimeAspect.arroundServiceLog(LogTimeAspect.java:31) ]
INFO:------方法top.chris.shop.service.impl.IndexServiceImpl.rendersCats在Thu Jan 07 22:52:31 CST 2021时使用参数[Ljava.lang.Object;@4eee136[{}]调用,并得到了结果[top.chris.shop.pojo.Category@5f561b6c, top.chris.shop.pojo.Category@a8a7c80, top.chris.shop.pojo.Category@3cccc22b, top.chris.shop.pojo.Category@4fd863d5, top.chris.shop.pojo.Category@203a9c39, top.chris.shop.pojo.Category@790d8ac2, top.chris.shop.pojo.Category@230ac252, top.chris.shop.pojo.Category@2f40db2d, top.chris.shop.pojo.Category@5b6f51a8, top.chris.shop.pojo.Category@4e218b9d]，共耗时3毫秒------
2021-01-07 22:52:33 下午 [Thread: http-nio-8080-exec-10][ Class:top.chris.shop.aspect.LogTimeAspect >> Method: top.chris.shop.aspect.LogTimeAspect.arroundServiceLog(LogTimeAspect.java:31) ]
INFO:------方法top.chris.shop.service.impl.IndexServiceImpl.rendersCats在Thu Jan 07 22:52:33 CST 2021时使用参数[Ljava.lang.Object;@3fab2dda[{}]调用,并得到了结果[top.chris.shop.pojo.Category@4c9d5b18, top.chris.shop.pojo.Category@1e7107c1, top.chris.shop.pojo.Category@37c84954, top.chris.shop.pojo.Category@516b678a, top.chris.shop.pojo.Category@7708a324, top.chris.shop.pojo.Category@61d1fd0b, top.chris.shop.pojo.Category@14a69a8c, top.chris.shop.pojo.Category@1e7be8a5, top.chris.shop.pojo.Category@2cd879cd, top.chris.shop.pojo.Category@420ff0f8]，共耗时3毫秒------
2021-01-07 22:52:33 下午 [Thread: http-nio-8080-exec-2][ Class:top.chris.shop.aspect.LogTimeAspect >> Method: top.chris.shop.aspect.LogTimeAspect.arroundServiceLog(LogTimeAspect.java:31) ]
INFO:------方法top.chris.shop.service.impl.IndexServiceImpl.rendersCats在Thu Jan 07 22:52:33 CST 2021时使用参数[Ljava.lang.Object;@516ecdfa[{}]调用,并得到了结果[top.chris.shop.pojo.Category@30b03710, top.chris.shop.pojo.Category@549ce7f3, top.chris.shop.pojo.Category@30edf74, top.chris.shop.pojo.Category@24a8d3f2, top.chris.shop.pojo.Category@159168c0, top.chris.shop.pojo.Category@2681b6fe, top.chris.shop.pojo.Category@53812825, top.chris.shop.pojo.Category@31d456e4, top.chris.shop.pojo.Category@2f9def76, top.chris.shop.pojo.Category@4008a3d]，共耗时3毫秒------
2021-01-07 22:52:33 下午 [Thread: http-nio-8080-exec-9][ Class:top.chris.shop.aspect.LogTimeAspect >> Method: top.chris.shop.aspect.LogTimeAspect.arroundServiceLog(LogTimeAspect.java:31) ]
INFO:------方法top.chris.shop.service.impl.IndexServiceImpl.rendersAllSubCats在Thu Jan 07 22:52:33 CST 2021时使用参数[Ljava.lang.Object;@233a6ff2[{}]调用,并得到了结果[top.chris.shop.pojo.Category@5e7ef602, top.chris.shop.pojo.Category@11661080, top.chris.shop.pojo.Category@56fc7953, top.chris.shop.pojo.Category@26c9c981, top.chris.shop.pojo.Category@f2ee5bc, top.chris.shop.pojo.Category@2eed16c9, top.chris.shop.pojo.Category@1b6ec4a6, top.chris.shop.pojo.Category@7383938b, top.chris.shop.pojo.Category@bf88b42, top.chris.shop.pojo.Category@4de59faa, top.chris.shop.pojo.Category@20433944, top.chris.shop.pojo.Category@4fb3e90c, top.chris.shop.pojo.Category@5ec923, top.chris.shop.pojo.Category@61a70e4d, top.chris.shop.pojo.Category@58179224, top.chris.shop.pojo.Category@8bceba3, top.chris.shop.pojo.Category@7edd2c46, top.chris.shop.pojo.Category@275190b6, top.chris.shop.pojo.Category@4333a0ca, top.chris.shop.pojo.Category@2c3daafc, top.chris.shop.pojo.Category@3b150c21, top.chris.shop.pojo.Category@106aefd5, top.chris.shop.pojo.Category@4e0128e2, top.chris.shop.pojo.Category@faa0194, top.chris.shop.pojo.Category@1ccd6044]，共耗时77毫秒------
2021-01-07 22:55:09 下午 [Thread: http-nio-8080-exec-7][ Class:top.chris.shop.aspect.LogTimeAspect >> Method: top.chris.shop.aspect.LogTimeAspect.arroundServiceLog(LogTimeAspect.java:31) ]
INFO:------方法top.chris.shop.service.impl.IndexServiceImpl.rendersCats在Thu Jan 07 22:55:09 CST 2021时使用参数[Ljava.lang.Object;@1914a93[{}]调用,并得到了结果[top.chris.shop.pojo.Category@35c05b41, top.chris.shop.pojo.Category@3b7aca49, top.chris.shop.pojo.Category@5ae3b42c, top.chris.shop.pojo.Category@51ada831, top.chris.shop.pojo.Category@6600fb16, top.chris.shop.pojo.Category@b455d1d, top.chris.shop.pojo.Category@4c40ca8d, top.chris.shop.pojo.Category@70100f14, top.chris.shop.pojo.Category@11a9824b, top.chris.shop.pojo.Category@302588d6]，共耗时3毫秒------
2021-01-07 22:55:51 下午 [Thread: http-nio-8080-exec-1][ Class:top.chris.shop.aspect.LogTimeAspect >> Method: top.chris.shop.aspect.LogTimeAspect.arroundServiceLog(LogTimeAspect.java:31) ]
INFO:------方法top.chris.shop.service.impl.IndexServiceImpl.rendersCats在Thu Jan 07 22:55:51 CST 2021时使用参数[Ljava.lang.Object;@5e196ed4[{}]调用,并得到了结果[top.chris.shop.pojo.Category@67cfa923, top.chris.shop.pojo.Category@bdf6168, top.chris.shop.pojo.Category@43df085c, top.chris.shop.pojo.Category@56a5a13d, top.chris.shop.pojo.Category@4c399c7b, top.chris.shop.pojo.Category@3c9d60b5, top.chris.shop.pojo.Category@7bb1292, top.chris.shop.pojo.Category@7c6ce711, top.chris.shop.pojo.Category@7c3666a3, top.chris.shop.pojo.Category@2b793958]，共耗时3毫秒------
2021-01-07 22:55:53 下午 [Thread: http-nio-8080-exec-10][ Class:top.chris.shop.aspect.LogTimeAspect >> Method: top.chris.shop.aspect.LogTimeAspect.arroundServiceLog(LogTimeAspect.java:31) ]
INFO:------方法top.chris.shop.service.impl.IndexServiceImpl.rendersCats在Thu Jan 07 22:55:53 CST 2021时使用参数[Ljava.lang.Object;@5c8b08f2[{}]调用,并得到了结果[top.chris.shop.pojo.Category@98064a4, top.chris.shop.pojo.Category@23228e1, top.chris.shop.pojo.Category@4b34b05b, top.chris.shop.pojo.Category@4f7ced57, top.chris.shop.pojo.Category@45531558, top.chris.shop.pojo.Category@56b54833, top.chris.shop.pojo.Category@38ed8cd6, top.chris.shop.pojo.Category@10d3c8c9, top.chris.shop.pojo.Category@4df7e65e, top.chris.shop.pojo.Category@317fdb03]，共耗时2毫秒------
2021-01-07 22:55:53 下午 [Thread: http-nio-8080-exec-2][ Class:top.chris.shop.aspect.LogTimeAspect >> Method: top.chris.shop.aspect.LogTimeAspect.arroundServiceLog(LogTimeAspect.java:31) ]
INFO:------方法top.chris.shop.service.impl.IndexServiceImpl.rendersAllSubCats在Thu Jan 07 22:55:53 CST 2021时使用参数[Ljava.lang.Object;@7408b2f4[{}]调用,并得到了结果[top.chris.shop.pojo.Category@17439ac0, top.chris.shop.pojo.Category@6a790c61, top.chris.shop.pojo.Category@1296f5b9, top.chris.shop.pojo.Category@23387a0d, top.chris.shop.pojo.Category@28a67130, top.chris.shop.pojo.Category@a9e6a41, top.chris.shop.pojo.Category@2f006d96, top.chris.shop.pojo.Category@4f088269, top.chris.shop.pojo.Category@543c5549, top.chris.shop.pojo.Category@2d09f1ed, top.chris.shop.pojo.Category@1c95507, top.chris.shop.pojo.Category@ad9849d, top.chris.shop.pojo.Category@3cf90e92, top.chris.shop.pojo.Category@5e9d0679, top.chris.shop.pojo.Category@15b701c0, top.chris.shop.pojo.Category@538c9287, top.chris.shop.pojo.Category@27759bfa, top.chris.shop.pojo.Category@116defa3, top.chris.shop.pojo.Category@3c79554f, top.chris.shop.pojo.Category@bd6f0ed, top.chris.shop.pojo.Category@771026, top.chris.shop.pojo.Category@7e19f77c, top.chris.shop.pojo.Category@8bc06dd, top.chris.shop.pojo.Category@3451cebf, top.chris.shop.pojo.Category@c1f0e33]，共耗时4毫秒------
2021-01-07 22:55:53 下午 [Thread: http-nio-8080-exec-2][ Class:top.chris.shop.aspect.LogTimeAspect >> Method: top.chris.shop.aspect.LogTimeAspect.arroundServiceLog(LogTimeAspect.java:31) ]
INFO:------方法top.chris.shop.service.impl.IndexServiceImpl.rendersCats在Thu Jan 07 22:55:53 CST 2021时使用参数[Ljava.lang.Object;@60ef2257[{}]调用,并得到了结果[top.chris.shop.pojo.Category@9fd6c9e, top.chris.shop.pojo.Category@43fca293, top.chris.shop.pojo.Category@446ca291, top.chris.shop.pojo.Category@5d88cdd1, top.chris.shop.pojo.Category@3f73c362, top.chris.shop.pojo.Category@193d1625, top.chris.shop.pojo.Category@386457b9, top.chris.shop.pojo.Category@2399e321, top.chris.shop.pojo.Category@2504ce3, top.chris.shop.pojo.Category@73adfeb2]，共耗时1毫秒------
2021-01-07 22:56:43 下午 [Thread: http-nio-8080-exec-6][ Class:top.chris.shop.aspect.LogTimeAspect >> Method: top.chris.shop.aspect.LogTimeAspect.arroundServiceLog(LogTimeAspect.java:31) ]
INFO:------方法top.chris.shop.service.impl.IndexServiceImpl.rendersCats在Thu Jan 07 22:56:43 CST 2021时使用参数[Ljava.lang.Object;@5c1afd15[{}]调用,并得到了结果[top.chris.shop.pojo.Category@1f054800, top.chris.shop.pojo.Category@2292ef4a, top.chris.shop.pojo.Category@5ceef511, top.chris.shop.pojo.Category@571759cc, top.chris.shop.pojo.Category@62675e66, top.chris.shop.pojo.Category@573a05df, top.chris.shop.pojo.Category@7c572454, top.chris.shop.pojo.Category@1163db2b, top.chris.shop.pojo.Category@49af230f, top.chris.shop.pojo.Category@4ebcc318]，共耗时2毫秒------
2021-01-07 22:56:45 下午 [Thread: http-nio-8080-exec-7][ Class:top.chris.shop.aspect.LogTimeAspect >> Method: top.chris.shop.aspect.LogTimeAspect.arroundServiceLog(LogTimeAspect.java:31) ]
INFO:------方法top.chris.shop.service.impl.IndexServiceImpl.rendersCats在Thu Jan 07 22:56:45 CST 2021时使用参数[Ljava.lang.Object;@6eb5e73[{}]调用,并得到了结果[top.chris.shop.pojo.Category@1b822b75, top.chris.shop.pojo.Category@5a029d69, top.chris.shop.pojo.Category@3ce65ec6, top.chris.shop.pojo.Category@60a287ef, top.chris.shop.pojo.Category@6a71d10d, top.chris.shop.pojo.Category@2456e0ff, top.chris.shop.pojo.Category@2a488add, top.chris.shop.pojo.Category@5ea1fd84, top.chris.shop.pojo.Category@3abca6e4, top.chris.shop.pojo.Category@29fee854]，共耗时2毫秒------
2021-01-07 22:56:45 下午 [Thread: http-nio-8080-exec-5][ Class:top.chris.shop.aspect.LogTimeAspect >> Method: top.chris.shop.aspect.LogTimeAspect.arroundServiceLog(LogTimeAspect.java:31) ]
INFO:------方法top.chris.shop.service.impl.IndexServiceImpl.rendersAllSubCats在Thu Jan 07 22:56:45 CST 2021时使用参数[Ljava.lang.Object;@76611b55[{}]调用,并得到了结果[top.chris.shop.pojo.Category@2fd563dc, top.chris.shop.pojo.Category@5f8764de, top.chris.shop.pojo.Category@7c801e20, top.chris.shop.pojo.Category@2450956, top.chris.shop.pojo.Category@68a5141, top.chris.shop.pojo.Category@62cf74da, top.chris.shop.pojo.Category@1e4217bd, top.chris.shop.pojo.Category@34e7b29a, top.chris.shop.pojo.Category@6033ed1e, top.chris.shop.pojo.Category@79433c66, top.chris.shop.pojo.Category@7732230c, top.chris.shop.pojo.Category@7e483c12, top.chris.shop.pojo.Category@16c75d8, top.chris.shop.pojo.Category@612cd99f, top.chris.shop.pojo.Category@7e0acf5, top.chris.shop.pojo.Category@3877a8b7, top.chris.shop.pojo.Category@5ad7d8d4, top.chris.shop.pojo.Category@5db01230, top.chris.shop.pojo.Category@5f358a77, top.chris.shop.pojo.Category@5a82b336, top.chris.shop.pojo.Category@3e77d1ca, top.chris.shop.pojo.Category@630b75a6, top.chris.shop.pojo.Category@101e3d82, top.chris.shop.pojo.Category@5f4a37b4, top.chris.shop.pojo.Category@5fb35416]，共耗时6毫秒------
2021-01-07 22:56:45 下午 [Thread: http-nio-8080-exec-8][ Class:top.chris.shop.aspect.LogTimeAspect >> Method: top.chris.shop.aspect.LogTimeAspect.arroundServiceLog(LogTimeAspect.java:31) ]
INFO:------方法top.chris.shop.service.impl.IndexServiceImpl.rendersCats在Thu Jan 07 22:56:45 CST 2021时使用参数[Ljava.lang.Object;@2e0a1037[{}]调用,并得到了结果[top.chris.shop.pojo.Category@7a95e163, top.chris.shop.pojo.Category@99bcad0, top.chris.shop.pojo.Category@7d49603c, top.chris.shop.pojo.Category@33c4c0a, top.chris.shop.pojo.Category@56f73bf7, top.chris.shop.pojo.Category@1eda6b3, top.chris.shop.pojo.Category@37936e32, top.chris.shop.pojo.Category@56ae28d6, top.chris.shop.pojo.Category@39e98977, top.chris.shop.pojo.Category@555d68c7]，共耗时17毫秒------
2021-01-07 22:57:19 下午 [Thread: http-nio-8080-exec-2][ Class:top.chris.shop.aspect.LogTimeAspect >> Method: top.chris.shop.aspect.LogTimeAspect.arroundServiceLog(LogTimeAspect.java:31) ]
INFO:------方法top.chris.shop.service.impl.IndexServiceImpl.rendersCats在Thu Jan 07 22:57:19 CST 2021时使用参数[Ljava.lang.Object;@16a503ca[{}]调用,并得到了结果[top.chris.shop.pojo.Category@3e2097a4, top.chris.shop.pojo.Category@2b6f87d6, top.chris.shop.pojo.Category@d758f80, top.chris.shop.pojo.Category@33f066b7, top.chris.shop.pojo.Category@9d74ada, top.chris.shop.pojo.Category@5ed13d01, top.chris.shop.pojo.Category@7f79a0d4, top.chris.shop.pojo.Category@4f0cb452, top.chris.shop.pojo.Category@7cbeb6f3, top.chris.shop.pojo.Category@2bd0a550]，共耗时2毫秒------
2021-01-07 22:57:21 下午 [Thread: http-nio-8080-exec-9][ Class:top.chris.shop.aspect.LogTimeAspect >> Method: top.chris.shop.aspect.LogTimeAspect.arroundServiceLog(LogTimeAspect.java:31) ]
INFO:------方法top.chris.shop.service.impl.IndexServiceImpl.rendersCats在Thu Jan 07 22:57:21 CST 2021时使用参数[Ljava.lang.Object;@1b3ac15c[{}]调用,并得到了结果[top.chris.shop.pojo.Category@d887647, top.chris.shop.pojo.Category@327e0628, top.chris.shop.pojo.Category@4cd98920, top.chris.shop.pojo.Category@12481c6, top.chris.shop.pojo.Category@4fd0f5eb, top.chris.shop.pojo.Category@d5de57f, top.chris.shop.pojo.Category@dcdfd7d, top.chris.shop.pojo.Category@28c267b3, top.chris.shop.pojo.Category@60f5b0ed, top.chris.shop.pojo.Category@261d791]，共耗时3毫秒------
2021-01-07 22:57:21 下午 [Thread: http-nio-8080-exec-3][ Class:top.chris.shop.aspect.LogTimeAspect >> Method: top.chris.shop.aspect.LogTimeAspect.arroundServiceLog(LogTimeAspect.java:31) ]
INFO:------方法top.chris.shop.service.impl.IndexServiceImpl.rendersAllSubCats在Thu Jan 07 22:57:21 CST 2021时使用参数[Ljava.lang.Object;@70aa7173[{}]调用,并得到了结果[top.chris.shop.pojo.Category@69d4c2e3, top.chris.shop.pojo.Category@691e741, top.chris.shop.pojo.Category@44928488, top.chris.shop.pojo.Category@67905480, top.chris.shop.pojo.Category@281c514b, top.chris.shop.pojo.Category@213e00e6, top.chris.shop.pojo.Category@71d8768d, top.chris.shop.pojo.Category@14891862, top.chris.shop.pojo.Category@5e5585b1, top.chris.shop.pojo.Category@fbd87ad, top.chris.shop.pojo.Category@3d63e4c9, top.chris.shop.pojo.Category@6175a10f, top.chris.shop.pojo.Category@13ffd89d, top.chris.shop.pojo.Category@701ca5a0, top.chris.shop.pojo.Category@527b52c6, top.chris.shop.pojo.Category@1ecaec5f, top.chris.shop.pojo.Category@739ce42b, top.chris.shop.pojo.Category@66b87e5d, top.chris.shop.pojo.Category@6e5dfd2e, top.chris.shop.pojo.Category@27bc4cae, top.chris.shop.pojo.Category@339549ce, top.chris.shop.pojo.Category@167a8377, top.chris.shop.pojo.Category@174fb81b, top.chris.shop.pojo.Category@52534f60, top.chris.shop.pojo.Category@4b91a7dd]，共耗时5毫秒------
2021-01-07 22:57:21 下午 [Thread: http-nio-8080-exec-7][ Class:top.chris.shop.aspect.LogTimeAspect >> Method: top.chris.shop.aspect.LogTimeAspect.arroundServiceLog(LogTimeAspect.java:31) ]
INFO:------方法top.chris.shop.service.impl.IndexServiceImpl.rendersCats在Thu Jan 07 22:57:21 CST 2021时使用参数[Ljava.lang.Object;@22487c6e[{}]调用,并得到了结果[top.chris.shop.pojo.Category@5bc1fe0d, top.chris.shop.pojo.Category@6b8aa5b6, top.chris.shop.pojo.Category@7544682e, top.chris.shop.pojo.Category@148ed1e4, top.chris.shop.pojo.Category@406b64ee, top.chris.shop.pojo.Category@7e72de40, top.chris.shop.pojo.Category@28a1dcb8, top.chris.shop.pojo.Category@4a4229b9, top.chris.shop.pojo.Category@5115680b, top.chris.shop.pojo.Category@39fd2cb7]，共耗时2毫秒------
2021-01-07 22:57:34 下午 [Thread: http-nio-8080-exec-8][ Class:top.chris.shop.aspect.LogTimeAspect >> Method: top.chris.shop.aspect.LogTimeAspect.arroundServiceLog(LogTimeAspect.java:31) ]
INFO:------方法top.chris.shop.service.impl.IndexServiceImpl.rendersCats在Thu Jan 07 22:57:34 CST 2021时使用参数[Ljava.lang.Object;@3e70a9fc[{}]调用,并得到了结果[top.chris.shop.pojo.Category@5d80d26a, top.chris.shop.pojo.Category@7861302b, top.chris.shop.pojo.Category@2d93d63, top.chris.shop.pojo.Category@39dd5b8d, top.chris.shop.pojo.Category@6215dd5e, top.chris.shop.pojo.Category@1304595f, top.chris.shop.pojo.Category@587d5c79, top.chris.shop.pojo.Category@b2f75c8, top.chris.shop.pojo.Category@471cb6de, top.chris.shop.pojo.Category@7663d1c3]，共耗时4毫秒------
2021-01-07 22:57:34 下午 [Thread: http-nio-8080-exec-1][ Class:top.chris.shop.aspect.LogTimeAspect >> Method: top.chris.shop.aspect.LogTimeAspect.arroundServiceLog(LogTimeAspect.java:31) ]
INFO:------方法top.chris.shop.service.impl.IndexServiceImpl.rendersCats在Thu Jan 07 22:57:34 CST 2021时使用参数[Ljava.lang.Object;@467e26cd[{}]调用,并得到了结果[top.chris.shop.pojo.Category@196a415, top.chris.shop.pojo.Category@67c7af56, top.chris.shop.pojo.Category@424daeb, top.chris.shop.pojo.Category@33dbdcec, top.chris.shop.pojo.Category@759708e, top.chris.shop.pojo.Category@5d3ec22c, top.chris.shop.pojo.Category@7fefb8e2, top.chris.shop.pojo.Category@12be374f, top.chris.shop.pojo.Category@5e2fe896, top.chris.shop.pojo.Category@75ab6edd]，共耗时3毫秒------
2021-01-07 22:57:34 下午 [Thread: http-nio-8080-exec-10][ Class:top.chris.shop.aspect.LogTimeAspect >> Method: top.chris.shop.aspect.LogTimeAspect.arroundServiceLog(LogTimeAspect.java:31) ]
INFO:------方法top.chris.shop.service.impl.IndexServiceImpl.rendersAllSubCats在Thu Jan 07 22:57:34 CST 2021时使用参数[Ljava.lang.Object;@3074fcb5[{}]调用,并得到了结果[top.chris.shop.pojo.Category@e6632b, top.chris.shop.pojo.Category@7cfe8abe, top.chris.shop.pojo.Category@c3dd426, top.chris.shop.pojo.Category@1bbb1040, top.chris.shop.pojo.Category@2877d727, top.chris.shop.pojo.Category@205403ed, top.chris.shop.pojo.Category@422a6f25, top.chris.shop.pojo.Category@1d04e30, top.chris.shop.pojo.Category@17887fc2, top.chris.shop.pojo.Category@17c35db5, top.chris.shop.pojo.Category@6814b2f, top.chris.shop.pojo.Category@5232401, top.chris.shop.pojo.Category@51013d08, top.chris.shop.pojo.Category@5c22ec68, top.chris.shop.pojo.Category@50f60cf0, top.chris.shop.pojo.Category@4ce929c3, top.chris.shop.pojo.Category@1458b42b, top.chris.shop.pojo.Category@5f525b64, top.chris.shop.pojo.Category@3f234df2, top.chris.shop.pojo.Category@3a81cce4, top.chris.shop.pojo.Category@6ba9ce73, top.chris.shop.pojo.Category@26ed3119, top.chris.shop.pojo.Category@304b4eb, top.chris.shop.pojo.Category@3756be83, top.chris.shop.pojo.Category@12a9244c]，共耗时3毫秒------
2021-01-07 22:57:34 下午 [Thread: http-nio-8080-exec-2][ Class:top.chris.shop.aspect.LogTimeAspect >> Method: top.chris.shop.aspect.LogTimeAspect.arroundServiceLog(LogTimeAspect.java:31) ]
INFO:------方法top.chris.shop.service.impl.IndexServiceImpl.rendersCats在Thu Jan 07 22:57:34 CST 2021时使用参数[Ljava.lang.Object;@1a0dcea5[{}]调用,并得到了结果[top.chris.shop.pojo.Category@6bddb32e, top.chris.shop.pojo.Category@12102dd1, top.chris.shop.pojo.Category@366fccc0, top.chris.shop.pojo.Category@4263544e, top.chris.shop.pojo.Category@44a1dbef, top.chris.shop.pojo.Category@57cc180f, top.chris.shop.pojo.Category@1f8dc7fa, top.chris.shop.pojo.Category@47143161, top.chris.shop.pojo.Category@da0f4cf, top.chris.shop.pojo.Category@3a1b9914]，共耗时3毫秒------
2021-01-07 22:58:26 下午 [Thread: http-nio-8080-exec-9][ Class:top.chris.shop.aspect.LogTimeAspect >> Method: top.chris.shop.aspect.LogTimeAspect.arroundServiceLog(LogTimeAspect.java:31) ]
INFO:------方法top.chris.shop.service.impl.IndexServiceImpl.rendersCats在Thu Jan 07 22:58:26 CST 2021时使用参数[Ljava.lang.Object;@6545c027[{}]调用,并得到了结果[top.chris.shop.pojo.Category@1635f6f, top.chris.shop.pojo.Category@54c66184, top.chris.shop.pojo.Category@4032418a, top.chris.shop.pojo.Category@b3de553, top.chris.shop.pojo.Category@103e4b7c, top.chris.shop.pojo.Category@7713c2be, top.chris.shop.pojo.Category@257ff3c7, top.chris.shop.pojo.Category@410c8d46, top.chris.shop.pojo.Category@238b5bb0, top.chris.shop.pojo.Category@4ae46b4d]，共耗时2毫秒------
2021-01-07 22:58:29 下午 [Thread: http-nio-8080-exec-6][ Class:top.chris.shop.aspect.LogTimeAspect >> Method: top.chris.shop.aspect.LogTimeAspect.arroundServiceLog(LogTimeAspect.java:31) ]
INFO:------方法top.chris.shop.service.impl.IndexServiceImpl.rendersCats在Thu Jan 07 22:58:29 CST 2021时使用参数[Ljava.lang.Object;@63849bdd[{}]调用,并得到了结果[top.chris.shop.pojo.Category@83acc4a, top.chris.shop.pojo.Category@2ff9705e, top.chris.shop.pojo.Category@4c0717f0, top.chris.shop.pojo.Category@b1a37de, top.chris.shop.pojo.Category@551cf26b, top.chris.shop.pojo.Category@31830316, top.chris.shop.pojo.Category@454f3a41, top.chris.shop.pojo.Category@1f3141f1, top.chris.shop.pojo.Category@2d0c67d6, top.chris.shop.pojo.Category@43e5ad2]，共耗时3毫秒------
2021-01-07 22:58:29 下午 [Thread: http-nio-8080-exec-7][ Class:top.chris.shop.aspect.LogTimeAspect >> Method: top.chris.shop.aspect.LogTimeAspect.arroundServiceLog(LogTimeAspect.java:31) ]
INFO:------方法top.chris.shop.service.impl.IndexServiceImpl.rendersAllSubCats在Thu Jan 07 22:58:29 CST 2021时使用参数[Ljava.lang.Object;@12e96848[{}]调用,并得到了结果[top.chris.shop.pojo.Category@b0dcc7b, top.chris.shop.pojo.Category@26e8fe8, top.chris.shop.pojo.Category@7bd830f5, top.chris.shop.pojo.Category@222abcee, top.chris.shop.pojo.Category@4721c2c4, top.chris.shop.pojo.Category@31461407, top.chris.shop.pojo.Category@ba3d542, top.chris.shop.pojo.Category@7c19c514, top.chris.shop.pojo.Category@35670fb1, top.chris.shop.pojo.Category@3480d336, top.chris.shop.pojo.Category@211c0921, top.chris.shop.pojo.Category@131f5973, top.chris.shop.pojo.Category@1e88c626, top.chris.shop.pojo.Category@2c23afa2, top.chris.shop.pojo.Category@6db7fe06, top.chris.shop.pojo.Category@48af602, top.chris.shop.pojo.Category@5cebb943, top.chris.shop.pojo.Category@6d8443c3, top.chris.shop.pojo.Category@3f91d7bb, top.chris.shop.pojo.Category@6cf81cad, top.chris.shop.pojo.Category@6d5881d0, top.chris.shop.pojo.Category@220d4de3, top.chris.shop.pojo.Category@13107a16, top.chris.shop.pojo.Category@3f2101ad, top.chris.shop.pojo.Category@16de4198]，共耗时6毫秒------
2021-01-07 22:58:29 下午 [Thread: http-nio-8080-exec-8][ Class:top.chris.shop.aspect.LogTimeAspect >> Method: top.chris.shop.aspect.LogTimeAspect.arroundServiceLog(LogTimeAspect.java:31) ]
INFO:------方法top.chris.shop.service.impl.IndexServiceImpl.rendersCats在Thu Jan 07 22:58:29 CST 2021时使用参数[Ljava.lang.Object;@3dc3cf6[{}]调用,并得到了结果[top.chris.shop.pojo.Category@21545dcf, top.chris.shop.pojo.Category@42ae5dad, top.chris.shop.pojo.Category@4ab2fe63, top.chris.shop.pojo.Category@286b404f, top.chris.shop.pojo.Category@2b52caa8, top.chris.shop.pojo.Category@1ba1b95a, top.chris.shop.pojo.Category@463d0dab, top.chris.shop.pojo.Category@34a6541b, top.chris.shop.pojo.Category@91ccfad, top.chris.shop.pojo.Category@1fe1ccbd]，共耗时3毫秒------
2021-01-07 22:58:34 下午 [Thread: http-nio-8080-exec-10][ Class:top.chris.shop.aspect.LogTimeAspect >> Method: top.chris.shop.aspect.LogTimeAspect.arroundServiceLog(LogTimeAspect.java:31) ]
INFO:------方法top.chris.shop.service.impl.IndexServiceImpl.rendersCats在Thu Jan 07 22:58:34 CST 2021时使用参数[Ljava.lang.Object;@609a5793[{}]调用,并得到了结果[top.chris.shop.pojo.Category@73d609ba, top.chris.shop.pojo.Category@179dda5, top.chris.shop.pojo.Category@78558975, top.chris.shop.pojo.Category@4a416f23, top.chris.shop.pojo.Category@9992408, top.chris.shop.pojo.Category@46c2446b, top.chris.shop.pojo.Category@120863e7, top.chris.shop.pojo.Category@53712ef2, top.chris.shop.pojo.Category@1308f9f0, top.chris.shop.pojo.Category@473d16e6]，共耗时3毫秒------
2021-01-07 22:58:34 下午 [Thread: http-nio-8080-exec-1][ Class:top.chris.shop.aspect.LogTimeAspect >> Method: top.chris.shop.aspect.LogTimeAspect.arroundServiceLog(LogTimeAspect.java:31) ]
INFO:------方法top.chris.shop.service.impl.IndexServiceImpl.rendersAllSubCats在Thu Jan 07 22:58:34 CST 2021时使用参数[Ljava.lang.Object;@63a73ac7[{}]调用,并得到了结果[top.chris.shop.pojo.Category@42ce4b54, top.chris.shop.pojo.Category@1317df89, top.chris.shop.pojo.Category@7666703c, top.chris.shop.pojo.Category@2c4d0d35, top.chris.shop.pojo.Category@1ce97703, top.chris.shop.pojo.Category@31af0880, top.chris.shop.pojo.Category@740d6919, top.chris.shop.pojo.Category@306df608, top.chris.shop.pojo.Category@676bde69, top.chris.shop.pojo.Category@2e49210c, top.chris.shop.pojo.Category@3193c07d, top.chris.shop.pojo.Category@6e91bdf1, top.chris.shop.pojo.Category@57b0bedc, top.chris.shop.pojo.Category@3096a467, top.chris.shop.pojo.Category@1f290a20, top.chris.shop.pojo.Category@7cb45201, top.chris.shop.pojo.Category@2ea04515, top.chris.shop.pojo.Category@2b10693a, top.chris.shop.pojo.Category@7cbf1e72, top.chris.shop.pojo.Category@22457fbe, top.chris.shop.pojo.Category@ee11e0e, top.chris.shop.pojo.Category@2610ff51, top.chris.shop.pojo.Category@2258296f, top.chris.shop.pojo.Category@2be90a15, top.chris.shop.pojo.Category@2dfe6008]，共耗时18毫秒------
2021-01-07 22:58:34 下午 [Thread: http-nio-8080-exec-2][ Class:top.chris.shop.aspect.LogTimeAspect >> Method: top.chris.shop.aspect.LogTimeAspect.arroundServiceLog(LogTimeAspect.java:31) ]
INFO:------方法top.chris.shop.service.impl.IndexServiceImpl.rendersCats在Thu Jan 07 22:58:34 CST 2021时使用参数[Ljava.lang.Object;@2339a7f2[{}]调用,并得到了结果[top.chris.shop.pojo.Category@50439962, top.chris.shop.pojo.Category@201f6442, top.chris.shop.pojo.Category@57fba0a2, top.chris.shop.pojo.Category@39138b98, top.chris.shop.pojo.Category@75d78d51, top.chris.shop.pojo.Category@2e31cadd, top.chris.shop.pojo.Category@24c59109, top.chris.shop.pojo.Category@12f8142, top.chris.shop.pojo.Category@485b3933, top.chris.shop.pojo.Category@681c65c7]，共耗时18毫秒------
2021-01-07 22:58:38 下午 [Thread: http-nio-8080-exec-9][ Class:top.chris.shop.aspect.LogTimeAspect >> Method: top.chris.shop.aspect.LogTimeAspect.arroundServiceLog(LogTimeAspect.java:31) ]
INFO:------方法top.chris.shop.service.impl.IndexServiceImpl.rendersCats在Thu Jan 07 22:58:38 CST 2021时使用参数[Ljava.lang.Object;@4a65a557[{}]调用,并得到了结果[top.chris.shop.pojo.Category@4af67930, top.chris.shop.pojo.Category@d8f3b77, top.chris.shop.pojo.Category@cedefea, top.chris.shop.pojo.Category@6bc5ac3d, top.chris.shop.pojo.Category@1283778c, top.chris.shop.pojo.Category@66a3b228, top.chris.shop.pojo.Category@5d283a9, top.chris.shop.pojo.Category@43b0636a, top.chris.shop.pojo.Category@4a065387, top.chris.shop.pojo.Category@31cf9a1d]，共耗时2毫秒------
2021-01-07 22:58:38 下午 [Thread: http-nio-8080-exec-6][ Class:top.chris.shop.aspect.LogTimeAspect >> Method: top.chris.shop.aspect.LogTimeAspect.arroundServiceLog(LogTimeAspect.java:31) ]
INFO:------方法top.chris.shop.service.impl.IndexServiceImpl.rendersAllSubCats在Thu Jan 07 22:58:38 CST 2021时使用参数[Ljava.lang.Object;@7b770acf[{}]调用,并得到了结果[top.chris.shop.pojo.Category@58dc1e69, top.chris.shop.pojo.Category@37c05cca, top.chris.shop.pojo.Category@5a129475, top.chris.shop.pojo.Category@19f0dc8a, top.chris.shop.pojo.Category@21e7a68b, top.chris.shop.pojo.Category@14748871, top.chris.shop.pojo.Category@5a8b17b6, top.chris.shop.pojo.Category@450094e1, top.chris.shop.pojo.Category@59cfb134, top.chris.shop.pojo.Category@69c88d7c, top.chris.shop.pojo.Category@6b7c1154, top.chris.shop.pojo.Category@2a9a3746, top.chris.shop.pojo.Category@ef87530, top.chris.shop.pojo.Category@2376aafe, top.chris.shop.pojo.Category@288bf975, top.chris.shop.pojo.Category@53d0cb25, top.chris.shop.pojo.Category@1ecc759a, top.chris.shop.pojo.Category@8fb1de7, top.chris.shop.pojo.Category@7f4c1ddc, top.chris.shop.pojo.Category@2a9078f3, top.chris.shop.pojo.Category@570db89e, top.chris.shop.pojo.Category@74993bd, top.chris.shop.pojo.Category@18f4dc75, top.chris.shop.pojo.Category@310a7878, top.chris.shop.pojo.Category@b79ff8f]，共耗时5毫秒------
2021-01-07 22:58:38 下午 [Thread: http-nio-8080-exec-5][ Class:top.chris.shop.aspect.LogTimeAspect >> Method: top.chris.shop.aspect.LogTimeAspect.arroundServiceLog(LogTimeAspect.java:31) ]
INFO:------方法top.chris.shop.service.impl.IndexServiceImpl.rendersCats在Thu Jan 07 22:58:38 CST 2021时使用参数[Ljava.lang.Object;@7c99fc67[{}]调用,并得到了结果[top.chris.shop.pojo.Category@758f0a9e, top.chris.shop.pojo.Category@71539bb1, top.chris.shop.pojo.Category@657a414, top.chris.shop.pojo.Category@351e0a7d, top.chris.shop.pojo.Category@38483dba, top.chris.shop.pojo.Category@55aba711, top.chris.shop.pojo.Category@6ee7deb4, top.chris.shop.pojo.Category@2bef7cf7, top.chris.shop.pojo.Category@523331dd, top.chris.shop.pojo.Category@5aa887a5]，共耗时2毫秒------
