2020-12-25 20:32:36 下午 [Thread: background-preinit][ Class:org.hibernate.validator.internal.util.Version >> Method: org.hibernate.validator.internal.util.Version.<clinit>(Version.java:21) ]
INFO:HV000001: Hibernate Validator 6.0.16.Final
2020-12-25 20:32:36 下午 [Thread: main][ Class:top.chris.shop.ShopMainApplication >> Method: org.springframework.boot.StartupInfoLogger.logStarting(StartupInfoLogger.java:50) ]
INFO:Starting ShopMainApplication on DESKTOP-255B2FK with PID 20400 (D:\ForSpringBootProject\shop\shop-api-web\target\classes started by Chris in D:\ForSpringBootProject\shop)
2020-12-25 20:32:36 下午 [Thread: main][ Class:top.chris.shop.ShopMainApplication >> Method: org.springframework.boot.SpringApplication.logStartupProfileInfo(SpringApplication.java:675) ]
INFO:No active profile set, falling back to default profiles: default
2020-12-25 20:32:40 下午 [Thread: main][ Class:org.springframework.data.repository.config.RepositoryConfigurationDelegate >> Method: org.springframework.data.repository.config.RepositoryConfigurationDelegate.multipleStoresDetected(RepositoryConfigurationDelegate.java:244) ]
INFO:Multiple Spring Data modules found, entering strict repository configuration mode!
2020-12-25 20:32:40 下午 [Thread: main][ Class:org.springframework.data.repository.config.RepositoryConfigurationDelegate >> Method: org.springframework.data.repository.config.RepositoryConfigurationDelegate.registerRepositoriesIn(RepositoryConfigurationDelegate.java:126) ]
INFO:Bootstrapping Spring Data repositories in DEFAULT mode.
2020-12-25 20:32:40 下午 [Thread: main][ Class:org.springframework.data.repository.config.RepositoryConfigurationDelegate >> Method: org.springframework.data.repository.config.RepositoryConfigurationDelegate.registerRepositoriesIn(RepositoryConfigurationDelegate.java:182) ]
INFO:Finished Spring Data repository scanning in 30ms. Found 0 repository interfaces.
2020-12-25 20:32:40 下午 [Thread: main][ Class:org.mybatis.spring.mapper.ClassPathMapperScanner >> Method: org.mybatis.logging.Logger.warn(Logger.java:44) ]
WARN:No MyBatis mapper was found in '[top.chris.shop]' package. Please check your configuration.
2020-12-25 20:32:40 下午 [Thread: main][ Class:org.springframework.context.support.PostProcessorRegistrationDelegate$BeanPostProcessorChecker >> Method: org.springframework.context.support.PostProcessorRegistrationDelegate$BeanPostProcessorChecker.postProcessAfterInitialization(PostProcessorRegistrationDelegate.java:330) ]
INFO:Bean 'org.springframework.transaction.annotation.ProxyTransactionManagementConfiguration' of type [org.springframework.transaction.annotation.ProxyTransactionManagementConfiguration$$EnhancerBySpringCGLIB$$1e39ed99] is not eligible for getting processed by all BeanPostProcessors (for example: not eligible for auto-proxying)
2020-12-25 20:32:41 下午 [Thread: main][ Class:org.springframework.boot.web.embedded.tomcat.TomcatWebServer >> Method: org.springframework.boot.web.embedded.tomcat.TomcatWebServer.initialize(TomcatWebServer.java:90) ]
INFO:Tomcat initialized with port(s): 8080 (http)
2020-12-25 20:32:41 下午 [Thread: main][ Class:org.springframework.web.context.ContextLoader >> Method: org.springframework.boot.web.servlet.context.ServletWebServerApplicationContext.prepareWebApplicationContext(ServletWebServerApplicationContext.java:296) ]
INFO:Root WebApplicationContext: initialization completed in 5164 ms
2020-12-25 20:32:53 下午 [Thread: main][ Class:springfox.documentation.spring.web.PropertySourcedRequestMappingHandlerMapping >> Method: springfox.documentation.spring.web.PropertySourcedRequestMappingHandlerMapping.initHandlerMethods(PropertySourcedRequestMappingHandlerMapping.java:69) ]
INFO:Mapped URL path [/v2/api-docs] onto method [public org.springframework.http.ResponseEntity<springfox.documentation.spring.web.json.Json> springfox.documentation.swagger2.web.Swagger2Controller.getDocumentation(java.lang.String,javax.servlet.http.HttpServletRequest)]
2020-12-25 20:32:53 下午 [Thread: main][ Class:tk.mybatis.mapper.autoconfigure.MapperCacheDisabler >> Method: tk.mybatis.mapper.autoconfigure.MapperCacheDisabler.removeStaticCache(MapperCacheDisabler.java:60) ]
INFO:Clear tk.mybatis.mapper.util.MsUtil CLASS_CACHE cache.
2020-12-25 20:32:53 下午 [Thread: main][ Class:tk.mybatis.mapper.autoconfigure.MapperCacheDisabler >> Method: tk.mybatis.mapper.autoconfigure.MapperCacheDisabler.removeStaticCache(MapperCacheDisabler.java:60) ]
INFO:Clear tk.mybatis.mapper.genid.GenIdUtil CACHE cache.
2020-12-25 20:32:53 下午 [Thread: main][ Class:tk.mybatis.mapper.autoconfigure.MapperCacheDisabler >> Method: tk.mybatis.mapper.autoconfigure.MapperCacheDisabler.removeStaticCache(MapperCacheDisabler.java:60) ]
INFO:Clear tk.mybatis.mapper.version.VersionUtil CACHE cache.
2020-12-25 20:32:53 下午 [Thread: main][ Class:tk.mybatis.mapper.autoconfigure.MapperCacheDisabler >> Method: tk.mybatis.mapper.autoconfigure.MapperCacheDisabler.removeEntityHelperCache(MapperCacheDisabler.java:83) ]
INFO:Clear EntityHelper entityTableMap cache.
2020-12-25 20:32:55 下午 [Thread: main][ Class:org.springframework.boot.autoconfigure.security.servlet.UserDetailsServiceAutoConfiguration >> Method: org.springframework.boot.autoconfigure.security.servlet.UserDetailsServiceAutoConfiguration.getOrDeducePassword(UserDetailsServiceAutoConfiguration.java:87) ]
INFO:

Using generated security password: a8e6dc49-032b-4fd7-8960-8b10d79fb066

2020-12-25 20:32:55 下午 [Thread: main][ Class:org.springframework.security.web.DefaultSecurityFilterChain >> Method: org.springframework.security.web.DefaultSecurityFilterChain.<init>(DefaultSecurityFilterChain.java:43) ]
INFO:Creating filter chain: any request, [org.springframework.security.web.context.request.async.WebAsyncManagerIntegrationFilter@b5312df, org.springframework.security.web.context.SecurityContextPersistenceFilter@782ac148, org.springframework.security.web.header.HeaderWriterFilter@4c2ab536, org.springframework.security.web.authentication.logout.LogoutFilter@5a06904, org.springframework.security.web.savedrequest.RequestCacheAwareFilter@23c7cb18, org.springframework.security.web.servletapi.SecurityContextHolderAwareRequestFilter@7e58f697, org.springframework.security.web.authentication.AnonymousAuthenticationFilter@4300e240, org.springframework.security.web.session.SessionManagementFilter@3dc82e6a, org.springframework.security.web.access.ExceptionTranslationFilter@749baa0c, org.springframework.security.web.access.intercept.FilterSecurityInterceptor@21a6a494]
2020-12-25 20:32:55 下午 [Thread: main][ Class:org.springframework.scheduling.concurrent.ThreadPoolTaskScheduler >> Method: org.springframework.scheduling.concurrent.ExecutorConfigurationSupport.initialize(ExecutorConfigurationSupport.java:171) ]
INFO:Initializing ExecutorService 'taskScheduler'
2020-12-25 20:32:55 下午 [Thread: main][ Class:springfox.documentation.spring.web.plugins.DocumentationPluginsBootstrapper >> Method: springfox.documentation.spring.web.plugins.DocumentationPluginsBootstrapper.start(DocumentationPluginsBootstrapper.java:160) ]
INFO:Context refreshed
2020-12-25 20:32:55 下午 [Thread: main][ Class:springfox.documentation.spring.web.plugins.DocumentationPluginsBootstrapper >> Method: springfox.documentation.spring.web.plugins.DocumentationPluginsBootstrapper.start(DocumentationPluginsBootstrapper.java:163) ]
INFO:Found 1 custom documentation plugin(s)
2020-12-25 20:32:55 下午 [Thread: main][ Class:springfox.documentation.spring.web.scanners.ApiListingReferenceScanner >> Method: springfox.documentation.spring.web.scanners.ApiListingReferenceScanner.scan(ApiListingReferenceScanner.java:41) ]
INFO:Scanning for api listing references
2020-12-25 20:32:56 下午 [Thread: main][ Class:org.springframework.boot.web.embedded.tomcat.TomcatWebServer >> Method: org.springframework.boot.web.embedded.tomcat.TomcatWebServer.start(TomcatWebServer.java:204) ]
INFO:Tomcat started on port(s): 8080 (http) with context path ''
2020-12-25 20:32:56 下午 [Thread: main][ Class:top.chris.shop.ShopMainApplication >> Method: org.springframework.boot.StartupInfoLogger.logStarted(StartupInfoLogger.java:59) ]
INFO:Started ShopMainApplication in 19.824 seconds (JVM running for 21.883)
2020-12-25 20:36:41 下午 [Thread: background-preinit][ Class:org.hibernate.validator.internal.util.Version >> Method: org.hibernate.validator.internal.util.Version.<clinit>(Version.java:21) ]
INFO:HV000001: Hibernate Validator 6.0.16.Final
2020-12-25 20:36:41 下午 [Thread: main][ Class:top.chris.shop.ShopMainApplication >> Method: org.springframework.boot.StartupInfoLogger.logStarting(StartupInfoLogger.java:50) ]
INFO:Starting ShopMainApplication on DESKTOP-255B2FK with PID 23248 (D:\ForSpringBootProject\shop\shop-api-web\target\classes started by Chris in D:\ForSpringBootProject\shop)
2020-12-25 20:36:41 下午 [Thread: main][ Class:top.chris.shop.ShopMainApplication >> Method: org.springframework.boot.SpringApplication.logStartupProfileInfo(SpringApplication.java:675) ]
INFO:No active profile set, falling back to default profiles: default
2020-12-25 20:36:43 下午 [Thread: main][ Class:org.springframework.data.repository.config.RepositoryConfigurationDelegate >> Method: org.springframework.data.repository.config.RepositoryConfigurationDelegate.multipleStoresDetected(RepositoryConfigurationDelegate.java:244) ]
INFO:Multiple Spring Data modules found, entering strict repository configuration mode!
2020-12-25 20:36:43 下午 [Thread: main][ Class:org.springframework.data.repository.config.RepositoryConfigurationDelegate >> Method: org.springframework.data.repository.config.RepositoryConfigurationDelegate.registerRepositoriesIn(RepositoryConfigurationDelegate.java:126) ]
INFO:Bootstrapping Spring Data repositories in DEFAULT mode.
2020-12-25 20:36:43 下午 [Thread: main][ Class:org.springframework.data.repository.config.RepositoryConfigurationDelegate >> Method: org.springframework.data.repository.config.RepositoryConfigurationDelegate.registerRepositoriesIn(RepositoryConfigurationDelegate.java:182) ]
INFO:Finished Spring Data repository scanning in 31ms. Found 0 repository interfaces.
2020-12-25 20:36:43 下午 [Thread: main][ Class:org.mybatis.spring.mapper.ClassPathMapperScanner >> Method: org.mybatis.logging.Logger.warn(Logger.java:44) ]
WARN:No MyBatis mapper was found in '[top.chris.shop]' package. Please check your configuration.
2020-12-25 20:36:43 下午 [Thread: main][ Class:org.springframework.context.support.PostProcessorRegistrationDelegate$BeanPostProcessorChecker >> Method: org.springframework.context.support.PostProcessorRegistrationDelegate$BeanPostProcessorChecker.postProcessAfterInitialization(PostProcessorRegistrationDelegate.java:330) ]
INFO:Bean 'org.springframework.transaction.annotation.ProxyTransactionManagementConfiguration' of type [org.springframework.transaction.annotation.ProxyTransactionManagementConfiguration$$EnhancerBySpringCGLIB$$4e9c3074] is not eligible for getting processed by all BeanPostProcessors (for example: not eligible for auto-proxying)
2020-12-25 20:36:44 下午 [Thread: main][ Class:org.springframework.boot.web.embedded.tomcat.TomcatWebServer >> Method: org.springframework.boot.web.embedded.tomcat.TomcatWebServer.initialize(TomcatWebServer.java:90) ]
INFO:Tomcat initialized with port(s): 8080 (http)
2020-12-25 20:36:44 下午 [Thread: main][ Class:org.springframework.web.context.ContextLoader >> Method: org.springframework.boot.web.servlet.context.ServletWebServerApplicationContext.prepareWebApplicationContext(ServletWebServerApplicationContext.java:296) ]
INFO:Root WebApplicationContext: initialization completed in 2699 ms
2020-12-25 20:36:47 下午 [Thread: main][ Class:springfox.documentation.spring.web.PropertySourcedRequestMappingHandlerMapping >> Method: springfox.documentation.spring.web.PropertySourcedRequestMappingHandlerMapping.initHandlerMethods(PropertySourcedRequestMappingHandlerMapping.java:69) ]
INFO:Mapped URL path [/v2/api-docs] onto method [public org.springframework.http.ResponseEntity<springfox.documentation.spring.web.json.Json> springfox.documentation.swagger2.web.Swagger2Controller.getDocumentation(java.lang.String,javax.servlet.http.HttpServletRequest)]
2020-12-25 20:36:47 下午 [Thread: main][ Class:tk.mybatis.mapper.autoconfigure.MapperCacheDisabler >> Method: tk.mybatis.mapper.autoconfigure.MapperCacheDisabler.removeStaticCache(MapperCacheDisabler.java:60) ]
INFO:Clear tk.mybatis.mapper.util.MsUtil CLASS_CACHE cache.
2020-12-25 20:36:47 下午 [Thread: main][ Class:tk.mybatis.mapper.autoconfigure.MapperCacheDisabler >> Method: tk.mybatis.mapper.autoconfigure.MapperCacheDisabler.removeStaticCache(MapperCacheDisabler.java:60) ]
INFO:Clear tk.mybatis.mapper.genid.GenIdUtil CACHE cache.
2020-12-25 20:36:47 下午 [Thread: main][ Class:tk.mybatis.mapper.autoconfigure.MapperCacheDisabler >> Method: tk.mybatis.mapper.autoconfigure.MapperCacheDisabler.removeStaticCache(MapperCacheDisabler.java:60) ]
INFO:Clear tk.mybatis.mapper.version.VersionUtil CACHE cache.
2020-12-25 20:36:47 下午 [Thread: main][ Class:tk.mybatis.mapper.autoconfigure.MapperCacheDisabler >> Method: tk.mybatis.mapper.autoconfigure.MapperCacheDisabler.removeEntityHelperCache(MapperCacheDisabler.java:83) ]
INFO:Clear EntityHelper entityTableMap cache.
2020-12-25 20:36:48 下午 [Thread: main][ Class:org.springframework.boot.autoconfigure.security.servlet.UserDetailsServiceAutoConfiguration >> Method: org.springframework.boot.autoconfigure.security.servlet.UserDetailsServiceAutoConfiguration.getOrDeducePassword(UserDetailsServiceAutoConfiguration.java:87) ]
INFO:

Using generated security password: 7314340a-6ec9-4973-9c9d-871058f48e4f

2020-12-25 20:36:48 下午 [Thread: main][ Class:org.springframework.security.web.DefaultSecurityFilterChain >> Method: org.springframework.security.web.DefaultSecurityFilterChain.<init>(DefaultSecurityFilterChain.java:43) ]
INFO:Creating filter chain: any request, [org.springframework.security.web.context.request.async.WebAsyncManagerIntegrationFilter@40016ce1, org.springframework.security.web.context.SecurityContextPersistenceFilter@286866cb, org.springframework.security.web.header.HeaderWriterFilter@352f6727, org.springframework.security.web.authentication.logout.LogoutFilter@7e77678c, org.springframework.security.web.savedrequest.RequestCacheAwareFilter@5889fc44, org.springframework.security.web.servletapi.SecurityContextHolderAwareRequestFilter@64dfb31d, org.springframework.security.web.authentication.AnonymousAuthenticationFilter@203765b2, org.springframework.security.web.session.SessionManagementFilter@1b4a3a1, org.springframework.security.web.access.ExceptionTranslationFilter@5cc3e49b, org.springframework.security.web.access.intercept.FilterSecurityInterceptor@1426370c]
2020-12-25 20:36:48 下午 [Thread: main][ Class:org.springframework.scheduling.concurrent.ThreadPoolTaskScheduler >> Method: org.springframework.scheduling.concurrent.ExecutorConfigurationSupport.initialize(ExecutorConfigurationSupport.java:171) ]
INFO:Initializing ExecutorService 'taskScheduler'
2020-12-25 20:36:48 下午 [Thread: main][ Class:springfox.documentation.spring.web.plugins.DocumentationPluginsBootstrapper >> Method: springfox.documentation.spring.web.plugins.DocumentationPluginsBootstrapper.start(DocumentationPluginsBootstrapper.java:160) ]
INFO:Context refreshed
2020-12-25 20:36:48 下午 [Thread: main][ Class:springfox.documentation.spring.web.plugins.DocumentationPluginsBootstrapper >> Method: springfox.documentation.spring.web.plugins.DocumentationPluginsBootstrapper.start(DocumentationPluginsBootstrapper.java:163) ]
INFO:Found 1 custom documentation plugin(s)
2020-12-25 20:36:48 下午 [Thread: main][ Class:springfox.documentation.spring.web.scanners.ApiListingReferenceScanner >> Method: springfox.documentation.spring.web.scanners.ApiListingReferenceScanner.scan(ApiListingReferenceScanner.java:41) ]
INFO:Scanning for api listing references
2020-12-25 20:36:48 下午 [Thread: main][ Class:org.springframework.boot.web.embedded.tomcat.TomcatWebServer >> Method: org.springframework.boot.web.embedded.tomcat.TomcatWebServer.start(TomcatWebServer.java:204) ]
INFO:Tomcat started on port(s): 8080 (http) with context path ''
2020-12-25 20:36:48 下午 [Thread: main][ Class:top.chris.shop.ShopMainApplication >> Method: org.springframework.boot.StartupInfoLogger.logStarted(StartupInfoLogger.java:59) ]
INFO:Started ShopMainApplication in 7.694 seconds (JVM running for 9.142)
2020-12-25 20:37:40 下午 [Thread: http-nio-8080-exec-2][ Class:org.springframework.web.servlet.DispatcherServlet >> Method: org.springframework.web.servlet.FrameworkServlet.initServletBean(FrameworkServlet.java:524) ]
INFO:Initializing Servlet 'dispatcherServlet'
2020-12-25 20:37:40 下午 [Thread: http-nio-8080-exec-2][ Class:org.springframework.web.servlet.DispatcherServlet >> Method: org.springframework.web.servlet.FrameworkServlet.initServletBean(FrameworkServlet.java:546) ]
INFO:Completed initialization in 25 ms
2020-12-25 20:37:46 下午 [Thread: http-nio-8080-exec-3][ Class:com.zaxxer.hikari.HikariDataSource >> Method: com.zaxxer.hikari.HikariDataSource.getConnection(HikariDataSource.java:110) ]
INFO:DateSourceHikariCP - Starting...
2020-12-25 20:37:46 下午 [Thread: http-nio-8080-exec-3][ Class:com.zaxxer.hikari.util.DriverDataSource >> Method: com.zaxxer.hikari.util.DriverDataSource.<init>(DriverDataSource.java:68) ]
WARN:Registered driver with driverClassName=com.mysql.jdbc.Driver was not found, trying direct instantiation.
2020-12-25 20:37:47 下午 [Thread: http-nio-8080-exec-3][ Class:com.zaxxer.hikari.HikariDataSource >> Method: com.zaxxer.hikari.HikariDataSource.getConnection(HikariDataSource.java:123) ]
INFO:DateSourceHikariCP - Start completed.
2020-12-25 20:37:48 下午 [Thread: http-nio-8080-exec-3][ Class:top.chris.shop.aspect.LogTimeAspect >> Method: top.chris.shop.aspect.LogTimeAspect.arroundServiceLog(LogTimeAspect.java:34) ]
WARN:------方法top.chris.shop.service.impl.IndexServiceImpl.rendersCarousel在Fri Dec 25 20:37:46 CST 2020时使用参数[Ljava.lang.Object;@fbc73a0[{}]调用,并得到了结果[top.chris.shop.pojo.Carousel@313c5622, top.chris.shop.pojo.Carousel@46bae27b, top.chris.shop.pojo.Carousel@7ef28881, top.chris.shop.pojo.Carousel@12bfc58c]，共耗时1403毫秒------
2020-12-25 20:37:48 下午 [Thread: http-nio-8080-exec-4][ Class:top.chris.shop.aspect.LogTimeAspect >> Method: top.chris.shop.aspect.LogTimeAspect.arroundServiceLog(LogTimeAspect.java:34) ]
WARN:------方法top.chris.shop.service.impl.IndexServiceImpl.rendersCats在Fri Dec 25 20:37:46 CST 2020时使用参数[Ljava.lang.Object;@5c263ba2[{}]调用,并得到了结果[top.chris.shop.pojo.Category@4b02058f, top.chris.shop.pojo.Category@5de0faa, top.chris.shop.pojo.Category@51a5c870, top.chris.shop.pojo.Category@3c3302cd, top.chris.shop.pojo.Category@674646b9, top.chris.shop.pojo.Category@1290a6a4, top.chris.shop.pojo.Category@6d891ace, top.chris.shop.pojo.Category@498858d8, top.chris.shop.pojo.Category@1c2eacde, top.chris.shop.pojo.Category@b9c9c79]，共耗时1721毫秒------
2020-12-25 20:37:48 下午 [Thread: http-nio-8080-exec-5][ Class:top.chris.shop.aspect.LogTimeAspect >> Method: top.chris.shop.aspect.LogTimeAspect.arroundServiceLog(LogTimeAspect.java:31) ]
INFO:------方法top.chris.shop.service.impl.IndexServiceImpl.rendersSubItemsCats在Fri Dec 25 20:37:48 CST 2020时使用参数[Ljava.lang.Object;@261fd792[{1}]调用,并得到了结果RenderSixItemsVo(rootCatName=甜点/蛋糕, slogan=每一道甜品都能打开你的味蕾, bgColor=#fe7a65, catImage=http://122.152.205.72:88/foodie/category/cake.png, simpleItemList=[SimpleItem(itemName=【天天吃货】机器猫最爱 铜锣烧 最美下午茶, itemId=cake-1006, itemUrl=http://122.152.205.72:88/foodie/cake-1006/img2.png), SimpleItem(itemName=【天天吃货】真香预警 超级好吃 手撕面包 儿童早餐早饭, itemId=cake-1001, itemUrl=http://122.152.205.72:88/foodie/cake-1001/img1.png), SimpleItem(itemName=【天天吃货】超好吃华夫饼 美食诱惑 下午茶, itemId=cake-1003, itemUrl=http://122.152.205.72:88/foodie/cake-1003/img1.png), SimpleItem(itemName=【天天吃货】进口美食凤梨酥, itemId=cake-1005, itemUrl=http://122.152.205.72:88/foodie/cake-1005/img1.png), SimpleItem(itemName=【天天吃货】网红烘焙蛋糕 好吃的蛋糕, itemId=cake-1002, itemUrl=http://122.152.205.72:88/foodie/cake-1002/img1.png), SimpleItem(itemName=【天天吃货】美味沙琪玛 超棒下午茶, itemId=cake-1004, itemUrl=http://122.152.205.72:88/foodie/cake-1004/img1.png), SimpleItem(itemName=好吃蛋糕甜点软面包, itemId=cake-44, itemUrl=http://122.152.205.72:88/foodie/cake-44/img1.png), SimpleItem(itemName=好吃蛋饼 来自日本进口, itemId=cake-48, itemUrl=http://122.152.205.72:88/foodie/cake-48/img1.png), SimpleItem(itemName=好吃蛋糕甜点软面包, itemId=cake-38, itemUrl=http://122.152.205.72:88/foodie/cake-38/img1.png), SimpleItem(itemName=好吃蛋糕甜点脱水蛋糕, itemId=cake-42, itemUrl=http://122.152.205.72:88/foodie/cake-42/img1.png), SimpleItem(itemName=好吃鸡蛋卷 来自日本进口, itemId=cake-47, itemUrl=http://122.152.205.72:88/foodie/cake-47/img1.png), SimpleItem(itemName=好吃蛋糕甜点蒸蛋糕, itemId=cake-37, itemUrl=http://122.152.205.72:88/foodie/cake-37/img1.png), SimpleItem(itemName=好吃蛋糕甜点脱水蛋糕, itemId=cake-39, itemUrl=http://122.152.205.72:88/foodie/cake-39/img1.png)])，共耗时30毫秒------
2020-12-25 20:37:49 下午 [Thread: http-nio-8080-exec-6][ Class:top.chris.shop.aspect.LogTimeAspect >> Method: top.chris.shop.aspect.LogTimeAspect.arroundServiceLog(LogTimeAspect.java:31) ]
INFO:------方法top.chris.shop.service.impl.IndexServiceImpl.rendersSubCats在Fri Dec 25 20:37:49 CST 2020时使用参数[Ljava.lang.Object;@3753a981[{10}]调用,并得到了结果[CategoryVo(id=34, name=蔬菜, type=2, fatherId=10, logo=null, slogan=null, catImage=null, bgColor=null, subCatList=[top.chris.shop.pojo.Category@35ed2582, top.chris.shop.pojo.Category@7229ae5, top.chris.shop.pojo.Category@7d48547b, top.chris.shop.pojo.Category@57fde5f2, top.chris.shop.pojo.Category@be00bba, top.chris.shop.pojo.Category@18864d91, top.chris.shop.pojo.Category@27523976, top.chris.shop.pojo.Category@1fb88a1b, top.chris.shop.pojo.Category@140eff8d]), CategoryVo(id=35, name=水果, type=2, fatherId=10, logo=null, slogan=null, catImage=null, bgColor=null, subCatList=[top.chris.shop.pojo.Category@3e4ec258, top.chris.shop.pojo.Category@8e1d56e, top.chris.shop.pojo.Category@53526e3b, top.chris.shop.pojo.Category@3043014b, top.chris.shop.pojo.Category@78574919, top.chris.shop.pojo.Category@7e1bb9d8, top.chris.shop.pojo.Category@3ef83396]), CategoryVo(id=36, name=肉类, type=2, fatherId=10, logo=null, slogan=null, catImage=null, bgColor=null, subCatList=[top.chris.shop.pojo.Category@1619245b, top.chris.shop.pojo.Category@5444a800, top.chris.shop.pojo.Category@77b21e29, top.chris.shop.pojo.Category@829e7ca, top.chris.shop.pojo.Category@574d2168, top.chris.shop.pojo.Category@26b88729])]，共耗时54毫秒------
2020-12-25 20:37:49 下午 [Thread: http-nio-8080-exec-7][ Class:top.chris.shop.aspect.LogTimeAspect >> Method: top.chris.shop.aspect.LogTimeAspect.arroundServiceLog(LogTimeAspect.java:31) ]
INFO:------方法top.chris.shop.service.impl.IndexServiceImpl.rendersSubCats在Fri Dec 25 20:37:49 CST 2020时使用参数[Ljava.lang.Object;@12071319[{9}]调用,并得到了结果[CategoryVo(id=31, name=茶叶, type=2, fatherId=9, logo=null, slogan=null, catImage=null, bgColor=null, subCatList=[top.chris.shop.pojo.Category@11735588, top.chris.shop.pojo.Category@43c1ce94, top.chris.shop.pojo.Category@2b16b049, top.chris.shop.pojo.Category@1a3e1e9, top.chris.shop.pojo.Category@a773b40, top.chris.shop.pojo.Category@478ff1f4]), CategoryVo(id=32, name=奶茶, type=2, fatherId=9, logo=null, slogan=null, catImage=null, bgColor=null, subCatList=[top.chris.shop.pojo.Category@590585b4, top.chris.shop.pojo.Category@47379bd4, top.chris.shop.pojo.Category@74a90549, top.chris.shop.pojo.Category@4c115a79]), CategoryVo(id=33, name=果茶, type=2, fatherId=9, logo=null, slogan=null, catImage=null, bgColor=null, subCatList=[top.chris.shop.pojo.Category@39cc4e6a, top.chris.shop.pojo.Category@42de9bbc, top.chris.shop.pojo.Category@7e614de3])]，共耗时3毫秒------
2020-12-25 20:37:49 下午 [Thread: http-nio-8080-exec-8][ Class:top.chris.shop.aspect.LogTimeAspect >> Method: top.chris.shop.aspect.LogTimeAspect.arroundServiceLog(LogTimeAspect.java:31) ]
INFO:------方法top.chris.shop.service.impl.IndexServiceImpl.rendersSubCats在Fri Dec 25 20:37:49 CST 2020时使用参数[Ljava.lang.Object;@4b8ef4ff[{5}]调用,并得到了结果[CategoryVo(id=22, name=坚果, type=2, fatherId=5, logo=null, slogan=null, catImage=null, bgColor=null, subCatList=[top.chris.shop.pojo.Category@125bff0b, top.chris.shop.pojo.Category@1a11b0c7, top.chris.shop.pojo.Category@7824f6c6, top.chris.shop.pojo.Category@4431cc31, top.chris.shop.pojo.Category@95fd01b, top.chris.shop.pojo.Category@1e5fce7f, top.chris.shop.pojo.Category@411289b4]), CategoryVo(id=23, name=锅巴, type=2, fatherId=5, logo=null, slogan=null, catImage=null, bgColor=null, subCatList=[top.chris.shop.pojo.Category@b0895e3, top.chris.shop.pojo.Category@7c204391])]，共耗时4毫秒------
2020-12-25 20:37:49 下午 [Thread: http-nio-8080-exec-9][ Class:top.chris.shop.aspect.LogTimeAspect >> Method: top.chris.shop.aspect.LogTimeAspect.arroundServiceLog(LogTimeAspect.java:31) ]
INFO:------方法top.chris.shop.service.impl.IndexServiceImpl.rendersSubCats在Fri Dec 25 20:37:49 CST 2020时使用参数[Ljava.lang.Object;@7f6e2463[{6}]调用,并得到了结果[CategoryVo(id=24, name=糖果, type=2, fatherId=6, logo=null, slogan=null, catImage=null, bgColor=null, subCatList=[top.chris.shop.pojo.Category@3349c879, top.chris.shop.pojo.Category@2e459029, top.chris.shop.pojo.Category@5b7929c3, top.chris.shop.pojo.Category@55ba43f3, top.chris.shop.pojo.Category@284d433d, top.chris.shop.pojo.Category@2a0b4ac5]), CategoryVo(id=25, name=蜜饯, type=2, fatherId=6, logo=null, slogan=null, catImage=null, bgColor=null, subCatList=[top.chris.shop.pojo.Category@382e4976, top.chris.shop.pojo.Category@3f0c305b, top.chris.shop.pojo.Category@7d9ad82c, top.chris.shop.pojo.Category@db7e838, top.chris.shop.pojo.Category@47987501, top.chris.shop.pojo.Category@19c81b41])]，共耗时5毫秒------
2020-12-25 20:37:49 下午 [Thread: http-nio-8080-exec-10][ Class:top.chris.shop.aspect.LogTimeAspect >> Method: top.chris.shop.aspect.LogTimeAspect.arroundServiceLog(LogTimeAspect.java:31) ]
INFO:------方法top.chris.shop.service.impl.IndexServiceImpl.rendersSubCats在Fri Dec 25 20:37:49 CST 2020时使用参数[Ljava.lang.Object;@4a9441e5[{7}]调用,并得到了结果[CategoryVo(id=26, name=巧克力, type=2, fatherId=7, logo=null, slogan=null, catImage=null, bgColor=null, subCatList=[top.chris.shop.pojo.Category@4fbe36f0, top.chris.shop.pojo.Category@1b8a07f9, top.chris.shop.pojo.Category@27ed8b7, top.chris.shop.pojo.Category@6a8d3a74, top.chris.shop.pojo.Category@54ba9863]), CategoryVo(id=27, name=果冻, type=2, fatherId=7, logo=null, slogan=null, catImage=null, bgColor=null, subCatList=[top.chris.shop.pojo.Category@1fc4f8c2, top.chris.shop.pojo.Category@6b0b20ed, top.chris.shop.pojo.Category@68d6e962])]，共耗时4毫秒------
2020-12-25 20:37:49 下午 [Thread: http-nio-8080-exec-1][ Class:top.chris.shop.aspect.LogTimeAspect >> Method: top.chris.shop.aspect.LogTimeAspect.arroundServiceLog(LogTimeAspect.java:31) ]
INFO:------方法top.chris.shop.service.impl.IndexServiceImpl.rendersSubCats在Fri Dec 25 20:37:49 CST 2020时使用参数[Ljava.lang.Object;@668e3bc9[{8}]调用,并得到了结果[CategoryVo(id=29, name=海鲜, type=2, fatherId=8, logo=null, slogan=null, catImage=null, bgColor=null, subCatList=[top.chris.shop.pojo.Category@6fdc6509, top.chris.shop.pojo.Category@40b18abe, top.chris.shop.pojo.Category@1eb0eeac, top.chris.shop.pojo.Category@977dec0, top.chris.shop.pojo.Category@50f06ca, top.chris.shop.pojo.Category@492788af, top.chris.shop.pojo.Category@50fbcaa9]), CategoryVo(id=30, name=海味, type=2, fatherId=8, logo=null, slogan=null, catImage=null, bgColor=null, subCatList=[top.chris.shop.pojo.Category@67cd9fa8, top.chris.shop.pojo.Category@1a09eccd, top.chris.shop.pojo.Category@6f1e7dd3, top.chris.shop.pojo.Category@613e5c1b])]，共耗时3毫秒------
2020-12-25 21:46:40 下午 [Thread: http-nio-8080-exec-3][ Class:org.springframework.web.servlet.mvc.support.DefaultHandlerExceptionResolver >> Method: org.springframework.web.servlet.handler.AbstractHandlerExceptionResolver.logException(AbstractHandlerExceptionResolver.java:198) ]
WARN:Resolved [org.springframework.web.HttpRequestMethodNotSupportedException: Request method 'GET' not supported]
2020-12-25 21:47:01 下午 [Thread: http-nio-8080-exec-5][ Class:org.springframework.web.servlet.mvc.support.DefaultHandlerExceptionResolver >> Method: org.springframework.web.servlet.handler.AbstractHandlerExceptionResolver.logException(AbstractHandlerExceptionResolver.java:198) ]
WARN:Resolved [org.springframework.web.HttpRequestMethodNotSupportedException: Request method 'GET' not supported]
2020-12-25 21:47:08 下午 [Thread: http-nio-8080-exec-6][ Class:org.springframework.web.servlet.mvc.support.DefaultHandlerExceptionResolver >> Method: org.springframework.web.servlet.handler.AbstractHandlerExceptionResolver.logException(AbstractHandlerExceptionResolver.java:198) ]
WARN:Resolved [org.springframework.web.HttpRequestMethodNotSupportedException: Request method 'GET' not supported]
2020-12-25 21:47:33 下午 [Thread: http-nio-8080-exec-8][ Class:org.springframework.web.servlet.mvc.support.DefaultHandlerExceptionResolver >> Method: org.springframework.web.servlet.handler.AbstractHandlerExceptionResolver.logException(AbstractHandlerExceptionResolver.java:198) ]
WARN:Resolved [org.springframework.web.bind.MethodArgumentNotValidException: Validation failed for argument [0] in public top.chris.shop.util.JsonResult top.chris.shop.web.controller.PassportController.login(top.chris.shop.pojo.bo.UsersBo,javax.servlet.http.HttpServletRequest,javax.servlet.http.HttpServletResponse) throws com.fasterxml.jackson.core.JsonProcessingException: [Field error in object 'usersBo' on field 'username': rejected value [null]; codes [NotBlank.usersBo.username,NotBlank.username,NotBlank.java.lang.String,NotBlank]; arguments [org.springframework.context.support.DefaultMessageSourceResolvable: codes [usersBo.username,username]; arguments []; default message [username]]; default message [用户名不能为空]] ]
2020-12-25 22:16:35 下午 [Thread: http-nio-8080-exec-10][ Class:top.chris.shop.aspect.LogTimeAspect >> Method: top.chris.shop.aspect.LogTimeAspect.arroundServiceLog(LogTimeAspect.java:34) ]
WARN:------方法top.chris.shop.service.impl.PassportServiceImpl.login在Fri Dec 25 22:16:33 CST 2020时使用参数[Ljava.lang.Object;@49b0ce07[{UsersBo(username=idea, password=123456, confirmPassword=null)}]调用,并得到了结果UsersVo(id=20121572283947270144, username=idea, face=http://192.168.2.2:8089/face/20121572283947270144/63bb9aed-dac7-4b55-b52b-d626d3373cd6.jpg, sex=1)，共耗时2338毫秒------
2020-12-25 22:16:36 下午 [Thread: http-nio-8080-exec-10][ Class:top.chris.shop.util.CookieUtils >> Method: top.chris.shop.util.CookieUtils.doSetCookie(CookieUtils.java:202) ]
INFO:========== domainName: localhost ==========
2020-12-25 22:17:55 下午 [Thread: http-nio-8080-exec-3][ Class:top.chris.shop.aspect.LogTimeAspect >> Method: top.chris.shop.aspect.LogTimeAspect.arroundServiceLog(LogTimeAspect.java:31) ]
INFO:------方法top.chris.shop.service.impl.PassportServiceImpl.login在Fri Dec 25 22:17:55 CST 2020时使用参数[Ljava.lang.Object;@1378c8d[{UsersBo(username=idea, password=123456, confirmPassword=null)}]调用,并得到了结果UsersVo(id=20121572283947270144, username=idea, face=http://192.168.2.2:8089/face/20121572283947270144/63bb9aed-dac7-4b55-b52b-d626d3373cd6.jpg, sex=1)，共耗时141毫秒------
2020-12-25 22:17:55 下午 [Thread: http-nio-8080-exec-3][ Class:top.chris.shop.util.CookieUtils >> Method: top.chris.shop.util.CookieUtils.doSetCookie(CookieUtils.java:202) ]
INFO:========== domainName: localhost ==========
2020-12-25 22:20:36 下午 [Thread: http-nio-8080-exec-8][ Class:top.chris.shop.aspect.LogTimeAspect >> Method: top.chris.shop.aspect.LogTimeAspect.arroundServiceLog(LogTimeAspect.java:31) ]
INFO:------方法top.chris.shop.service.impl.PassportServiceImpl.login在Fri Dec 25 22:20:36 CST 2020时使用参数[Ljava.lang.Object;@ee6ec51[{UsersBo(username=idea, password=123456, confirmPassword=null)}]调用,并得到了结果UsersVo(id=20121572283947270144, username=idea, face=http://192.168.2.2:8089/face/20121572283947270144/63bb9aed-dac7-4b55-b52b-d626d3373cd6.jpg, sex=1)，共耗时172毫秒------
2020-12-25 22:20:36 下午 [Thread: http-nio-8080-exec-8][ Class:top.chris.shop.util.CookieUtils >> Method: top.chris.shop.util.CookieUtils.doSetCookie(CookieUtils.java:202) ]
INFO:========== domainName: localhost ==========
2020-12-25 22:21:18 下午 [Thread: http-nio-8080-exec-10][ Class:top.chris.shop.aspect.LogTimeAspect >> Method: top.chris.shop.aspect.LogTimeAspect.arroundServiceLog(LogTimeAspect.java:31) ]
INFO:------方法top.chris.shop.service.impl.PassportServiceImpl.login在Fri Dec 25 22:21:18 CST 2020时使用参数[Ljava.lang.Object;@c948ec1[{UsersBo(username=idea, password=123456, confirmPassword=null)}]调用,并得到了结果UsersVo(id=20121572283947270144, username=idea, face=http://192.168.2.2:8089/face/20121572283947270144/63bb9aed-dac7-4b55-b52b-d626d3373cd6.jpg, sex=1)，共耗时117毫秒------
2020-12-25 22:21:18 下午 [Thread: http-nio-8080-exec-10][ Class:top.chris.shop.util.CookieUtils >> Method: top.chris.shop.util.CookieUtils.doSetCookie(CookieUtils.java:202) ]
INFO:========== domainName: localhost ==========
2020-12-25 22:23:32 下午 [Thread: http-nio-8080-exec-3][ Class:top.chris.shop.aspect.LogTimeAspect >> Method: top.chris.shop.aspect.LogTimeAspect.arroundServiceLog(LogTimeAspect.java:31) ]
INFO:------方法top.chris.shop.service.impl.PassportServiceImpl.login在Fri Dec 25 22:23:32 CST 2020时使用参数[Ljava.lang.Object;@696ce3f3[{UsersBo(username=idea, password=123456, confirmPassword=null)}]调用,并得到了结果UsersVo(id=20121572283947270144, username=idea, face=http://192.168.2.2:8089/face/20121572283947270144/63bb9aed-dac7-4b55-b52b-d626d3373cd6.jpg, sex=1)，共耗时125毫秒------
2020-12-25 22:23:32 下午 [Thread: http-nio-8080-exec-3][ Class:top.chris.shop.util.CookieUtils >> Method: top.chris.shop.util.CookieUtils.doSetCookie(CookieUtils.java:202) ]
INFO:========== domainName: localhost ==========
2020-12-25 22:24:00 下午 [Thread: http-nio-8080-exec-6][ Class:top.chris.shop.aspect.LogTimeAspect >> Method: top.chris.shop.aspect.LogTimeAspect.arroundServiceLog(LogTimeAspect.java:31) ]
INFO:------方法top.chris.shop.service.impl.PassportServiceImpl.login在Fri Dec 25 22:23:59 CST 2020时使用参数[Ljava.lang.Object;@67ce8eff[{UsersBo(username=idea, password=123456, confirmPassword=null)}]调用,并得到了结果UsersVo(id=20121572283947270144, username=idea, face=http://192.168.2.2:8089/face/20121572283947270144/63bb9aed-dac7-4b55-b52b-d626d3373cd6.jpg, sex=1)，共耗时166毫秒------
2020-12-25 22:24:00 下午 [Thread: http-nio-8080-exec-6][ Class:top.chris.shop.util.CookieUtils >> Method: top.chris.shop.util.CookieUtils.doSetCookie(CookieUtils.java:202) ]
INFO:========== domainName: localhost ==========
2020-12-25 22:26:21 下午 [Thread: http-nio-8080-exec-10][ Class:top.chris.shop.aspect.LogTimeAspect >> Method: top.chris.shop.aspect.LogTimeAspect.arroundServiceLog(LogTimeAspect.java:31) ]
INFO:------方法top.chris.shop.service.impl.PassportServiceImpl.login在Fri Dec 25 22:26:21 CST 2020时使用参数[Ljava.lang.Object;@4a90a0c2[{UsersBo(username=idea, password=123456, confirmPassword=null)}]调用,并得到了结果UsersVo(id=20121572283947270144, username=idea, face=http://192.168.2.2:8089/face/20121572283947270144/63bb9aed-dac7-4b55-b52b-d626d3373cd6.jpg, sex=1)，共耗时207毫秒------
2020-12-25 22:26:21 下午 [Thread: http-nio-8080-exec-10][ Class:top.chris.shop.util.CookieUtils >> Method: top.chris.shop.util.CookieUtils.doSetCookie(CookieUtils.java:202) ]
INFO:========== domainName: localhost ==========
2020-12-25 22:26:41 下午 [Thread: http-nio-8080-exec-2][ Class:top.chris.shop.aspect.LogTimeAspect >> Method: top.chris.shop.aspect.LogTimeAspect.arroundServiceLog(LogTimeAspect.java:31) ]
INFO:------方法top.chris.shop.service.impl.PassportServiceImpl.login在Fri Dec 25 22:26:41 CST 2020时使用参数[Ljava.lang.Object;@252516c6[{UsersBo(username=idea, password=123456, confirmPassword=null)}]调用,并得到了结果UsersVo(id=20121572283947270144, username=idea, face=http://192.168.2.2:8089/face/20121572283947270144/63bb9aed-dac7-4b55-b52b-d626d3373cd6.jpg, sex=1)，共耗时113毫秒------
2020-12-25 22:26:41 下午 [Thread: http-nio-8080-exec-2][ Class:top.chris.shop.util.CookieUtils >> Method: top.chris.shop.util.CookieUtils.doSetCookie(CookieUtils.java:202) ]
INFO:========== domainName: localhost ==========
2020-12-25 22:27:39 下午 [Thread: http-nio-8080-exec-6][ Class:top.chris.shop.aspect.LogTimeAspect >> Method: top.chris.shop.aspect.LogTimeAspect.arroundServiceLog(LogTimeAspect.java:31) ]
INFO:------方法top.chris.shop.service.impl.PassportServiceImpl.login在Fri Dec 25 22:27:39 CST 2020时使用参数[Ljava.lang.Object;@60ee35e1[{UsersBo(username=idea, password=123456, confirmPassword=null)}]调用,并得到了结果UsersVo(id=20121572283947270144, username=idea, face=http://192.168.2.2:8089/face/20121572283947270144/63bb9aed-dac7-4b55-b52b-d626d3373cd6.jpg, sex=1)，共耗时123毫秒------
2020-12-25 22:27:39 下午 [Thread: http-nio-8080-exec-6][ Class:top.chris.shop.util.CookieUtils >> Method: top.chris.shop.util.CookieUtils.doSetCookie(CookieUtils.java:202) ]
INFO:========== domainName: localhost ==========
2020-12-25 22:29:47 下午 [Thread: http-nio-8080-exec-10][ Class:top.chris.shop.aspect.LogTimeAspect >> Method: top.chris.shop.aspect.LogTimeAspect.arroundServiceLog(LogTimeAspect.java:31) ]
INFO:------方法top.chris.shop.service.impl.PassportServiceImpl.login在Fri Dec 25 22:29:46 CST 2020时使用参数[Ljava.lang.Object;@1aac7edb[{UsersBo(username=idea, password=123456, confirmPassword=null)}]调用,并得到了结果UsersVo(id=20121572283947270144, username=idea, face=http://192.168.2.2:8089/face/20121572283947270144/63bb9aed-dac7-4b55-b52b-d626d3373cd6.jpg, sex=1)，共耗时288毫秒------
2020-12-25 22:29:47 下午 [Thread: http-nio-8080-exec-10][ Class:top.chris.shop.util.CookieUtils >> Method: top.chris.shop.util.CookieUtils.doSetCookie(CookieUtils.java:202) ]
INFO:========== domainName: localhost ==========
2020-12-25 22:30:14 下午 [Thread: http-nio-8080-exec-3][ Class:top.chris.shop.aspect.LogTimeAspect >> Method: top.chris.shop.aspect.LogTimeAspect.arroundServiceLog(LogTimeAspect.java:31) ]
INFO:------方法top.chris.shop.service.impl.PassportServiceImpl.login在Fri Dec 25 22:30:13 CST 2020时使用参数[Ljava.lang.Object;@68f52f3a[{UsersBo(username=idea, password=123456, confirmPassword=null)}]调用,并得到了结果UsersVo(id=20121572283947270144, username=idea, face=http://192.168.2.2:8089/face/20121572283947270144/63bb9aed-dac7-4b55-b52b-d626d3373cd6.jpg, sex=1)，共耗时121毫秒------
2020-12-25 22:30:14 下午 [Thread: http-nio-8080-exec-3][ Class:top.chris.shop.util.CookieUtils >> Method: top.chris.shop.util.CookieUtils.doSetCookie(CookieUtils.java:202) ]
INFO:========== domainName: localhost ==========
2020-12-25 22:31:07 下午 [Thread: http-nio-8080-exec-8][ Class:top.chris.shop.aspect.LogTimeAspect >> Method: top.chris.shop.aspect.LogTimeAspect.arroundServiceLog(LogTimeAspect.java:31) ]
INFO:------方法top.chris.shop.service.impl.PassportServiceImpl.login在Fri Dec 25 22:31:07 CST 2020时使用参数[Ljava.lang.Object;@502571f4[{UsersBo(username=idea, password=123456, confirmPassword=null)}]调用,并得到了结果UsersVo(id=20121572283947270144, username=idea, face=http://192.168.2.2:8089/face/20121572283947270144/63bb9aed-dac7-4b55-b52b-d626d3373cd6.jpg, sex=1)，共耗时117毫秒------
2020-12-25 22:31:07 下午 [Thread: http-nio-8080-exec-8][ Class:top.chris.shop.util.CookieUtils >> Method: top.chris.shop.util.CookieUtils.doSetCookie(CookieUtils.java:202) ]
INFO:========== domainName: localhost ==========
2020-12-25 22:40:17 下午 [Thread: http-nio-8080-exec-2][ Class:top.chris.shop.aspect.LogTimeAspect >> Method: top.chris.shop.aspect.LogTimeAspect.arroundServiceLog(LogTimeAspect.java:31) ]
INFO:------方法top.chris.shop.service.impl.PassportServiceImpl.login在Fri Dec 25 22:40:17 CST 2020时使用参数[Ljava.lang.Object;@5e3b07a8[{UsersBo(username=idea, password=123456, confirmPassword=null)}]调用,并得到了结果UsersVo(id=20121572283947270144, username=idea, face=http://192.168.2.2:8089/face/20121572283947270144/63bb9aed-dac7-4b55-b52b-d626d3373cd6.jpg, sex=1)，共耗时121毫秒------
2020-12-25 22:40:17 下午 [Thread: http-nio-8080-exec-2][ Class:top.chris.shop.util.CookieUtils >> Method: top.chris.shop.util.CookieUtils.doSetCookie(CookieUtils.java:202) ]
INFO:========== domainName: localhost ==========
2020-12-25 22:41:54 下午 [Thread: http-nio-8080-exec-6][ Class:top.chris.shop.aspect.LogTimeAspect >> Method: top.chris.shop.aspect.LogTimeAspect.arroundServiceLog(LogTimeAspect.java:31) ]
INFO:------方法top.chris.shop.service.impl.PassportServiceImpl.login在Fri Dec 25 22:41:54 CST 2020时使用参数[Ljava.lang.Object;@6c143813[{UsersBo(username=idea, password=123456, confirmPassword=null)}]调用,并得到了结果UsersVo(id=20121572283947270144, username=idea, face=http://192.168.2.2:8089/face/20121572283947270144/63bb9aed-dac7-4b55-b52b-d626d3373cd6.jpg, sex=1)，共耗时100毫秒------
2020-12-25 22:41:54 下午 [Thread: http-nio-8080-exec-6][ Class:top.chris.shop.util.CookieUtils >> Method: top.chris.shop.util.CookieUtils.doSetCookie(CookieUtils.java:202) ]
INFO:========== domainName: localhost ==========
