2020-10-08 00:26:26 上午 [Thread: main][ Class:org.mybatis.spring.mapper.ClassPathMapperScanner >> Method: org.mybatis.logging.Logger.warn(Logger.java:44) ]
WARN:No MyBatis mapper was found in '[top.chris.shop]' package. Please check your configuration.
2020-10-08 00:26:49 上午 [Thread: http-nio-8080-exec-3][ Class:com.zaxxer.hikari.util.DriverDataSource >> Method: com.zaxxer.hikari.util.DriverDataSource.<init>(DriverDataSource.java:68) ]
WARN:Registered driver with driverClassName=com.mysql.jdbc.Driver was not found, trying direct instantiation.
2020-10-08 00:31:51 上午 [Thread: main][ Class:org.mybatis.spring.mapper.ClassPathMapperScanner >> Method: org.mybatis.logging.Logger.warn(Logger.java:44) ]
WARN:No MyBatis mapper was found in '[top.chris.shop]' package. Please check your configuration.
2020-10-08 00:31:59 上午 [Thread: http-nio-8080-exec-2][ Class:com.zaxxer.hikari.util.DriverDataSource >> Method: com.zaxxer.hikari.util.DriverDataSource.<init>(DriverDataSource.java:68) ]
WARN:Registered driver with driverClassName=com.mysql.jdbc.Driver was not found, trying direct instantiation.
2020-10-08 00:35:20 上午 [Thread: main][ Class:org.mybatis.spring.mapper.ClassPathMapperScanner >> Method: org.mybatis.logging.Logger.warn(Logger.java:44) ]
WARN:No MyBatis mapper was found in '[top.chris.shop]' package. Please check your configuration.
2020-10-08 00:35:31 上午 [Thread: http-nio-8080-exec-2][ Class:com.zaxxer.hikari.util.DriverDataSource >> Method: com.zaxxer.hikari.util.DriverDataSource.<init>(DriverDataSource.java:68) ]
WARN:Registered driver with driverClassName=com.mysql.jdbc.Driver was not found, trying direct instantiation.
2020-10-08 00:36:35 上午 [Thread: main][ Class:org.mybatis.spring.mapper.ClassPathMapperScanner >> Method: org.mybatis.logging.Logger.warn(Logger.java:44) ]
WARN:No MyBatis mapper was found in '[top.chris.shop]' package. Please check your configuration.
2020-10-08 00:36:41 上午 [Thread: http-nio-8080-exec-1][ Class:com.zaxxer.hikari.util.DriverDataSource >> Method: com.zaxxer.hikari.util.DriverDataSource.<init>(DriverDataSource.java:68) ]
WARN:Registered driver with driverClassName=com.mysql.jdbc.Driver was not found, trying direct instantiation.
2020-10-08 00:39:53 上午 [Thread: main][ Class:org.mybatis.spring.mapper.ClassPathMapperScanner >> Method: org.mybatis.logging.Logger.warn(Logger.java:44) ]
WARN:No MyBatis mapper was found in '[top.chris.shop]' package. Please check your configuration.
2020-10-08 00:39:57 上午 [Thread: http-nio-8080-exec-1][ Class:com.zaxxer.hikari.util.DriverDataSource >> Method: com.zaxxer.hikari.util.DriverDataSource.<init>(DriverDataSource.java:68) ]
WARN:Registered driver with driverClassName=com.mysql.jdbc.Driver was not found, trying direct instantiation.
2020-10-08 00:41:05 上午 [Thread: main][ Class:org.mybatis.spring.mapper.ClassPathMapperScanner >> Method: org.mybatis.logging.Logger.warn(Logger.java:44) ]
WARN:No MyBatis mapper was found in '[top.chris.shop]' package. Please check your configuration.
2020-10-08 00:41:13 上午 [Thread: http-nio-8080-exec-1][ Class:com.zaxxer.hikari.util.DriverDataSource >> Method: com.zaxxer.hikari.util.DriverDataSource.<init>(DriverDataSource.java:68) ]
WARN:Registered driver with driverClassName=com.mysql.jdbc.Driver was not found, trying direct instantiation.
2020-10-08 00:46:14 上午 [Thread: main][ Class:org.mybatis.spring.mapper.ClassPathMapperScanner >> Method: org.mybatis.logging.Logger.warn(Logger.java:44) ]
WARN:No MyBatis mapper was found in '[top.chris.shop]' package. Please check your configuration.
2020-10-08 00:46:22 上午 [Thread: main][ Class:org.mybatis.spring.mapper.ClassPathMapperScanner >> Method: org.mybatis.logging.Logger.warn(Logger.java:44) ]
WARN:No MyBatis mapper was found in '[top.chris.shop]' package. Please check your configuration.
2020-10-08 00:46:49 上午 [Thread: http-nio-8080-exec-1][ Class:com.zaxxer.hikari.util.DriverDataSource >> Method: com.zaxxer.hikari.util.DriverDataSource.<init>(DriverDataSource.java:68) ]
WARN:Registered driver with driverClassName=com.mysql.jdbc.Driver was not found, trying direct instantiation.
2020-10-08 23:39:18 下午 [Thread: main][ Class:org.mybatis.spring.mapper.ClassPathMapperScanner >> Method: org.mybatis.logging.Logger.warn(Logger.java:44) ]
WARN:No MyBatis mapper was found in '[top.chris.shop]' package. Please check your configuration.
2020-10-08 23:46:54 下午 [Thread: http-nio-8080-exec-3][ Class:com.zaxxer.hikari.util.DriverDataSource >> Method: com.zaxxer.hikari.util.DriverDataSource.<init>(DriverDataSource.java:68) ]
WARN:Registered driver with driverClassName=com.mysql.jdbc.Driver was not found, trying direct instantiation.
2020-10-08 23:57:09 下午 [Thread: main][ Class:org.mybatis.spring.mapper.ClassPathMapperScanner >> Method: org.mybatis.logging.Logger.warn(Logger.java:44) ]
WARN:No MyBatis mapper was found in '[top.chris.shop]' package. Please check your configuration.
2020-10-08 23:57:55 下午 [Thread: http-nio-8080-exec-2][ Class:com.zaxxer.hikari.util.DriverDataSource >> Method: com.zaxxer.hikari.util.DriverDataSource.<init>(DriverDataSource.java:68) ]
WARN:Registered driver with driverClassName=com.mysql.jdbc.Driver was not found, trying direct instantiation.
