2020-12-05 16:18:05 下午 [Thread: main][ Class:org.mybatis.spring.mapper.ClassPathMapperScanner >> Method: org.mybatis.logging.Logger.warn(Logger.java:44) ]
WARN:No MyBatis mapper was found in '[top.chris.shop]' package. Please check your configuration.
2020-12-05 16:18:13 下午 [Thread: main][ Class:springfox.documentation.spring.web.readers.parameter.ParameterDataTypeReader >> Method: springfox.documentation.spring.web.readers.parameter.ParameterDataTypeReader.apply(ParameterDataTypeReader.java:92) ]
WARN:Trying to infer dataType java.lang.String[]
2020-12-05 16:18:25 下午 [Thread: http-nio-8080-exec-1][ Class:com.zaxxer.hikari.util.DriverDataSource >> Method: com.zaxxer.hikari.util.DriverDataSource.<init>(DriverDataSource.java:68) ]
WARN:Registered driver with driverClassName=com.mysql.jdbc.Driver was not found, trying direct instantiation.
2020-12-05 16:23:35 下午 [Thread: main][ Class:org.mybatis.spring.mapper.ClassPathMapperScanner >> Method: org.mybatis.logging.Logger.warn(Logger.java:44) ]
WARN:No MyBatis mapper was found in '[top.chris.shop]' package. Please check your configuration.
2020-12-05 16:23:40 下午 [Thread: main][ Class:springfox.documentation.spring.web.readers.parameter.ParameterDataTypeReader >> Method: springfox.documentation.spring.web.readers.parameter.ParameterDataTypeReader.apply(ParameterDataTypeReader.java:92) ]
WARN:Trying to infer dataType java.lang.String[]
2020-12-05 16:23:45 下午 [Thread: http-nio-8080-exec-1][ Class:com.zaxxer.hikari.util.DriverDataSource >> Method: com.zaxxer.hikari.util.DriverDataSource.<init>(DriverDataSource.java:68) ]
WARN:Registered driver with driverClassName=com.mysql.jdbc.Driver was not found, trying direct instantiation.
2020-12-05 16:25:56 下午 [Thread: main][ Class:org.mybatis.spring.mapper.ClassPathMapperScanner >> Method: org.mybatis.logging.Logger.warn(Logger.java:44) ]
WARN:No MyBatis mapper was found in '[top.chris.shop]' package. Please check your configuration.
2020-12-05 16:26:01 下午 [Thread: main][ Class:springfox.documentation.spring.web.readers.parameter.ParameterDataTypeReader >> Method: springfox.documentation.spring.web.readers.parameter.ParameterDataTypeReader.apply(ParameterDataTypeReader.java:92) ]
WARN:Trying to infer dataType java.lang.String[]
2020-12-05 16:26:03 下午 [Thread: http-nio-8080-exec-1][ Class:com.zaxxer.hikari.util.DriverDataSource >> Method: com.zaxxer.hikari.util.DriverDataSource.<init>(DriverDataSource.java:68) ]
WARN:Registered driver with driverClassName=com.mysql.jdbc.Driver was not found, trying direct instantiation.
2020-12-05 17:13:32 下午 [Thread: main][ Class:org.mybatis.spring.mapper.ClassPathMapperScanner >> Method: org.mybatis.logging.Logger.warn(Logger.java:44) ]
WARN:No MyBatis mapper was found in '[top.chris.shop]' package. Please check your configuration.
2020-12-05 17:13:37 下午 [Thread: main][ Class:springfox.documentation.spring.web.readers.parameter.ParameterDataTypeReader >> Method: springfox.documentation.spring.web.readers.parameter.ParameterDataTypeReader.apply(ParameterDataTypeReader.java:92) ]
WARN:Trying to infer dataType java.lang.String[]
