2020-12-25 20:32:40 下午 [Thread: main][ Class:org.mybatis.spring.mapper.ClassPathMapperScanner >> Method: org.mybatis.logging.Logger.warn(Logger.java:44) ]
WARN:No MyBatis mapper was found in '[top.chris.shop]' package. Please check your configuration.
2020-12-25 20:36:43 下午 [Thread: main][ Class:org.mybatis.spring.mapper.ClassPathMapperScanner >> Method: org.mybatis.logging.Logger.warn(Logger.java:44) ]
WARN:No MyBatis mapper was found in '[top.chris.shop]' package. Please check your configuration.
2020-12-25 20:37:46 下午 [Thread: http-nio-8080-exec-3][ Class:com.zaxxer.hikari.util.DriverDataSource >> Method: com.zaxxer.hikari.util.DriverDataSource.<init>(DriverDataSource.java:68) ]
WARN:Registered driver with driverClassName=com.mysql.jdbc.Driver was not found, trying direct instantiation.
2020-12-25 20:37:48 下午 [Thread: http-nio-8080-exec-3][ Class:top.chris.shop.aspect.LogTimeAspect >> Method: top.chris.shop.aspect.LogTimeAspect.arroundServiceLog(LogTimeAspect.java:34) ]
WARN:------方法top.chris.shop.service.impl.IndexServiceImpl.rendersCarousel在Fri Dec 25 20:37:46 CST 2020时使用参数[Ljava.lang.Object;@fbc73a0[{}]调用,并得到了结果[top.chris.shop.pojo.Carousel@313c5622, top.chris.shop.pojo.Carousel@46bae27b, top.chris.shop.pojo.Carousel@7ef28881, top.chris.shop.pojo.Carousel@12bfc58c]，共耗时1403毫秒------
2020-12-25 20:37:48 下午 [Thread: http-nio-8080-exec-4][ Class:top.chris.shop.aspect.LogTimeAspect >> Method: top.chris.shop.aspect.LogTimeAspect.arroundServiceLog(LogTimeAspect.java:34) ]
WARN:------方法top.chris.shop.service.impl.IndexServiceImpl.rendersCats在Fri Dec 25 20:37:46 CST 2020时使用参数[Ljava.lang.Object;@5c263ba2[{}]调用,并得到了结果[top.chris.shop.pojo.Category@4b02058f, top.chris.shop.pojo.Category@5de0faa, top.chris.shop.pojo.Category@51a5c870, top.chris.shop.pojo.Category@3c3302cd, top.chris.shop.pojo.Category@674646b9, top.chris.shop.pojo.Category@1290a6a4, top.chris.shop.pojo.Category@6d891ace, top.chris.shop.pojo.Category@498858d8, top.chris.shop.pojo.Category@1c2eacde, top.chris.shop.pojo.Category@b9c9c79]，共耗时1721毫秒------
2020-12-25 21:46:40 下午 [Thread: http-nio-8080-exec-3][ Class:org.springframework.web.servlet.mvc.support.DefaultHandlerExceptionResolver >> Method: org.springframework.web.servlet.handler.AbstractHandlerExceptionResolver.logException(AbstractHandlerExceptionResolver.java:198) ]
WARN:Resolved [org.springframework.web.HttpRequestMethodNotSupportedException: Request method 'GET' not supported]
2020-12-25 21:47:01 下午 [Thread: http-nio-8080-exec-5][ Class:org.springframework.web.servlet.mvc.support.DefaultHandlerExceptionResolver >> Method: org.springframework.web.servlet.handler.AbstractHandlerExceptionResolver.logException(AbstractHandlerExceptionResolver.java:198) ]
WARN:Resolved [org.springframework.web.HttpRequestMethodNotSupportedException: Request method 'GET' not supported]
2020-12-25 21:47:08 下午 [Thread: http-nio-8080-exec-6][ Class:org.springframework.web.servlet.mvc.support.DefaultHandlerExceptionResolver >> Method: org.springframework.web.servlet.handler.AbstractHandlerExceptionResolver.logException(AbstractHandlerExceptionResolver.java:198) ]
WARN:Resolved [org.springframework.web.HttpRequestMethodNotSupportedException: Request method 'GET' not supported]
2020-12-25 21:47:33 下午 [Thread: http-nio-8080-exec-8][ Class:org.springframework.web.servlet.mvc.support.DefaultHandlerExceptionResolver >> Method: org.springframework.web.servlet.handler.AbstractHandlerExceptionResolver.logException(AbstractHandlerExceptionResolver.java:198) ]
WARN:Resolved [org.springframework.web.bind.MethodArgumentNotValidException: Validation failed for argument [0] in public top.chris.shop.util.JsonResult top.chris.shop.web.controller.PassportController.login(top.chris.shop.pojo.bo.UsersBo,javax.servlet.http.HttpServletRequest,javax.servlet.http.HttpServletResponse) throws com.fasterxml.jackson.core.JsonProcessingException: [Field error in object 'usersBo' on field 'username': rejected value [null]; codes [NotBlank.usersBo.username,NotBlank.username,NotBlank.java.lang.String,NotBlank]; arguments [org.springframework.context.support.DefaultMessageSourceResolvable: codes [usersBo.username,username]; arguments []; default message [username]]; default message [用户名不能为空]] ]
2020-12-25 22:16:35 下午 [Thread: http-nio-8080-exec-10][ Class:top.chris.shop.aspect.LogTimeAspect >> Method: top.chris.shop.aspect.LogTimeAspect.arroundServiceLog(LogTimeAspect.java:34) ]
WARN:------方法top.chris.shop.service.impl.PassportServiceImpl.login在Fri Dec 25 22:16:33 CST 2020时使用参数[Ljava.lang.Object;@49b0ce07[{UsersBo(username=idea, password=123456, confirmPassword=null)}]调用,并得到了结果UsersVo(id=20121572283947270144, username=idea, face=http://192.168.2.2:8089/face/20121572283947270144/63bb9aed-dac7-4b55-b52b-d626d3373cd6.jpg, sex=1)，共耗时2338毫秒------
