2020-12-15 08:52:02 上午 [Thread: main][ Class:org.mybatis.spring.mapper.ClassPathMapperScanner >> Method: org.mybatis.logging.Logger.warn(Logger.java:44) ]
WARN:No MyBatis mapper was found in '[top.chris.shop]' package. Please check your configuration.
2020-12-15 08:52:09 上午 [Thread: main][ Class:springfox.documentation.spring.web.readers.parameter.ParameterDataTypeReader >> Method: springfox.documentation.spring.web.readers.parameter.ParameterDataTypeReader.apply(ParameterDataTypeReader.java:92) ]
WARN:Trying to infer dataType java.lang.String[]
2020-12-15 08:54:31 上午 [Thread: http-nio-8080-exec-1][ Class:com.zaxxer.hikari.util.DriverDataSource >> Method: com.zaxxer.hikari.util.DriverDataSource.<init>(DriverDataSource.java:68) ]
WARN:Registered driver with driverClassName=com.mysql.jdbc.Driver was not found, trying direct instantiation.
2020-12-15 09:27:37 上午 [Thread: main][ Class:org.mybatis.spring.mapper.ClassPathMapperScanner >> Method: org.mybatis.logging.Logger.warn(Logger.java:44) ]
WARN:No MyBatis mapper was found in '[top.chris.shop]' package. Please check your configuration.
2020-12-15 09:27:42 上午 [Thread: main][ Class:springfox.documentation.spring.web.readers.parameter.ParameterDataTypeReader >> Method: springfox.documentation.spring.web.readers.parameter.ParameterDataTypeReader.apply(ParameterDataTypeReader.java:92) ]
WARN:Trying to infer dataType java.lang.String[]
2020-12-15 09:27:49 上午 [Thread: http-nio-8080-exec-2][ Class:com.zaxxer.hikari.util.DriverDataSource >> Method: com.zaxxer.hikari.util.DriverDataSource.<init>(DriverDataSource.java:68) ]
WARN:Registered driver with driverClassName=com.mysql.jdbc.Driver was not found, trying direct instantiation.
2020-12-15 10:44:21 上午 [Thread: main][ Class:org.mybatis.spring.mapper.ClassPathMapperScanner >> Method: org.mybatis.logging.Logger.warn(Logger.java:44) ]
WARN:No MyBatis mapper was found in '[top.chris.shop]' package. Please check your configuration.
2020-12-15 10:44:28 上午 [Thread: main][ Class:springfox.documentation.spring.web.readers.parameter.ParameterDataTypeReader >> Method: springfox.documentation.spring.web.readers.parameter.ParameterDataTypeReader.apply(ParameterDataTypeReader.java:92) ]
WARN:Trying to infer dataType java.lang.String[]
2020-12-15 10:45:04 上午 [Thread: http-nio-8080-exec-1][ Class:com.zaxxer.hikari.util.DriverDataSource >> Method: com.zaxxer.hikari.util.DriverDataSource.<init>(DriverDataSource.java:68) ]
WARN:Registered driver with driverClassName=com.mysql.jdbc.Driver was not found, trying direct instantiation.
2020-12-15 10:49:54 上午 [Thread: main][ Class:org.mybatis.spring.mapper.ClassPathMapperScanner >> Method: org.mybatis.logging.Logger.warn(Logger.java:44) ]
WARN:No MyBatis mapper was found in '[top.chris.shop]' package. Please check your configuration.
2020-12-15 10:49:59 上午 [Thread: main][ Class:springfox.documentation.spring.web.readers.parameter.ParameterDataTypeReader >> Method: springfox.documentation.spring.web.readers.parameter.ParameterDataTypeReader.apply(ParameterDataTypeReader.java:92) ]
WARN:Trying to infer dataType java.lang.String[]
2020-12-15 10:50:23 上午 [Thread: http-nio-8080-exec-2][ Class:com.zaxxer.hikari.util.DriverDataSource >> Method: com.zaxxer.hikari.util.DriverDataSource.<init>(DriverDataSource.java:68) ]
WARN:Registered driver with driverClassName=com.mysql.jdbc.Driver was not found, trying direct instantiation.
2020-12-15 11:40:01 上午 [Thread: main][ Class:org.mybatis.spring.mapper.ClassPathMapperScanner >> Method: org.mybatis.logging.Logger.warn(Logger.java:44) ]
WARN:No MyBatis mapper was found in '[top.chris.shop]' package. Please check your configuration.
2020-12-15 11:40:08 上午 [Thread: main][ Class:springfox.documentation.spring.web.readers.parameter.ParameterDataTypeReader >> Method: springfox.documentation.spring.web.readers.parameter.ParameterDataTypeReader.apply(ParameterDataTypeReader.java:92) ]
WARN:Trying to infer dataType java.lang.String[]
2020-12-15 11:41:01 上午 [Thread: http-nio-8080-exec-1][ Class:com.zaxxer.hikari.util.DriverDataSource >> Method: com.zaxxer.hikari.util.DriverDataSource.<init>(DriverDataSource.java:68) ]
WARN:Registered driver with driverClassName=com.mysql.jdbc.Driver was not found, trying direct instantiation.
2020-12-15 22:36:43 下午 [Thread: main][ Class:org.mybatis.spring.mapper.ClassPathMapperScanner >> Method: org.mybatis.logging.Logger.warn(Logger.java:44) ]
WARN:No MyBatis mapper was found in '[top.chris.shop]' package. Please check your configuration.
2020-12-15 22:36:57 下午 [Thread: main][ Class:springfox.documentation.spring.web.readers.parameter.ParameterDataTypeReader >> Method: springfox.documentation.spring.web.readers.parameter.ParameterDataTypeReader.apply(ParameterDataTypeReader.java:92) ]
WARN:Trying to infer dataType java.lang.String[]
2020-12-15 22:37:43 下午 [Thread: http-nio-8080-exec-5][ Class:com.zaxxer.hikari.util.DriverDataSource >> Method: com.zaxxer.hikari.util.DriverDataSource.<init>(DriverDataSource.java:68) ]
WARN:Registered driver with driverClassName=com.mysql.jdbc.Driver was not found, trying direct instantiation.
2020-12-15 22:37:44 下午 [Thread: http-nio-8080-exec-5][ Class:top.chris.shop.aspect.LogTimeAspect >> Method: top.chris.shop.aspect.LogTimeAspect.arroundServiceLog(LogTimeAspect.java:34) ]
WARN:------方法top.chris.shop.service.impl.ItemsServiceImpl.searchItemsLikeName在Tue Dec 15 22:37:42 CST 2020时使用参数[Ljava.lang.Object;@3d2365d2[{SearchItemsBo(keywords=天, catId=null, sort=k, page=1, pageSize=10)}]调用,并得到了结果top.chris.shop.util.PagedGridResult@7a2e016b，共耗时1627毫秒------
2020-12-15 22:47:40 下午 [Thread: main][ Class:org.mybatis.spring.mapper.ClassPathMapperScanner >> Method: org.mybatis.logging.Logger.warn(Logger.java:44) ]
WARN:No MyBatis mapper was found in '[top.chris.shop]' package. Please check your configuration.
2020-12-15 22:47:53 下午 [Thread: main][ Class:springfox.documentation.spring.web.readers.parameter.ParameterDataTypeReader >> Method: springfox.documentation.spring.web.readers.parameter.ParameterDataTypeReader.apply(ParameterDataTypeReader.java:92) ]
WARN:Trying to infer dataType java.lang.String[]
2020-12-15 22:47:54 下午 [Thread: http-nio-8080-exec-10][ Class:com.zaxxer.hikari.util.DriverDataSource >> Method: com.zaxxer.hikari.util.DriverDataSource.<init>(DriverDataSource.java:68) ]
WARN:Registered driver with driverClassName=com.mysql.jdbc.Driver was not found, trying direct instantiation.
2020-12-15 22:47:55 下午 [Thread: http-nio-8080-exec-10][ Class:top.chris.shop.aspect.LogTimeAspect >> Method: top.chris.shop.aspect.LogTimeAspect.arroundServiceLog(LogTimeAspect.java:34) ]
WARN:------方法top.chris.shop.service.impl.ItemsServiceImpl.searchItemsLikeName在Tue Dec 15 22:47:54 CST 2020时使用参数[Ljava.lang.Object;@4f78faff[{SearchItemsBo(keywords=天, catId=null, sort=k, page=1, pageSize=10)}]调用,并得到了结果top.chris.shop.util.PagedGridResult@11c298f9，共耗时1019毫秒------
