2020-12-27 09:24:10 上午 [Thread: main][ Class:org.mybatis.spring.mapper.ClassPathMapperScanner >> Method: org.mybatis.logging.Logger.warn(Logger.java:44) ]
WARN:No MyBatis mapper was found in '[top.chris.shop]' package. Please check your configuration.
2020-12-27 09:24:37 上午 [Thread: http-nio-8080-exec-2][ Class:com.zaxxer.hikari.util.DriverDataSource >> Method: com.zaxxer.hikari.util.DriverDataSource.<init>(DriverDataSource.java:68) ]
WARN:Registered driver with driverClassName=com.mysql.jdbc.Driver was not found, trying direct instantiation.
2020-12-27 11:38:59 上午 [Thread: main][ Class:org.mybatis.spring.mapper.ClassPathMapperScanner >> Method: org.mybatis.logging.Logger.warn(Logger.java:44) ]
WARN:No MyBatis mapper was found in '[top.chris.shop]' package. Please check your configuration.
2020-12-27 11:40:00 上午 [Thread: http-nio-8080-exec-3][ Class:com.zaxxer.hikari.util.DriverDataSource >> Method: com.zaxxer.hikari.util.DriverDataSource.<init>(DriverDataSource.java:68) ]
WARN:Registered driver with driverClassName=com.mysql.jdbc.Driver was not found, trying direct instantiation.
2020-12-27 11:41:40 上午 [Thread: http-nio-8080-exec-2][ Class:org.springframework.web.servlet.mvc.support.DefaultHandlerExceptionResolver >> Method: org.springframework.web.servlet.handler.AbstractHandlerExceptionResolver.logException(AbstractHandlerExceptionResolver.java:198) ]
WARN:Resolved [org.springframework.web.HttpRequestMethodNotSupportedException: Request method 'POST' not supported]
2020-12-27 11:41:49 上午 [Thread: http-nio-8080-exec-7][ Class:org.springframework.web.servlet.mvc.support.DefaultHandlerExceptionResolver >> Method: org.springframework.web.servlet.handler.AbstractHandlerExceptionResolver.logException(AbstractHandlerExceptionResolver.java:198) ]
WARN:Resolved [org.springframework.web.HttpRequestMethodNotSupportedException: Request method 'POST' not supported]
2020-12-27 14:25:51 下午 [Thread: main][ Class:org.mybatis.spring.mapper.ClassPathMapperScanner >> Method: org.mybatis.logging.Logger.warn(Logger.java:44) ]
WARN:No MyBatis mapper was found in '[top.chris.shop]' package. Please check your configuration.
2020-12-27 14:26:13 下午 [Thread: http-nio-8080-exec-1][ Class:com.zaxxer.hikari.util.DriverDataSource >> Method: com.zaxxer.hikari.util.DriverDataSource.<init>(DriverDataSource.java:68) ]
WARN:Registered driver with driverClassName=com.mysql.jdbc.Driver was not found, trying direct instantiation.
2020-12-27 14:26:35 下午 [Thread: http-nio-8080-exec-3][ Class:org.springframework.web.servlet.mvc.support.DefaultHandlerExceptionResolver >> Method: org.springframework.web.servlet.handler.AbstractHandlerExceptionResolver.logException(AbstractHandlerExceptionResolver.java:198) ]
WARN:Resolved [org.springframework.web.HttpRequestMethodNotSupportedException: Request method 'POST' not supported]
2020-12-27 14:27:40 下午 [Thread: main][ Class:org.mybatis.spring.mapper.ClassPathMapperScanner >> Method: org.mybatis.logging.Logger.warn(Logger.java:44) ]
WARN:No MyBatis mapper was found in '[top.chris.shop]' package. Please check your configuration.
2020-12-27 14:28:26 下午 [Thread: main][ Class:org.mybatis.spring.mapper.ClassPathMapperScanner >> Method: org.mybatis.logging.Logger.warn(Logger.java:44) ]
WARN:No MyBatis mapper was found in '[top.chris.shop]' package. Please check your configuration.
2020-12-27 14:31:05 下午 [Thread: http-nio-8080-exec-6][ Class:com.zaxxer.hikari.util.DriverDataSource >> Method: com.zaxxer.hikari.util.DriverDataSource.<init>(DriverDataSource.java:68) ]
WARN:Registered driver with driverClassName=com.mysql.jdbc.Driver was not found, trying direct instantiation.
2020-12-27 14:33:47 下午 [Thread: main][ Class:org.mybatis.spring.mapper.ClassPathMapperScanner >> Method: org.mybatis.logging.Logger.warn(Logger.java:44) ]
WARN:No MyBatis mapper was found in '[top.chris.shop]' package. Please check your configuration.
2020-12-27 14:34:03 下午 [Thread: http-nio-8080-exec-1][ Class:com.zaxxer.hikari.util.DriverDataSource >> Method: com.zaxxer.hikari.util.DriverDataSource.<init>(DriverDataSource.java:68) ]
WARN:Registered driver with driverClassName=com.mysql.jdbc.Driver was not found, trying direct instantiation.
2020-12-27 14:42:12 下午 [Thread: main][ Class:org.mybatis.spring.mapper.ClassPathMapperScanner >> Method: org.mybatis.logging.Logger.warn(Logger.java:44) ]
WARN:No MyBatis mapper was found in '[top.chris.shop]' package. Please check your configuration.
2020-12-27 14:42:18 下午 [Thread: http-nio-8080-exec-1][ Class:com.zaxxer.hikari.util.DriverDataSource >> Method: com.zaxxer.hikari.util.DriverDataSource.<init>(DriverDataSource.java:68) ]
WARN:Registered driver with driverClassName=com.mysql.jdbc.Driver was not found, trying direct instantiation.
2020-12-27 15:27:09 下午 [Thread: main][ Class:org.mybatis.spring.mapper.ClassPathMapperScanner >> Method: org.mybatis.logging.Logger.warn(Logger.java:44) ]
WARN:No MyBatis mapper was found in '[top.chris.shop]' package. Please check your configuration.
2020-12-27 15:34:50 下午 [Thread: main][ Class:org.mybatis.spring.mapper.ClassPathMapperScanner >> Method: org.mybatis.logging.Logger.warn(Logger.java:44) ]
WARN:No MyBatis mapper was found in '[top.chris.shop]' package. Please check your configuration.
2020-12-27 15:35:56 下午 [Thread: http-nio-8080-exec-1][ Class:com.zaxxer.hikari.util.DriverDataSource >> Method: com.zaxxer.hikari.util.DriverDataSource.<init>(DriverDataSource.java:68) ]
WARN:Registered driver with driverClassName=com.mysql.jdbc.Driver was not found, trying direct instantiation.
2020-12-27 15:39:23 下午 [Thread: main][ Class:org.mybatis.spring.mapper.ClassPathMapperScanner >> Method: org.mybatis.logging.Logger.warn(Logger.java:44) ]
WARN:No MyBatis mapper was found in '[top.chris.shop]' package. Please check your configuration.
2020-12-27 15:39:35 下午 [Thread: http-nio-8080-exec-1][ Class:com.zaxxer.hikari.util.DriverDataSource >> Method: com.zaxxer.hikari.util.DriverDataSource.<init>(DriverDataSource.java:68) ]
WARN:Registered driver with driverClassName=com.mysql.jdbc.Driver was not found, trying direct instantiation.
2020-12-27 16:14:35 下午 [Thread: main][ Class:org.mybatis.spring.mapper.ClassPathMapperScanner >> Method: org.mybatis.logging.Logger.warn(Logger.java:44) ]
WARN:No MyBatis mapper was found in '[top.chris.shop]' package. Please check your configuration.
2020-12-27 16:14:51 下午 [Thread: http-nio-8080-exec-2][ Class:com.zaxxer.hikari.util.DriverDataSource >> Method: com.zaxxer.hikari.util.DriverDataSource.<init>(DriverDataSource.java:68) ]
WARN:Registered driver with driverClassName=com.mysql.jdbc.Driver was not found, trying direct instantiation.
2020-12-27 16:41:34 下午 [Thread: main][ Class:org.mybatis.spring.mapper.ClassPathMapperScanner >> Method: org.mybatis.logging.Logger.warn(Logger.java:44) ]
WARN:No MyBatis mapper was found in '[top.chris.shop]' package. Please check your configuration.
2020-12-27 16:42:03 下午 [Thread: http-nio-8080-exec-3][ Class:com.zaxxer.hikari.util.DriverDataSource >> Method: com.zaxxer.hikari.util.DriverDataSource.<init>(DriverDataSource.java:68) ]
WARN:Registered driver with driverClassName=com.mysql.jdbc.Driver was not found, trying direct instantiation.
2020-12-27 20:11:00 下午 [Thread: main][ Class:org.mybatis.spring.mapper.ClassPathMapperScanner >> Method: org.mybatis.logging.Logger.warn(Logger.java:44) ]
WARN:No MyBatis mapper was found in '[top.chris.shop]' package. Please check your configuration.
2020-12-27 20:11:34 下午 [Thread: http-nio-8080-exec-2][ Class:com.zaxxer.hikari.util.DriverDataSource >> Method: com.zaxxer.hikari.util.DriverDataSource.<init>(DriverDataSource.java:68) ]
WARN:Registered driver with driverClassName=com.mysql.jdbc.Driver was not found, trying direct instantiation.
2020-12-27 20:11:35 下午 [Thread: http-nio-8080-exec-2][ Class:top.chris.shop.aspect.LogTimeAspect >> Method: top.chris.shop.aspect.LogTimeAspect.arroundServiceLog(LogTimeAspect.java:34) ]
WARN:------方法top.chris.shop.service.impl.IndexServiceImpl.rendersCarousel在Sun Dec 27 20:11:33 CST 2020时使用参数[Ljava.lang.Object;@218ae515[{}]调用,并得到了结果[top.chris.shop.pojo.Carousel@22e66086, top.chris.shop.pojo.Carousel@7f0b71fd, top.chris.shop.pojo.Carousel@1cfde4f5, top.chris.shop.pojo.Carousel@6aa91832]，共耗时1149毫秒------
2020-12-27 20:11:35 下午 [Thread: http-nio-8080-exec-1][ Class:top.chris.shop.aspect.LogTimeAspect >> Method: top.chris.shop.aspect.LogTimeAspect.arroundServiceLog(LogTimeAspect.java:34) ]
WARN:------方法top.chris.shop.service.impl.IndexServiceImpl.rendersCats在Sun Dec 27 20:11:33 CST 2020时使用参数[Ljava.lang.Object;@41348956[{}]调用,并得到了结果[top.chris.shop.pojo.Category@486f3525, top.chris.shop.pojo.Category@5fd23039, top.chris.shop.pojo.Category@69f4ee83, top.chris.shop.pojo.Category@c6fb4d2, top.chris.shop.pojo.Category@3d986e67, top.chris.shop.pojo.Category@7305c215, top.chris.shop.pojo.Category@3dcbaa00, top.chris.shop.pojo.Category@4c73504f, top.chris.shop.pojo.Category@3266f4f0, top.chris.shop.pojo.Category@6fae8dc3]，共耗时1302毫秒------
2020-12-27 20:11:35 下午 [Thread: http-nio-8080-exec-3][ Class:top.chris.shop.aspect.LogTimeAspect >> Method: top.chris.shop.aspect.LogTimeAspect.arroundServiceLog(LogTimeAspect.java:34) ]
WARN:------方法top.chris.shop.service.impl.ItemsServiceImpl.catItems在Sun Dec 27 20:11:33 CST 2020时使用参数[Ljava.lang.Object;@2bb611bc[{SearchItemsBo(keywords=null, catId=37, sort=k, page=1, pageSize=10)}]调用,并得到了结果top.chris.shop.util.PagedGridResult@463ad809，共耗时1319毫秒------
2020-12-27 22:53:39 下午 [Thread: http-nio-8080-exec-9][ Class:org.springframework.web.servlet.mvc.support.DefaultHandlerExceptionResolver >> Method: org.springframework.web.servlet.handler.AbstractHandlerExceptionResolver.logException(AbstractHandlerExceptionResolver.java:198) ]
WARN:Resolved [org.springframework.web.method.annotation.MethodArgumentTypeMismatchException: Failed to convert value of type 'java.lang.String' to required type 'java.lang.Integer'; nested exception is java.lang.NumberFormatException: For input string: "undefined"]
2020-12-27 22:54:13 下午 [Thread: http-nio-8080-exec-10][ Class:org.springframework.web.servlet.mvc.support.DefaultHandlerExceptionResolver >> Method: org.springframework.web.servlet.handler.AbstractHandlerExceptionResolver.logException(AbstractHandlerExceptionResolver.java:198) ]
WARN:Resolved [org.springframework.web.method.annotation.MethodArgumentTypeMismatchException: Failed to convert value of type 'java.lang.String' to required type 'java.lang.Integer'; nested exception is java.lang.NumberFormatException: For input string: "undefined"]
2020-12-27 22:59:19 下午 [Thread: http-nio-8080-exec-9][ Class:org.springframework.web.servlet.PageNotFound >> Method: org.springframework.web.servlet.DispatcherServlet.noHandlerFound(DispatcherServlet.java:1249) ]
WARN:No mapping for GET /index/subCat/
2020-12-27 23:10:09 下午 [Thread: http-nio-8080-exec-6][ Class:org.springframework.web.servlet.mvc.support.DefaultHandlerExceptionResolver >> Method: org.springframework.web.servlet.handler.AbstractHandlerExceptionResolver.logException(AbstractHandlerExceptionResolver.java:198) ]
WARN:Resolved [org.springframework.web.method.annotation.MethodArgumentTypeMismatchException: Failed to convert value of type 'java.lang.String' to required type 'java.lang.Integer'; nested exception is java.lang.NumberFormatException: For input string: "请选择一级分类"]
2020-12-27 23:11:12 下午 [Thread: http-nio-8080-exec-3][ Class:org.springframework.web.servlet.mvc.support.DefaultHandlerExceptionResolver >> Method: org.springframework.web.servlet.handler.AbstractHandlerExceptionResolver.logException(AbstractHandlerExceptionResolver.java:198) ]
WARN:Resolved [org.springframework.web.method.annotation.MethodArgumentTypeMismatchException: Failed to convert value of type 'java.lang.String' to required type 'java.lang.Integer'; nested exception is java.lang.NumberFormatException: For input string: "请选择一级分类"]
2020-12-27 23:11:38 下午 [Thread: http-nio-8080-exec-9][ Class:org.springframework.web.servlet.mvc.support.DefaultHandlerExceptionResolver >> Method: org.springframework.web.servlet.handler.AbstractHandlerExceptionResolver.logException(AbstractHandlerExceptionResolver.java:198) ]
WARN:Resolved [org.springframework.web.method.annotation.MethodArgumentTypeMismatchException: Failed to convert value of type 'java.lang.String' to required type 'java.lang.Integer'; nested exception is java.lang.NumberFormatException: For input string: "请选择一级分类"]
2020-12-27 23:11:44 下午 [Thread: http-nio-8080-exec-6][ Class:org.springframework.web.servlet.mvc.support.DefaultHandlerExceptionResolver >> Method: org.springframework.web.servlet.handler.AbstractHandlerExceptionResolver.logException(AbstractHandlerExceptionResolver.java:198) ]
WARN:Resolved [org.springframework.web.method.annotation.MethodArgumentTypeMismatchException: Failed to convert value of type 'java.lang.String' to required type 'java.lang.Integer'; nested exception is java.lang.NumberFormatException: For input string: "请选择一级分类"]
2020-12-27 23:18:10 下午 [Thread: http-nio-8080-exec-7][ Class:org.springframework.web.servlet.mvc.support.DefaultHandlerExceptionResolver >> Method: org.springframework.web.servlet.handler.AbstractHandlerExceptionResolver.logException(AbstractHandlerExceptionResolver.java:198) ]
WARN:Resolved [org.springframework.web.method.annotation.MethodArgumentTypeMismatchException: Failed to convert value of type 'java.lang.String' to required type 'java.lang.Integer'; nested exception is java.lang.NumberFormatException: For input string: "请选择一级分类"]
