2020-12-22 17:01:55 下午 [Thread: main][ Class:org.mybatis.spring.mapper.ClassPathMapperScanner >> Method: org.mybatis.logging.Logger.warn(Logger.java:44) ]
WARN:No MyBatis mapper was found in '[top.chris.shop]' package. Please check your configuration.
2020-12-22 17:06:42 下午 [Thread: http-nio-8080-exec-2][ Class:com.zaxxer.hikari.util.DriverDataSource >> Method: com.zaxxer.hikari.util.DriverDataSource.<init>(DriverDataSource.java:68) ]
WARN:Registered driver with driverClassName=com.mysql.jdbc.Driver was not found, trying direct instantiation.
2020-12-22 18:41:37 下午 [Thread: main][ Class:org.mybatis.spring.mapper.ClassPathMapperScanner >> Method: org.mybatis.logging.Logger.warn(Logger.java:44) ]
WARN:No MyBatis mapper was found in '[top.chris.shop]' package. Please check your configuration.
2020-12-22 18:41:47 下午 [Thread: http-nio-8080-exec-1][ Class:com.zaxxer.hikari.util.DriverDataSource >> Method: com.zaxxer.hikari.util.DriverDataSource.<init>(DriverDataSource.java:68) ]
WARN:Registered driver with driverClassName=com.mysql.jdbc.Driver was not found, trying direct instantiation.
2020-12-22 18:43:16 下午 [Thread: main][ Class:org.mybatis.spring.mapper.ClassPathMapperScanner >> Method: org.mybatis.logging.Logger.warn(Logger.java:44) ]
WARN:No MyBatis mapper was found in '[top.chris.shop]' package. Please check your configuration.
2020-12-22 18:43:19 下午 [Thread: main][ Class:org.springframework.boot.web.servlet.context.AnnotationConfigServletWebServerApplicationContext >> Method: org.springframework.context.support.AbstractApplicationContext.refresh(AbstractApplicationContext.java:557) ]
WARN:Exception encountered during context initialization - cancelling refresh attempt: org.springframework.beans.factory.UnsatisfiedDependencyException: Error creating bean with name 'myCenterController': Unsatisfied dependency expressed through field 'myCenterService'; nested exception is org.springframework.beans.factory.NoSuchBeanDefinitionException: No qualifying bean of type 'top.chris.shop.service.MyCenterService' available: expected at least 1 bean which qualifies as autowire candidate. Dependency annotations: {@org.springframework.beans.factory.annotation.Autowired(required=true)}
2020-12-22 18:43:19 下午 [Thread: main][ Class:org.springframework.boot.diagnostics.LoggingFailureAnalysisReporter >> Method: org.springframework.boot.diagnostics.LoggingFailureAnalysisReporter.report(LoggingFailureAnalysisReporter.java:42) ]
ERROR:

***************************
APPLICATION FAILED TO START
***************************

Description:

Field myCenterService in top.chris.shop.web.controller.MyCenterController required a bean of type 'top.chris.shop.service.MyCenterService' that could not be found.

The injection point has the following annotations:
	- @org.springframework.beans.factory.annotation.Autowired(required=true)


Action:

Consider defining a bean of type 'top.chris.shop.service.MyCenterService' in your configuration.

2020-12-22 18:44:29 下午 [Thread: main][ Class:org.mybatis.spring.mapper.ClassPathMapperScanner >> Method: org.mybatis.logging.Logger.warn(Logger.java:44) ]
WARN:No MyBatis mapper was found in '[top.chris.shop]' package. Please check your configuration.
2020-12-22 18:45:02 下午 [Thread: http-nio-8080-exec-3][ Class:com.zaxxer.hikari.util.DriverDataSource >> Method: com.zaxxer.hikari.util.DriverDataSource.<init>(DriverDataSource.java:68) ]
WARN:Registered driver with driverClassName=com.mysql.jdbc.Driver was not found, trying direct instantiation.
2020-12-22 18:53:27 下午 [Thread: main][ Class:org.mybatis.spring.mapper.ClassPathMapperScanner >> Method: org.mybatis.logging.Logger.warn(Logger.java:44) ]
WARN:No MyBatis mapper was found in '[top.chris.shop]' package. Please check your configuration.
2020-12-22 18:54:58 下午 [Thread: http-nio-8080-exec-2][ Class:com.zaxxer.hikari.util.DriverDataSource >> Method: com.zaxxer.hikari.util.DriverDataSource.<init>(DriverDataSource.java:68) ]
WARN:Registered driver with driverClassName=com.mysql.jdbc.Driver was not found, trying direct instantiation.
2020-12-22 18:55:20 下午 [Thread: http-nio-8080-exec-9][ Class:org.springframework.web.servlet.mvc.support.DefaultHandlerExceptionResolver >> Method: org.springframework.web.servlet.handler.AbstractHandlerExceptionResolver.logException(AbstractHandlerExceptionResolver.java:198) ]
WARN:Resolved [org.springframework.http.converter.HttpMessageNotReadableException: JSON parse error: Cannot deserialize value of type `java.util.Date` from String "2020-11-26": expected format "yyyy-MM-dd HH:mm:ss"; nested exception is com.fasterxml.jackson.databind.exc.InvalidFormatException: Cannot deserialize value of type `java.util.Date` from String "2020-11-26": expected format "yyyy-MM-dd HH:mm:ss"
 at [Source: (PushbackInputStream); line: 1, column: 115] (through reference chain: top.chris.shop.pojo.bo.UserInfoBo["birthday"])]
2020-12-22 18:56:08 下午 [Thread: main][ Class:org.mybatis.spring.mapper.ClassPathMapperScanner >> Method: org.mybatis.logging.Logger.warn(Logger.java:44) ]
WARN:No MyBatis mapper was found in '[top.chris.shop]' package. Please check your configuration.
2020-12-22 18:56:22 下午 [Thread: http-nio-8080-exec-2][ Class:com.zaxxer.hikari.util.DriverDataSource >> Method: com.zaxxer.hikari.util.DriverDataSource.<init>(DriverDataSource.java:68) ]
WARN:Registered driver with driverClassName=com.mysql.jdbc.Driver was not found, trying direct instantiation.
2020-12-22 19:19:19 下午 [Thread: main][ Class:org.mybatis.spring.mapper.ClassPathMapperScanner >> Method: org.mybatis.logging.Logger.warn(Logger.java:44) ]
WARN:No MyBatis mapper was found in '[top.chris.shop]' package. Please check your configuration.
2020-12-22 19:20:25 下午 [Thread: http-nio-8080-exec-2][ Class:com.zaxxer.hikari.util.DriverDataSource >> Method: com.zaxxer.hikari.util.DriverDataSource.<init>(DriverDataSource.java:68) ]
WARN:Registered driver with driverClassName=com.mysql.jdbc.Driver was not found, trying direct instantiation.
2020-12-22 19:21:39 下午 [Thread: main][ Class:org.mybatis.spring.mapper.ClassPathMapperScanner >> Method: org.mybatis.logging.Logger.warn(Logger.java:44) ]
WARN:No MyBatis mapper was found in '[top.chris.shop]' package. Please check your configuration.
2020-12-22 19:22:02 下午 [Thread: http-nio-8080-exec-3][ Class:com.zaxxer.hikari.util.DriverDataSource >> Method: com.zaxxer.hikari.util.DriverDataSource.<init>(DriverDataSource.java:68) ]
WARN:Registered driver with driverClassName=com.mysql.jdbc.Driver was not found, trying direct instantiation.
2020-12-22 19:25:58 下午 [Thread: main][ Class:org.mybatis.spring.mapper.ClassPathMapperScanner >> Method: org.mybatis.logging.Logger.warn(Logger.java:44) ]
WARN:No MyBatis mapper was found in '[top.chris.shop]' package. Please check your configuration.
2020-12-22 19:26:20 下午 [Thread: http-nio-8080-exec-2][ Class:com.zaxxer.hikari.util.DriverDataSource >> Method: com.zaxxer.hikari.util.DriverDataSource.<init>(DriverDataSource.java:68) ]
WARN:Registered driver with driverClassName=com.mysql.jdbc.Driver was not found, trying direct instantiation.
2020-12-22 19:30:16 下午 [Thread: main][ Class:org.mybatis.spring.mapper.ClassPathMapperScanner >> Method: org.mybatis.logging.Logger.warn(Logger.java:44) ]
WARN:No MyBatis mapper was found in '[top.chris.shop]' package. Please check your configuration.
2020-12-22 19:32:43 下午 [Thread: http-nio-8080-exec-1][ Class:com.zaxxer.hikari.util.DriverDataSource >> Method: com.zaxxer.hikari.util.DriverDataSource.<init>(DriverDataSource.java:68) ]
WARN:Registered driver with driverClassName=com.mysql.jdbc.Driver was not found, trying direct instantiation.
2020-12-22 19:38:30 下午 [Thread: main][ Class:org.mybatis.spring.mapper.ClassPathMapperScanner >> Method: org.mybatis.logging.Logger.warn(Logger.java:44) ]
WARN:No MyBatis mapper was found in '[top.chris.shop]' package. Please check your configuration.
2020-12-22 19:38:48 下午 [Thread: http-nio-8080-exec-3][ Class:com.zaxxer.hikari.util.DriverDataSource >> Method: com.zaxxer.hikari.util.DriverDataSource.<init>(DriverDataSource.java:68) ]
WARN:Registered driver with driverClassName=com.mysql.jdbc.Driver was not found, trying direct instantiation.
2020-12-22 19:40:16 下午 [Thread: main][ Class:org.mybatis.spring.mapper.ClassPathMapperScanner >> Method: org.mybatis.logging.Logger.warn(Logger.java:44) ]
WARN:No MyBatis mapper was found in '[top.chris.shop]' package. Please check your configuration.
2020-12-22 19:40:40 下午 [Thread: http-nio-8080-exec-2][ Class:com.zaxxer.hikari.util.DriverDataSource >> Method: com.zaxxer.hikari.util.DriverDataSource.<init>(DriverDataSource.java:68) ]
WARN:Registered driver with driverClassName=com.mysql.jdbc.Driver was not found, trying direct instantiation.
2020-12-22 19:46:28 下午 [Thread: main][ Class:org.mybatis.spring.mapper.ClassPathMapperScanner >> Method: org.mybatis.logging.Logger.warn(Logger.java:44) ]
WARN:No MyBatis mapper was found in '[top.chris.shop]' package. Please check your configuration.
2020-12-22 19:46:55 下午 [Thread: http-nio-8080-exec-1][ Class:com.zaxxer.hikari.util.DriverDataSource >> Method: com.zaxxer.hikari.util.DriverDataSource.<init>(DriverDataSource.java:68) ]
WARN:Registered driver with driverClassName=com.mysql.jdbc.Driver was not found, trying direct instantiation.
2020-12-22 19:47:07 下午 [Thread: http-nio-8080-exec-9][ Class:org.springframework.web.servlet.mvc.support.DefaultHandlerExceptionResolver >> Method: org.springframework.web.servlet.handler.AbstractHandlerExceptionResolver.logException(AbstractHandlerExceptionResolver.java:198) ]
WARN:Resolved [org.springframework.web.HttpMediaTypeNotSupportedException: Content type 'multipart/form-data;boundary=----WebKitFormBoundaryAVrudmxTfqaMIm1M;charset=UTF-8' not supported]
2020-12-22 19:50:08 下午 [Thread: main][ Class:org.mybatis.spring.mapper.ClassPathMapperScanner >> Method: org.mybatis.logging.Logger.warn(Logger.java:44) ]
WARN:No MyBatis mapper was found in '[top.chris.shop]' package. Please check your configuration.
2020-12-22 19:51:26 下午 [Thread: http-nio-8080-exec-1][ Class:com.zaxxer.hikari.util.DriverDataSource >> Method: com.zaxxer.hikari.util.DriverDataSource.<init>(DriverDataSource.java:68) ]
WARN:Registered driver with driverClassName=com.mysql.jdbc.Driver was not found, trying direct instantiation.
2020-12-22 19:57:04 下午 [Thread: main][ Class:org.mybatis.spring.mapper.ClassPathMapperScanner >> Method: org.mybatis.logging.Logger.warn(Logger.java:44) ]
WARN:No MyBatis mapper was found in '[top.chris.shop]' package. Please check your configuration.
2020-12-22 19:57:12 下午 [Thread: http-nio-8080-exec-2][ Class:com.zaxxer.hikari.util.DriverDataSource >> Method: com.zaxxer.hikari.util.DriverDataSource.<init>(DriverDataSource.java:68) ]
WARN:Registered driver with driverClassName=com.mysql.jdbc.Driver was not found, trying direct instantiation.
2020-12-22 20:00:02 下午 [Thread: main][ Class:org.mybatis.spring.mapper.ClassPathMapperScanner >> Method: org.mybatis.logging.Logger.warn(Logger.java:44) ]
WARN:No MyBatis mapper was found in '[top.chris.shop]' package. Please check your configuration.
2020-12-22 20:01:15 下午 [Thread: http-nio-8080-exec-2][ Class:com.zaxxer.hikari.util.DriverDataSource >> Method: com.zaxxer.hikari.util.DriverDataSource.<init>(DriverDataSource.java:68) ]
WARN:Registered driver with driverClassName=com.mysql.jdbc.Driver was not found, trying direct instantiation.
2020-12-22 20:06:02 下午 [Thread: main][ Class:org.mybatis.spring.mapper.ClassPathMapperScanner >> Method: org.mybatis.logging.Logger.warn(Logger.java:44) ]
WARN:No MyBatis mapper was found in '[top.chris.shop]' package. Please check your configuration.
2020-12-22 20:06:27 下午 [Thread: http-nio-8080-exec-1][ Class:com.zaxxer.hikari.util.DriverDataSource >> Method: com.zaxxer.hikari.util.DriverDataSource.<init>(DriverDataSource.java:68) ]
WARN:Registered driver with driverClassName=com.mysql.jdbc.Driver was not found, trying direct instantiation.
2020-12-22 20:41:51 下午 [Thread: main][ Class:org.mybatis.spring.mapper.ClassPathMapperScanner >> Method: org.mybatis.logging.Logger.warn(Logger.java:44) ]
WARN:No MyBatis mapper was found in '[top.chris.shop]' package. Please check your configuration.
2020-12-22 20:42:11 下午 [Thread: main][ Class:org.mybatis.spring.mapper.ClassPathMapperScanner >> Method: org.mybatis.logging.Logger.warn(Logger.java:44) ]
WARN:No MyBatis mapper was found in '[top.chris.shop]' package. Please check your configuration.
2020-12-22 20:42:34 下午 [Thread: http-nio-8080-exec-2][ Class:com.zaxxer.hikari.util.DriverDataSource >> Method: com.zaxxer.hikari.util.DriverDataSource.<init>(DriverDataSource.java:68) ]
WARN:Registered driver with driverClassName=com.mysql.jdbc.Driver was not found, trying direct instantiation.
2020-12-22 20:47:00 下午 [Thread: main][ Class:org.mybatis.spring.mapper.ClassPathMapperScanner >> Method: org.mybatis.logging.Logger.warn(Logger.java:44) ]
WARN:No MyBatis mapper was found in '[top.chris.shop]' package. Please check your configuration.
2020-12-22 20:47:26 下午 [Thread: http-nio-8080-exec-2][ Class:com.zaxxer.hikari.util.DriverDataSource >> Method: com.zaxxer.hikari.util.DriverDataSource.<init>(DriverDataSource.java:68) ]
WARN:Registered driver with driverClassName=com.mysql.jdbc.Driver was not found, trying direct instantiation.
2020-12-22 21:01:46 下午 [Thread: main][ Class:org.mybatis.spring.mapper.ClassPathMapperScanner >> Method: org.mybatis.logging.Logger.warn(Logger.java:44) ]
WARN:No MyBatis mapper was found in '[top.chris.shop]' package. Please check your configuration.
2020-12-22 21:02:18 下午 [Thread: http-nio-8080-exec-2][ Class:com.zaxxer.hikari.util.DriverDataSource >> Method: com.zaxxer.hikari.util.DriverDataSource.<init>(DriverDataSource.java:68) ]
WARN:Registered driver with driverClassName=com.mysql.jdbc.Driver was not found, trying direct instantiation.
2020-12-22 21:26:05 下午 [Thread: main][ Class:org.mybatis.spring.mapper.ClassPathMapperScanner >> Method: org.mybatis.logging.Logger.warn(Logger.java:44) ]
WARN:No MyBatis mapper was found in '[top.chris.shop]' package. Please check your configuration.
2020-12-22 21:26:39 下午 [Thread: http-nio-8080-exec-2][ Class:com.zaxxer.hikari.util.DriverDataSource >> Method: com.zaxxer.hikari.util.DriverDataSource.<init>(DriverDataSource.java:68) ]
WARN:Registered driver with driverClassName=com.mysql.jdbc.Driver was not found, trying direct instantiation.
2020-12-22 21:28:16 下午 [Thread: main][ Class:org.mybatis.spring.mapper.ClassPathMapperScanner >> Method: org.mybatis.logging.Logger.warn(Logger.java:44) ]
WARN:No MyBatis mapper was found in '[top.chris.shop]' package. Please check your configuration.
2020-12-22 21:29:02 下午 [Thread: http-nio-8080-exec-3][ Class:com.zaxxer.hikari.util.DriverDataSource >> Method: com.zaxxer.hikari.util.DriverDataSource.<init>(DriverDataSource.java:68) ]
WARN:Registered driver with driverClassName=com.mysql.jdbc.Driver was not found, trying direct instantiation.
2020-12-22 21:31:57 下午 [Thread: main][ Class:org.mybatis.spring.mapper.ClassPathMapperScanner >> Method: org.mybatis.logging.Logger.warn(Logger.java:44) ]
WARN:No MyBatis mapper was found in '[top.chris.shop]' package. Please check your configuration.
2020-12-22 21:32:48 下午 [Thread: http-nio-8080-exec-2][ Class:com.zaxxer.hikari.util.DriverDataSource >> Method: com.zaxxer.hikari.util.DriverDataSource.<init>(DriverDataSource.java:68) ]
WARN:Registered driver with driverClassName=com.mysql.jdbc.Driver was not found, trying direct instantiation.
