2020-12-23 14:06:20 下午 [Thread: main][ Class:org.mybatis.spring.mapper.ClassPathMapperScanner >> Method: org.mybatis.logging.Logger.warn(Logger.java:44) ]
WARN:No MyBatis mapper was found in '[top.chris.shop]' package. Please check your configuration.
2020-12-23 14:06:38 下午 [Thread: main][ Class:org.mybatis.spring.mapper.ClassPathMapperScanner >> Method: org.mybatis.logging.Logger.warn(Logger.java:44) ]
WARN:No MyBatis mapper was found in '[top.chris.shop]' package. Please check your configuration.
2020-12-23 14:19:39 下午 [Thread: main][ Class:org.mybatis.spring.mapper.ClassPathMapperScanner >> Method: org.mybatis.logging.Logger.warn(Logger.java:44) ]
WARN:No MyBatis mapper was found in '[top.chris.shop]' package. Please check your configuration.
2020-12-23 14:20:19 下午 [Thread: http-nio-8080-exec-5][ Class:com.zaxxer.hikari.util.DriverDataSource >> Method: com.zaxxer.hikari.util.DriverDataSource.<init>(DriverDataSource.java:68) ]
WARN:Registered driver with driverClassName=com.mysql.jdbc.Driver was not found, trying direct instantiation.
2020-12-23 14:33:21 下午 [Thread: main][ Class:org.mybatis.spring.mapper.ClassPathMapperScanner >> Method: org.mybatis.logging.Logger.warn(Logger.java:44) ]
WARN:No MyBatis mapper was found in '[top.chris.shop]' package. Please check your configuration.
2020-12-23 14:34:38 下午 [Thread: http-nio-8080-exec-6][ Class:com.zaxxer.hikari.util.DriverDataSource >> Method: com.zaxxer.hikari.util.DriverDataSource.<init>(DriverDataSource.java:68) ]
WARN:Registered driver with driverClassName=com.mysql.jdbc.Driver was not found, trying direct instantiation.
2020-12-23 14:38:29 下午 [Thread: main][ Class:org.mybatis.spring.mapper.ClassPathMapperScanner >> Method: org.mybatis.logging.Logger.warn(Logger.java:44) ]
WARN:No MyBatis mapper was found in '[top.chris.shop]' package. Please check your configuration.
2020-12-23 14:40:16 下午 [Thread: main][ Class:org.mybatis.spring.mapper.ClassPathMapperScanner >> Method: org.mybatis.logging.Logger.warn(Logger.java:44) ]
WARN:No MyBatis mapper was found in '[top.chris.shop]' package. Please check your configuration.
2020-12-23 14:43:14 下午 [Thread: http-nio-8080-exec-2][ Class:com.zaxxer.hikari.util.DriverDataSource >> Method: com.zaxxer.hikari.util.DriverDataSource.<init>(DriverDataSource.java:68) ]
WARN:Registered driver with driverClassName=com.mysql.jdbc.Driver was not found, trying direct instantiation.
2020-12-23 14:44:22 下午 [Thread: main][ Class:org.mybatis.spring.mapper.ClassPathMapperScanner >> Method: org.mybatis.logging.Logger.warn(Logger.java:44) ]
WARN:No MyBatis mapper was found in '[top.chris.shop]' package. Please check your configuration.
2020-12-23 14:44:36 下午 [Thread: http-nio-8080-exec-2][ Class:com.zaxxer.hikari.util.DriverDataSource >> Method: com.zaxxer.hikari.util.DriverDataSource.<init>(DriverDataSource.java:68) ]
WARN:Registered driver with driverClassName=com.mysql.jdbc.Driver was not found, trying direct instantiation.
2020-12-23 14:45:28 下午 [Thread: main][ Class:org.mybatis.spring.mapper.ClassPathMapperScanner >> Method: org.mybatis.logging.Logger.warn(Logger.java:44) ]
WARN:No MyBatis mapper was found in '[top.chris.shop]' package. Please check your configuration.
2020-12-23 14:45:40 下午 [Thread: http-nio-8080-exec-2][ Class:com.zaxxer.hikari.util.DriverDataSource >> Method: com.zaxxer.hikari.util.DriverDataSource.<init>(DriverDataSource.java:68) ]
WARN:Registered driver with driverClassName=com.mysql.jdbc.Driver was not found, trying direct instantiation.
2020-12-23 14:46:13 下午 [Thread: main][ Class:org.mybatis.spring.mapper.ClassPathMapperScanner >> Method: org.mybatis.logging.Logger.warn(Logger.java:44) ]
WARN:No MyBatis mapper was found in '[top.chris.shop]' package. Please check your configuration.
2020-12-23 14:46:23 下午 [Thread: http-nio-8080-exec-2][ Class:com.zaxxer.hikari.util.DriverDataSource >> Method: com.zaxxer.hikari.util.DriverDataSource.<init>(DriverDataSource.java:68) ]
WARN:Registered driver with driverClassName=com.mysql.jdbc.Driver was not found, trying direct instantiation.
2020-12-23 15:05:52 下午 [Thread: main][ Class:org.mybatis.spring.mapper.ClassPathMapperScanner >> Method: org.mybatis.logging.Logger.warn(Logger.java:44) ]
WARN:No MyBatis mapper was found in '[top.chris.shop]' package. Please check your configuration.
2020-12-23 15:06:04 下午 [Thread: http-nio-8080-exec-3][ Class:com.zaxxer.hikari.util.DriverDataSource >> Method: com.zaxxer.hikari.util.DriverDataSource.<init>(DriverDataSource.java:68) ]
WARN:Registered driver with driverClassName=com.mysql.jdbc.Driver was not found, trying direct instantiation.
2020-12-23 15:09:03 下午 [Thread: main][ Class:org.mybatis.spring.mapper.ClassPathMapperScanner >> Method: org.mybatis.logging.Logger.warn(Logger.java:44) ]
WARN:No MyBatis mapper was found in '[top.chris.shop]' package. Please check your configuration.
2020-12-23 15:09:18 下午 [Thread: http-nio-8080-exec-2][ Class:com.zaxxer.hikari.util.DriverDataSource >> Method: com.zaxxer.hikari.util.DriverDataSource.<init>(DriverDataSource.java:68) ]
WARN:Registered driver with driverClassName=com.mysql.jdbc.Driver was not found, trying direct instantiation.
2020-12-23 15:13:38 下午 [Thread: main][ Class:org.mybatis.spring.mapper.ClassPathMapperScanner >> Method: org.mybatis.logging.Logger.warn(Logger.java:44) ]
WARN:No MyBatis mapper was found in '[top.chris.shop]' package. Please check your configuration.
2020-12-23 15:13:50 下午 [Thread: http-nio-8080-exec-2][ Class:com.zaxxer.hikari.util.DriverDataSource >> Method: com.zaxxer.hikari.util.DriverDataSource.<init>(DriverDataSource.java:68) ]
WARN:Registered driver with driverClassName=com.mysql.jdbc.Driver was not found, trying direct instantiation.
2020-12-23 15:15:41 下午 [Thread: main][ Class:org.mybatis.spring.mapper.ClassPathMapperScanner >> Method: org.mybatis.logging.Logger.warn(Logger.java:44) ]
WARN:No MyBatis mapper was found in '[top.chris.shop]' package. Please check your configuration.
2020-12-23 15:16:10 下午 [Thread: http-nio-8080-exec-2][ Class:com.zaxxer.hikari.util.DriverDataSource >> Method: com.zaxxer.hikari.util.DriverDataSource.<init>(DriverDataSource.java:68) ]
WARN:Registered driver with driverClassName=com.mysql.jdbc.Driver was not found, trying direct instantiation.
2020-12-23 15:43:32 下午 [Thread: main][ Class:org.mybatis.spring.mapper.ClassPathMapperScanner >> Method: org.mybatis.logging.Logger.warn(Logger.java:44) ]
WARN:No MyBatis mapper was found in '[top.chris.shop]' package. Please check your configuration.
2020-12-23 15:43:57 下午 [Thread: http-nio-8080-exec-3][ Class:com.zaxxer.hikari.util.DriverDataSource >> Method: com.zaxxer.hikari.util.DriverDataSource.<init>(DriverDataSource.java:68) ]
WARN:Registered driver with driverClassName=com.mysql.jdbc.Driver was not found, trying direct instantiation.
2020-12-23 15:47:27 下午 [Thread: main][ Class:org.mybatis.spring.mapper.ClassPathMapperScanner >> Method: org.mybatis.logging.Logger.warn(Logger.java:44) ]
WARN:No MyBatis mapper was found in '[top.chris.shop]' package. Please check your configuration.
2020-12-23 15:47:41 下午 [Thread: http-nio-8080-exec-2][ Class:com.zaxxer.hikari.util.DriverDataSource >> Method: com.zaxxer.hikari.util.DriverDataSource.<init>(DriverDataSource.java:68) ]
WARN:Registered driver with driverClassName=com.mysql.jdbc.Driver was not found, trying direct instantiation.
2020-12-23 15:57:16 下午 [Thread: main][ Class:org.mybatis.spring.mapper.ClassPathMapperScanner >> Method: org.mybatis.logging.Logger.warn(Logger.java:44) ]
WARN:No MyBatis mapper was found in '[top.chris.shop]' package. Please check your configuration.
2020-12-23 15:57:32 下午 [Thread: http-nio-8080-exec-2][ Class:com.zaxxer.hikari.util.DriverDataSource >> Method: com.zaxxer.hikari.util.DriverDataSource.<init>(DriverDataSource.java:68) ]
WARN:Registered driver with driverClassName=com.mysql.jdbc.Driver was not found, trying direct instantiation.
2020-12-23 16:27:32 下午 [Thread: http-nio-8080-exec-2][ Class:top.chris.shop.aspect.LogTimeAspect >> Method: top.chris.shop.aspect.LogTimeAspect.arroundServiceLog(LogTimeAspect.java:34) ]
WARN:------方法top.chris.shop.service.impl.OrdersServiceImpl.queryOrdersStatusByUserId在Wed Dec 23 16:27:30 CST 2020时使用参数[Ljava.lang.Object;@3fab656e[{20121572283947270144}]调用,并得到了结果[top.chris.shop.pojo.OrderStatus@283c4187, top.chris.shop.pojo.OrderStatus@750cae1c, top.chris.shop.pojo.OrderStatus@74e36842, top.chris.shop.pojo.OrderStatus@1007f3a5, top.chris.shop.pojo.OrderStatus@5afdb85b, top.chris.shop.pojo.OrderStatus@4a119156, top.chris.shop.pojo.OrderStatus@25df412e, top.chris.shop.pojo.OrderStatus@a6a04eb]，共耗时2260毫秒------
2020-12-23 16:27:32 下午 [Thread: http-nio-8080-exec-7][ Class:top.chris.shop.aspect.LogTimeAspect >> Method: top.chris.shop.aspect.LogTimeAspect.arroundServiceLog(LogTimeAspect.java:34) ]
WARN:------方法top.chris.shop.service.impl.OrdersServiceImpl.queryOrdersStatusByUserId在Wed Dec 23 16:27:30 CST 2020时使用参数[Ljava.lang.Object;@5f63b17[{20121572283947270144}]调用,并得到了结果[top.chris.shop.pojo.OrderStatus@462e06e, top.chris.shop.pojo.OrderStatus@54a28fc4, top.chris.shop.pojo.OrderStatus@1a8f595c, top.chris.shop.pojo.OrderStatus@2e15f799, top.chris.shop.pojo.OrderStatus@3de713a5, top.chris.shop.pojo.OrderStatus@7dfb6772, top.chris.shop.pojo.OrderStatus@1dde8428, top.chris.shop.pojo.OrderStatus@1c760135]，共耗时2265毫秒------
2020-12-23 16:27:32 下午 [Thread: http-nio-8080-exec-7][ Class:top.chris.shop.aspect.LogTimeAspect >> Method: top.chris.shop.aspect.LogTimeAspect.arroundServiceLog(LogTimeAspect.java:34) ]
WARN:------方法top.chris.shop.service.impl.MyOrdersServiceImpl.queryOrderStatusCounts在Wed Dec 23 16:27:30 CST 2020时使用参数[Ljava.lang.Object;@59582ec7[{20121572283947270144}]调用,并得到了结果OrderStatusCountsVo(waitPayCounts=1, waitDeliverCounts=1, waitReceiveCounts=2, waitCommentCounts=3)，共耗时2327毫秒------
2020-12-23 16:27:32 下午 [Thread: http-nio-8080-exec-2][ Class:top.chris.shop.aspect.LogTimeAspect >> Method: top.chris.shop.aspect.LogTimeAspect.arroundServiceLog(LogTimeAspect.java:34) ]
WARN:------方法top.chris.shop.service.impl.MyOrdersServiceImpl.queryOrdersTrendByUserId在Wed Dec 23 16:27:30 CST 2020时使用参数[Ljava.lang.Object;@3d2bd60f[{20121572283947270144,1,5}]调用,并得到了结果top.chris.shop.util.PagedGridResult@6b86695d，共耗时2389毫秒------
2020-12-23 16:51:26 下午 [Thread: main][ Class:org.mybatis.spring.mapper.ClassPathMapperScanner >> Method: org.mybatis.logging.Logger.warn(Logger.java:44) ]
WARN:No MyBatis mapper was found in '[top.chris.shop]' package. Please check your configuration.
2020-12-23 16:51:42 下午 [Thread: http-nio-8080-exec-2][ Class:com.zaxxer.hikari.util.DriverDataSource >> Method: com.zaxxer.hikari.util.DriverDataSource.<init>(DriverDataSource.java:68) ]
WARN:Registered driver with driverClassName=com.mysql.jdbc.Driver was not found, trying direct instantiation.
2020-12-23 16:52:05 下午 [Thread: http-nio-8080-exec-5][ Class:org.springframework.web.servlet.mvc.support.DefaultHandlerExceptionResolver >> Method: org.springframework.web.servlet.handler.AbstractHandlerExceptionResolver.logException(AbstractHandlerExceptionResolver.java:198) ]
WARN:Resolved [org.springframework.http.converter.HttpMessageNotWritableException: Could not write JSON: getOutputStream() has already been called for this response; nested exception is com.fasterxml.jackson.databind.JsonMappingException: getOutputStream() has already been called for this response (through reference chain: top.chris.shop.util.JsonResult["data"]->org.springframework.security.web.header.HeaderWriterFilter$HeaderWriterResponse["response"]->org.springframework.security.web.context.HttpSessionSecurityContextRepository$SaveToSessionResponseWrapper["response"]->org.springframework.security.web.firewall.FirewalledResponse["response"]->org.apache.catalina.connector.ResponseFacade["writer"])]
2020-12-23 16:54:40 下午 [Thread: main][ Class:org.mybatis.spring.mapper.ClassPathMapperScanner >> Method: org.mybatis.logging.Logger.warn(Logger.java:44) ]
WARN:No MyBatis mapper was found in '[top.chris.shop]' package. Please check your configuration.
2020-12-23 16:54:58 下午 [Thread: http-nio-8080-exec-3][ Class:com.zaxxer.hikari.util.DriverDataSource >> Method: com.zaxxer.hikari.util.DriverDataSource.<init>(DriverDataSource.java:68) ]
WARN:Registered driver with driverClassName=com.mysql.jdbc.Driver was not found, trying direct instantiation.
2020-12-23 16:54:58 下午 [Thread: http-nio-8080-exec-3][ Class:org.springframework.web.servlet.mvc.support.DefaultHandlerExceptionResolver >> Method: org.springframework.web.servlet.handler.AbstractHandlerExceptionResolver.logException(AbstractHandlerExceptionResolver.java:198) ]
WARN:Resolved [org.springframework.http.converter.HttpMessageNotWritableException: Could not write JSON: getOutputStream() has already been called for this response; nested exception is com.fasterxml.jackson.databind.JsonMappingException: getOutputStream() has already been called for this response (through reference chain: top.chris.shop.util.JsonResult["data"]->org.springframework.security.web.header.HeaderWriterFilter$HeaderWriterResponse["response"]->org.springframework.security.web.context.HttpSessionSecurityContextRepository$SaveToSessionResponseWrapper["response"]->org.springframework.security.web.firewall.FirewalledResponse["response"]->org.apache.catalina.connector.ResponseFacade["writer"])]
2020-12-23 16:56:22 下午 [Thread: main][ Class:org.mybatis.spring.mapper.ClassPathMapperScanner >> Method: org.mybatis.logging.Logger.warn(Logger.java:44) ]
WARN:No MyBatis mapper was found in '[top.chris.shop]' package. Please check your configuration.
2020-12-23 16:56:42 下午 [Thread: http-nio-8080-exec-2][ Class:com.zaxxer.hikari.util.DriverDataSource >> Method: com.zaxxer.hikari.util.DriverDataSource.<init>(DriverDataSource.java:68) ]
WARN:Registered driver with driverClassName=com.mysql.jdbc.Driver was not found, trying direct instantiation.
2020-12-23 16:56:42 下午 [Thread: http-nio-8080-exec-2][ Class:org.springframework.web.servlet.mvc.support.DefaultHandlerExceptionResolver >> Method: org.springframework.web.servlet.handler.AbstractHandlerExceptionResolver.logException(AbstractHandlerExceptionResolver.java:198) ]
WARN:Resolved [org.springframework.http.converter.HttpMessageNotWritableException: Could not write JSON: getOutputStream() has already been called for this response; nested exception is com.fasterxml.jackson.databind.JsonMappingException: getOutputStream() has already been called for this response (through reference chain: top.chris.shop.util.JsonResult["data"]->org.springframework.security.web.header.HeaderWriterFilter$HeaderWriterResponse["response"]->org.springframework.security.web.context.HttpSessionSecurityContextRepository$SaveToSessionResponseWrapper["response"]->org.springframework.security.web.firewall.FirewalledResponse["response"]->org.apache.catalina.connector.ResponseFacade["writer"])]
2020-12-23 16:59:09 下午 [Thread: main][ Class:org.mybatis.spring.mapper.ClassPathMapperScanner >> Method: org.mybatis.logging.Logger.warn(Logger.java:44) ]
WARN:No MyBatis mapper was found in '[top.chris.shop]' package. Please check your configuration.
2020-12-23 16:59:29 下午 [Thread: http-nio-8080-exec-3][ Class:com.zaxxer.hikari.util.DriverDataSource >> Method: com.zaxxer.hikari.util.DriverDataSource.<init>(DriverDataSource.java:68) ]
WARN:Registered driver with driverClassName=com.mysql.jdbc.Driver was not found, trying direct instantiation.
2020-12-23 16:59:29 下午 [Thread: http-nio-8080-exec-3][ Class:org.springframework.web.servlet.mvc.support.DefaultHandlerExceptionResolver >> Method: org.springframework.web.servlet.handler.AbstractHandlerExceptionResolver.logException(AbstractHandlerExceptionResolver.java:198) ]
WARN:Resolved [org.springframework.http.converter.HttpMessageNotWritableException: Could not write JSON: getOutputStream() has already been called for this response; nested exception is com.fasterxml.jackson.databind.JsonMappingException: getOutputStream() has already been called for this response (through reference chain: top.chris.shop.util.JsonResult["data"]->org.springframework.security.web.header.HeaderWriterFilter$HeaderWriterResponse["response"]->org.springframework.security.web.context.HttpSessionSecurityContextRepository$SaveToSessionResponseWrapper["response"]->org.springframework.security.web.firewall.FirewalledResponse["response"]->org.apache.catalina.connector.ResponseFacade["writer"])]
2020-12-23 19:53:15 下午 [Thread: main][ Class:org.mybatis.spring.mapper.ClassPathMapperScanner >> Method: org.mybatis.logging.Logger.warn(Logger.java:44) ]
WARN:No MyBatis mapper was found in '[top.chris.shop]' package. Please check your configuration.
2020-12-23 19:53:59 下午 [Thread: http-nio-8080-exec-2][ Class:com.zaxxer.hikari.util.DriverDataSource >> Method: com.zaxxer.hikari.util.DriverDataSource.<init>(DriverDataSource.java:68) ]
WARN:Registered driver with driverClassName=com.mysql.jdbc.Driver was not found, trying direct instantiation.
2020-12-23 19:54:21 下午 [Thread: http-nio-8080-exec-6][ Class:org.springframework.web.servlet.mvc.support.DefaultHandlerExceptionResolver >> Method: org.springframework.web.servlet.handler.AbstractHandlerExceptionResolver.logException(AbstractHandlerExceptionResolver.java:198) ]
WARN:Resolved [org.springframework.http.converter.HttpMessageNotWritableException: Could not write JSON: getOutputStream() has already been called for this response; nested exception is com.fasterxml.jackson.databind.JsonMappingException: getOutputStream() has already been called for this response (through reference chain: top.chris.shop.util.JsonResult["data"]->org.springframework.security.web.header.HeaderWriterFilter$HeaderWriterResponse["response"]->org.springframework.security.web.context.HttpSessionSecurityContextRepository$SaveToSessionResponseWrapper["response"]->org.springframework.security.web.firewall.FirewalledResponse["response"]->org.apache.catalina.connector.ResponseFacade["writer"])]
2020-12-23 19:57:44 下午 [Thread: main][ Class:org.mybatis.spring.mapper.ClassPathMapperScanner >> Method: org.mybatis.logging.Logger.warn(Logger.java:44) ]
WARN:No MyBatis mapper was found in '[top.chris.shop]' package. Please check your configuration.
2020-12-23 19:57:58 下午 [Thread: http-nio-8080-exec-2][ Class:com.zaxxer.hikari.util.DriverDataSource >> Method: com.zaxxer.hikari.util.DriverDataSource.<init>(DriverDataSource.java:68) ]
WARN:Registered driver with driverClassName=com.mysql.jdbc.Driver was not found, trying direct instantiation.
2020-12-23 20:11:47 下午 [Thread: main][ Class:org.mybatis.spring.mapper.ClassPathMapperScanner >> Method: org.mybatis.logging.Logger.warn(Logger.java:44) ]
WARN:No MyBatis mapper was found in '[top.chris.shop]' package. Please check your configuration.
2020-12-23 20:14:22 下午 [Thread: http-nio-8080-exec-2][ Class:com.zaxxer.hikari.util.DriverDataSource >> Method: com.zaxxer.hikari.util.DriverDataSource.<init>(DriverDataSource.java:68) ]
WARN:Registered driver with driverClassName=com.mysql.jdbc.Driver was not found, trying direct instantiation.
2020-12-23 20:16:18 下午 [Thread: http-nio-8080-exec-1][ Class:top.chris.shop.aspect.LogTimeAspect >> Method: top.chris.shop.aspect.LogTimeAspect.arroundServiceLog(LogTimeAspect.java:34) ]
WARN:------方法top.chris.shop.service.impl.PayServiceImpl.toPay在Wed Dec 23 20:16:16 CST 2020时使用参数[Ljava.lang.Object;@3b1cb9fb[{20121572283947270144,201223FD2D5KZCZC}]调用,并得到了结果<form name="punchout_form" method="post" action="https://openapi.alipaydev.com/gateway.do?charset=utf-8&method=alipay.trade.page.pay&sign=g3DHLNq9eCs2NmTV%2FzhfKaA5bDLl6vL0t3rPAyPG70hLOcBAWLfTFAfVuuoTAu07zxpbcsANmx7PlmIfXMH4XCQ6e9dnq5bwjkVYz6RFgqAtcImnd38xy568JJ6vnK9160wsGsNlkHGkzi6uyvRWJvo%2BrCV9499MsQinaEHGDToK%2BsvY8q5Je%2BCq9Wpz0rmaMs9ZagbruhpT5wNEXLHo2cV8bDNoNEe4ZpCQtv28ZD5jEUoLrANKAAIcCQmUHcPUIVyP3LfZehuXRCngDhACw5Y83m%2BRfAt0ImZZ%2F788UrZnqlx9lYeQmqhxhR0NHDouCyeOL9nsGQ8so4oyl41nlg%3D%3D&return_url=http%3A%2F%2Flocalhost%3A8080%2Fpayment%2Fcallback%3Fmethod%3Dcallback&version=1.0&app_id=2021000116670674&sign_type=RSA2&timestamp=2020-12-23+20%3A16%3A16&alipay_sdk=alipay-sdk-java-3.7.110.ALL&format=json">
<input type="hidden" name="biz_content" value="{&quot;out_trade_no&quot;:&quot;201223FD2D5KZCZC&quot;,&quot;product_code&quot;:&quot;FAST_INSTANT_TRADE_PAY&quot;,&quot;subject&quot;:&quot;【天天吃货】真香预警 超级好吃 手撕面包 儿童早餐早饭  【天天吃货】真香预警 超级好吃 手撕面包 儿童早餐早饭  【天天吃货】夹心吐司面包 全麦面包 早点早饭  &quot;,&quot;total_amount&quot;:&quot;587&quot;}">
<input type="submit" value="立即支付" style="display:none" >
</form>
<script>document.forms[0].submit();</script>，共耗时1199毫秒------
2020-12-23 20:57:29 下午 [Thread: http-nio-8080-exec-8][ Class:org.springframework.web.servlet.PageNotFound >> Method: org.springframework.web.servlet.DispatcherServlet.noHandlerFound(DispatcherServlet.java:1249) ]
WARN:No mapping for GET /foodie-shop/item.html
2020-12-23 20:57:29 下午 [Thread: http-nio-8080-exec-7][ Class:org.springframework.web.servlet.PageNotFound >> Method: org.springframework.web.servlet.DispatcherServlet.noHandlerFound(DispatcherServlet.java:1249) ]
WARN:No mapping for GET /favicon.ico
2020-12-23 20:57:50 下午 [Thread: http-nio-8080-exec-3][ Class:org.springframework.web.servlet.PageNotFound >> Method: org.springframework.web.servlet.DispatcherServlet.noHandlerFound(DispatcherServlet.java:1249) ]
WARN:No mapping for POST /mycomments/query
2020-12-23 20:57:58 下午 [Thread: http-nio-8080-exec-5][ Class:org.springframework.web.servlet.PageNotFound >> Method: org.springframework.web.servlet.DispatcherServlet.noHandlerFound(DispatcherServlet.java:1249) ]
WARN:No mapping for POST /mycomments/query
2020-12-23 21:03:48 下午 [Thread: http-nio-8080-exec-7][ Class:top.chris.shop.aspect.LogTimeAspect >> Method: top.chris.shop.aspect.LogTimeAspect.arroundServiceLog(LogTimeAspect.java:37) ]
ERROR:------方法top.chris.shop.service.impl.OrdersServiceImpl.queryOrdersStatusByUserId在Wed Dec 23 21:03:40 CST 2020时使用参数[Ljava.lang.Object;@38120a31[{20121572283947270144}]调用,并得到了结果[top.chris.shop.pojo.OrderStatus@2a0635bd, top.chris.shop.pojo.OrderStatus@c34bc2c, top.chris.shop.pojo.OrderStatus@6a2cb420, top.chris.shop.pojo.OrderStatus@42c768d6, top.chris.shop.pojo.OrderStatus@597716ee, top.chris.shop.pojo.OrderStatus@700b1430, top.chris.shop.pojo.OrderStatus@7f0933a5, top.chris.shop.pojo.OrderStatus@6f1654a, top.chris.shop.pojo.OrderStatus@67d0c31c, top.chris.shop.pojo.OrderStatus@4fd2e142]，共耗时8505毫秒------
2020-12-23 21:03:48 下午 [Thread: http-nio-8080-exec-4][ Class:top.chris.shop.aspect.LogTimeAspect >> Method: top.chris.shop.aspect.LogTimeAspect.arroundServiceLog(LogTimeAspect.java:37) ]
ERROR:------方法top.chris.shop.service.impl.OrdersServiceImpl.queryOrdersStatusByUserId在Wed Dec 23 21:03:45 CST 2020时使用参数[Ljava.lang.Object;@32b30d8a[{20121572283947270144}]调用,并得到了结果[top.chris.shop.pojo.OrderStatus@61c5080d, top.chris.shop.pojo.OrderStatus@413ef9f6, top.chris.shop.pojo.OrderStatus@5944bf77, top.chris.shop.pojo.OrderStatus@73313688, top.chris.shop.pojo.OrderStatus@3afdcd83, top.chris.shop.pojo.OrderStatus@c3a6263, top.chris.shop.pojo.OrderStatus@70f9cb94, top.chris.shop.pojo.OrderStatus@a062675, top.chris.shop.pojo.OrderStatus@5ec37363, top.chris.shop.pojo.OrderStatus@1b53ba2]，共耗时3384毫秒------
2020-12-23 21:03:48 下午 [Thread: http-nio-8080-exec-10][ Class:top.chris.shop.aspect.LogTimeAspect >> Method: top.chris.shop.aspect.LogTimeAspect.arroundServiceLog(LogTimeAspect.java:37) ]
ERROR:------方法top.chris.shop.service.impl.CartServiceImpl.queryCartByUserId在Wed Dec 23 21:03:45 CST 2020时使用参数[Ljava.lang.Object;@34c240cb[{20121572283947270144}]调用,并得到了结果[ShopCartVo(itemId=suger-118, specId=suger-118-spec-1, itemImgUrl=http://122.152.205.72:88/foodie/suger-118/img1.png, itemName=儿时记忆麦芽糖 休闲食品, specName=散装, priceNormal=3100, priceDiscount=2790, buyCounts=5), ShopCartVo(itemId=food-77, specId=food-77-spec-1, itemImgUrl=http://122.152.205.72:88/foodie/food-77/img1.png, itemName=台湾进口散装肉干 香甜可口, specName=散装, priceNormal=16100, priceDiscount=14490, buyCounts=5), ShopCartVo(itemId=cookies-53, specId=cookies-53-spec-1, itemImgUrl=http://122.152.205.72:88/foodie/cookies-53/img1.png, itemName=【天天吃货】儿童饼干 成人饼干 趣趣闲闲, specName=普通咸, priceNormal=16000, priceDiscount=14400, buyCounts=1), ShopCartVo(itemId=chocolate-1001, specId=chocolate-1001-spec-1, itemImgUrl=http://122.152.205.72:88/foodie/chocolate-1001/img1.png, itemName=【天天吃货】黑巧克力 送人必备 最佳下午茶, specName=黑巧克力, priceNormal=16000, priceDiscount=14400, buyCounts=4), ShopCartVo(itemId=chocolate-125, specId=chocolate-125-spec-1, itemImgUrl=http://122.152.205.72:88/foodie/chocolate-125/img1.png, itemName=进口泰国黑巧克力 情人节必备, specName=散装, priceNormal=18300, priceDiscount=16470, buyCounts=5)]，共耗时3619毫秒------
2020-12-23 21:03:48 下午 [Thread: http-nio-8080-exec-2][ Class:top.chris.shop.aspect.LogTimeAspect >> Method: top.chris.shop.aspect.LogTimeAspect.arroundServiceLog(LogTimeAspect.java:37) ]
ERROR:------方法top.chris.shop.service.impl.OrdersServiceImpl.queryOrdersStatusByUserId在Wed Dec 23 21:03:45 CST 2020时使用参数[Ljava.lang.Object;@3cd21f20[{20121572283947270144}]调用,并得到了结果[top.chris.shop.pojo.OrderStatus@12ec501f, top.chris.shop.pojo.OrderStatus@8ad949b, top.chris.shop.pojo.OrderStatus@496f9b6c, top.chris.shop.pojo.OrderStatus@65e8a67e, top.chris.shop.pojo.OrderStatus@15747e74, top.chris.shop.pojo.OrderStatus@7119390d, top.chris.shop.pojo.OrderStatus@449878b9, top.chris.shop.pojo.OrderStatus@64e3fd02, top.chris.shop.pojo.OrderStatus@52d2b834, top.chris.shop.pojo.OrderStatus@6abb3232]，共耗时3377毫秒------
2020-12-23 21:03:48 下午 [Thread: http-nio-8080-exec-2][ Class:top.chris.shop.aspect.LogTimeAspect >> Method: top.chris.shop.aspect.LogTimeAspect.arroundServiceLog(LogTimeAspect.java:37) ]
ERROR:------方法top.chris.shop.service.impl.MyOrdersServiceImpl.queryOrdersTrendByUserId在Wed Dec 23 21:03:45 CST 2020时使用参数[Ljava.lang.Object;@1691292f[{20121572283947270144,1,5}]调用,并得到了结果top.chris.shop.util.PagedGridResult@514530d1，共耗时3433毫秒------
2020-12-23 21:03:48 下午 [Thread: http-nio-8080-exec-3][ Class:top.chris.shop.aspect.LogTimeAspect >> Method: top.chris.shop.aspect.LogTimeAspect.arroundServiceLog(LogTimeAspect.java:37) ]
ERROR:------方法top.chris.shop.service.impl.OrdersServiceImpl.queryOrdersStatusByUserId在Wed Dec 23 21:03:40 CST 2020时使用参数[Ljava.lang.Object;@3e53c723[{20121572283947270144}]调用,并得到了结果[top.chris.shop.pojo.OrderStatus@4db43c2b, top.chris.shop.pojo.OrderStatus@32198f9c, top.chris.shop.pojo.OrderStatus@14ca9249, top.chris.shop.pojo.OrderStatus@3480352c, top.chris.shop.pojo.OrderStatus@58b912f3, top.chris.shop.pojo.OrderStatus@26220317, top.chris.shop.pojo.OrderStatus@66ba8540, top.chris.shop.pojo.OrderStatus@5326e5ee, top.chris.shop.pojo.OrderStatus@43184bf3, top.chris.shop.pojo.OrderStatus@7514c23c]，共耗时8622毫秒------
2020-12-23 21:03:48 下午 [Thread: http-nio-8080-exec-7][ Class:top.chris.shop.aspect.LogTimeAspect >> Method: top.chris.shop.aspect.LogTimeAspect.arroundServiceLog(LogTimeAspect.java:37) ]
ERROR:------方法top.chris.shop.service.impl.MyOrdersServiceImpl.queryOrdersTrendByUserId在Wed Dec 23 21:03:40 CST 2020时使用参数[Ljava.lang.Object;@74268657[{20121572283947270144,1,5}]调用,并得到了结果top.chris.shop.util.PagedGridResult@158f73ec，共耗时8549毫秒------
2020-12-23 21:03:48 下午 [Thread: http-nio-8080-exec-11][ Class:top.chris.shop.aspect.LogTimeAspect >> Method: top.chris.shop.aspect.LogTimeAspect.arroundServiceLog(LogTimeAspect.java:34) ]
WARN:------方法top.chris.shop.service.impl.OrdersServiceImpl.queryOrdersStatusByUserId在Wed Dec 23 21:03:46 CST 2020时使用参数[Ljava.lang.Object;@70fa08f3[{20121572283947270144}]调用,并得到了结果[top.chris.shop.pojo.OrderStatus@2fa978b2, top.chris.shop.pojo.OrderStatus@70d573f7, top.chris.shop.pojo.OrderStatus@54a93356, top.chris.shop.pojo.OrderStatus@74b414a0, top.chris.shop.pojo.OrderStatus@10bc8e6c, top.chris.shop.pojo.OrderStatus@4b2d1d47, top.chris.shop.pojo.OrderStatus@5603a4f7, top.chris.shop.pojo.OrderStatus@246ab83, top.chris.shop.pojo.OrderStatus@76fd8a49, top.chris.shop.pojo.OrderStatus@551966f4]，共耗时2664毫秒------
2020-12-23 21:03:48 下午 [Thread: http-nio-8080-exec-6][ Class:top.chris.shop.aspect.LogTimeAspect >> Method: top.chris.shop.aspect.LogTimeAspect.arroundServiceLog(LogTimeAspect.java:34) ]
WARN:------方法top.chris.shop.service.impl.OrdersServiceImpl.queryOrdersStatusByUserId在Wed Dec 23 21:03:46 CST 2020时使用参数[Ljava.lang.Object;@20d32cc6[{20121572283947270144}]调用,并得到了结果[top.chris.shop.pojo.OrderStatus@75759161, top.chris.shop.pojo.OrderStatus@27ecd51d, top.chris.shop.pojo.OrderStatus@363df112, top.chris.shop.pojo.OrderStatus@fb14e0f, top.chris.shop.pojo.OrderStatus@56963801, top.chris.shop.pojo.OrderStatus@17134bf3, top.chris.shop.pojo.OrderStatus@4eff8d62, top.chris.shop.pojo.OrderStatus@4b3b6384, top.chris.shop.pojo.OrderStatus@2c8a1cd2, top.chris.shop.pojo.OrderStatus@21cb8663]，共耗时2667毫秒------
2020-12-23 21:03:48 下午 [Thread: http-nio-8080-exec-11][ Class:top.chris.shop.aspect.LogTimeAspect >> Method: top.chris.shop.aspect.LogTimeAspect.arroundServiceLog(LogTimeAspect.java:34) ]
WARN:------方法top.chris.shop.service.impl.MyOrdersServiceImpl.queryOrdersTrendByUserId在Wed Dec 23 21:03:46 CST 2020时使用参数[Ljava.lang.Object;@295bfe42[{20121572283947270144,1,5}]调用,并得到了结果top.chris.shop.util.PagedGridResult@336e96e2，共耗时2671毫秒------
2020-12-23 21:03:48 下午 [Thread: http-nio-8080-exec-5][ Class:top.chris.shop.aspect.LogTimeAspect >> Method: top.chris.shop.aspect.LogTimeAspect.arroundServiceLog(LogTimeAspect.java:37) ]
ERROR:------方法top.chris.shop.service.impl.CartServiceImpl.queryCartByUserId在Wed Dec 23 21:03:44 CST 2020时使用参数[Ljava.lang.Object;@4ffea9b[{20121572283947270144}]调用,并得到了结果[ShopCartVo(itemId=suger-118, specId=suger-118-spec-1, itemImgUrl=http://122.152.205.72:88/foodie/suger-118/img1.png, itemName=儿时记忆麦芽糖 休闲食品, specName=散装, priceNormal=3100, priceDiscount=2790, buyCounts=5), ShopCartVo(itemId=food-77, specId=food-77-spec-1, itemImgUrl=http://122.152.205.72:88/foodie/food-77/img1.png, itemName=台湾进口散装肉干 香甜可口, specName=散装, priceNormal=16100, priceDiscount=14490, buyCounts=5), ShopCartVo(itemId=cookies-53, specId=cookies-53-spec-1, itemImgUrl=http://122.152.205.72:88/foodie/cookies-53/img1.png, itemName=【天天吃货】儿童饼干 成人饼干 趣趣闲闲, specName=普通咸, priceNormal=16000, priceDiscount=14400, buyCounts=1), ShopCartVo(itemId=chocolate-1001, specId=chocolate-1001-spec-1, itemImgUrl=http://122.152.205.72:88/foodie/chocolate-1001/img1.png, itemName=【天天吃货】黑巧克力 送人必备 最佳下午茶, specName=黑巧克力, priceNormal=16000, priceDiscount=14400, buyCounts=4), ShopCartVo(itemId=chocolate-125, specId=chocolate-125-spec-1, itemImgUrl=http://122.152.205.72:88/foodie/chocolate-125/img1.png, itemName=进口泰国黑巧克力 情人节必备, specName=散装, priceNormal=18300, priceDiscount=16470, buyCounts=5)]，共耗时4295毫秒------
2020-12-23 21:03:48 下午 [Thread: http-nio-8080-exec-4][ Class:top.chris.shop.aspect.LogTimeAspect >> Method: top.chris.shop.aspect.LogTimeAspect.arroundServiceLog(LogTimeAspect.java:37) ]
ERROR:------方法top.chris.shop.service.impl.MyOrdersServiceImpl.queryOrderStatusCounts在Wed Dec 23 21:03:45 CST 2020时使用参数[Ljava.lang.Object;@6b144239[{20121572283947270144}]调用,并得到了结果OrderStatusCountsVo(waitPayCounts=3, waitDeliverCounts=1, waitReceiveCounts=2, waitCommentCounts=3)，共耗时3471毫秒------
2020-12-23 21:03:48 下午 [Thread: http-nio-8080-exec-8][ Class:top.chris.shop.aspect.LogTimeAspect >> Method: top.chris.shop.aspect.LogTimeAspect.arroundServiceLog(LogTimeAspect.java:37) ]
ERROR:------方法top.chris.shop.service.impl.CartServiceImpl.queryCartByUserId在Wed Dec 23 21:03:40 CST 2020时使用参数[Ljava.lang.Object;@712d8601[{20121572283947270144}]调用,并得到了结果[ShopCartVo(itemId=suger-118, specId=suger-118-spec-1, itemImgUrl=http://122.152.205.72:88/foodie/suger-118/img1.png, itemName=儿时记忆麦芽糖 休闲食品, specName=散装, priceNormal=3100, priceDiscount=2790, buyCounts=5), ShopCartVo(itemId=food-77, specId=food-77-spec-1, itemImgUrl=http://122.152.205.72:88/foodie/food-77/img1.png, itemName=台湾进口散装肉干 香甜可口, specName=散装, priceNormal=16100, priceDiscount=14490, buyCounts=5), ShopCartVo(itemId=cookies-53, specId=cookies-53-spec-1, itemImgUrl=http://122.152.205.72:88/foodie/cookies-53/img1.png, itemName=【天天吃货】儿童饼干 成人饼干 趣趣闲闲, specName=普通咸, priceNormal=16000, priceDiscount=14400, buyCounts=1), ShopCartVo(itemId=chocolate-1001, specId=chocolate-1001-spec-1, itemImgUrl=http://122.152.205.72:88/foodie/chocolate-1001/img1.png, itemName=【天天吃货】黑巧克力 送人必备 最佳下午茶, specName=黑巧克力, priceNormal=16000, priceDiscount=14400, buyCounts=4), ShopCartVo(itemId=chocolate-125, specId=chocolate-125-spec-1, itemImgUrl=http://122.152.205.72:88/foodie/chocolate-125/img1.png, itemName=进口泰国黑巧克力 情人节必备, specName=散装, priceNormal=18300, priceDiscount=16470, buyCounts=5)]，共耗时8381毫秒------
2020-12-23 21:03:48 下午 [Thread: http-nio-8080-exec-9][ Class:top.chris.shop.aspect.LogTimeAspect >> Method: top.chris.shop.aspect.LogTimeAspect.arroundServiceLog(LogTimeAspect.java:37) ]
ERROR:------方法top.chris.shop.service.impl.OrdersServiceImpl.queryOrdersStatusByUserId在Wed Dec 23 21:03:40 CST 2020时使用参数[Ljava.lang.Object;@553ebfa9[{20121572283947270144}]调用,并得到了结果[top.chris.shop.pojo.OrderStatus@294e90ee, top.chris.shop.pojo.OrderStatus@2cae4148, top.chris.shop.pojo.OrderStatus@326edddf, top.chris.shop.pojo.OrderStatus@120defcc, top.chris.shop.pojo.OrderStatus@4f99d483, top.chris.shop.pojo.OrderStatus@11636839, top.chris.shop.pojo.OrderStatus@55a7dfef, top.chris.shop.pojo.OrderStatus@28293918, top.chris.shop.pojo.OrderStatus@2915cd52, top.chris.shop.pojo.OrderStatus@23bd4ae9]，共耗时8093毫秒------
2020-12-23 21:03:48 下午 [Thread: http-nio-8080-exec-3][ Class:top.chris.shop.aspect.LogTimeAspect >> Method: top.chris.shop.aspect.LogTimeAspect.arroundServiceLog(LogTimeAspect.java:37) ]
ERROR:------方法top.chris.shop.service.impl.MyOrdersServiceImpl.queryOrderStatusCounts在Wed Dec 23 21:03:40 CST 2020时使用参数[Ljava.lang.Object;@923e7d6[{20121572283947270144}]调用,并得到了结果OrderStatusCountsVo(waitPayCounts=3, waitDeliverCounts=1, waitReceiveCounts=2, waitCommentCounts=3)，共耗时8763毫秒------
2020-12-23 21:03:48 下午 [Thread: http-nio-8080-exec-9][ Class:top.chris.shop.aspect.LogTimeAspect >> Method: top.chris.shop.aspect.LogTimeAspect.arroundServiceLog(LogTimeAspect.java:37) ]
ERROR:------方法top.chris.shop.service.impl.MyOrdersServiceImpl.queryOrdersTrendByUserId在Wed Dec 23 21:03:40 CST 2020时使用参数[Ljava.lang.Object;@298eb036[{20121572283947270144,1,5}]调用,并得到了结果top.chris.shop.util.PagedGridResult@2e769708，共耗时8103毫秒------
2020-12-23 21:03:48 下午 [Thread: http-nio-8080-exec-6][ Class:top.chris.shop.aspect.LogTimeAspect >> Method: top.chris.shop.aspect.LogTimeAspect.arroundServiceLog(LogTimeAspect.java:34) ]
WARN:------方法top.chris.shop.service.impl.MyOrdersServiceImpl.queryOrderStatusCounts在Wed Dec 23 21:03:46 CST 2020时使用参数[Ljava.lang.Object;@1b7e1cd6[{20121572283947270144}]调用,并得到了结果OrderStatusCountsVo(waitPayCounts=3, waitDeliverCounts=1, waitReceiveCounts=2, waitCommentCounts=3)，共耗时2731毫秒------
2020-12-23 21:03:48 下午 [Thread: http-nio-8080-exec-1][ Class:top.chris.shop.aspect.LogTimeAspect >> Method: top.chris.shop.aspect.LogTimeAspect.arroundServiceLog(LogTimeAspect.java:37) ]
ERROR:------方法top.chris.shop.service.impl.OrdersServiceImpl.queryOrdersStatusByUserId在Wed Dec 23 21:03:40 CST 2020时使用参数[Ljava.lang.Object;@313469ff[{20121572283947270144}]调用,并得到了结果[top.chris.shop.pojo.OrderStatus@2587551b, top.chris.shop.pojo.OrderStatus@c081adf, top.chris.shop.pojo.OrderStatus@13eb9d53, top.chris.shop.pojo.OrderStatus@1826540, top.chris.shop.pojo.OrderStatus@1eb2d7e6, top.chris.shop.pojo.OrderStatus@52a0f80d, top.chris.shop.pojo.OrderStatus@1d6ef60f, top.chris.shop.pojo.OrderStatus@f542887, top.chris.shop.pojo.OrderStatus@751c36c, top.chris.shop.pojo.OrderStatus@5264331b]，共耗时8118毫秒------
2020-12-23 21:03:48 下午 [Thread: http-nio-8080-exec-1][ Class:top.chris.shop.aspect.LogTimeAspect >> Method: top.chris.shop.aspect.LogTimeAspect.arroundServiceLog(LogTimeAspect.java:37) ]
ERROR:------方法top.chris.shop.service.impl.MyOrdersServiceImpl.queryOrderStatusCounts在Wed Dec 23 21:03:40 CST 2020时使用参数[Ljava.lang.Object;@2dd0de93[{20121572283947270144}]调用,并得到了结果OrderStatusCountsVo(waitPayCounts=3, waitDeliverCounts=1, waitReceiveCounts=2, waitCommentCounts=3)，共耗时8132毫秒------
2020-12-23 21:03:53 下午 [Thread: http-nio-8080-exec-3][ Class:top.chris.shop.aspect.LogTimeAspect >> Method: top.chris.shop.aspect.LogTimeAspect.arroundServiceLog(LogTimeAspect.java:34) ]
WARN:------方法top.chris.shop.service.impl.OrdersServiceImpl.queryOrdersStatusByUserId在Wed Dec 23 21:03:52 CST 2020时使用参数[Ljava.lang.Object;@537c89f2[{20121572283947270144}]调用,并得到了结果[top.chris.shop.pojo.OrderStatus@540ecacc, top.chris.shop.pojo.OrderStatus@1176770e, top.chris.shop.pojo.OrderStatus@78ab60c1, top.chris.shop.pojo.OrderStatus@4f2f553f, top.chris.shop.pojo.OrderStatus@6d55aebc, top.chris.shop.pojo.OrderStatus@4fb96a1f, top.chris.shop.pojo.OrderStatus@6cb7a641, top.chris.shop.pojo.OrderStatus@59049045, top.chris.shop.pojo.OrderStatus@19e4e597, top.chris.shop.pojo.OrderStatus@1d899d26]，共耗时1190毫秒------
2020-12-23 21:03:53 下午 [Thread: http-nio-8080-exec-11][ Class:top.chris.shop.aspect.LogTimeAspect >> Method: top.chris.shop.aspect.LogTimeAspect.arroundServiceLog(LogTimeAspect.java:34) ]
WARN:------方法top.chris.shop.service.impl.MyOrdersServiceImpl.queryOrdersTrendByUserId在Wed Dec 23 21:03:52 CST 2020时使用参数[Ljava.lang.Object;@4f3b1f4d[{20121572283947270144,1,5}]调用,并得到了结果top.chris.shop.util.PagedGridResult@44a5bd6d，共耗时1192毫秒------
2020-12-23 21:03:53 下午 [Thread: http-nio-8080-exec-9][ Class:top.chris.shop.aspect.LogTimeAspect >> Method: top.chris.shop.aspect.LogTimeAspect.arroundServiceLog(LogTimeAspect.java:34) ]
WARN:------方法top.chris.shop.service.impl.OrdersServiceImpl.queryOrdersStatusByUserId在Wed Dec 23 21:03:52 CST 2020时使用参数[Ljava.lang.Object;@73c81cdc[{20121572283947270144}]调用,并得到了结果[top.chris.shop.pojo.OrderStatus@1cfebc13, top.chris.shop.pojo.OrderStatus@233e12ec, top.chris.shop.pojo.OrderStatus@2d253bec, top.chris.shop.pojo.OrderStatus@1eb8fc68, top.chris.shop.pojo.OrderStatus@774fc588, top.chris.shop.pojo.OrderStatus@243500ff, top.chris.shop.pojo.OrderStatus@204ba5ce, top.chris.shop.pojo.OrderStatus@79c95613, top.chris.shop.pojo.OrderStatus@7023bf27, top.chris.shop.pojo.OrderStatus@7c9d6b24]，共耗时1301毫秒------
2020-12-23 21:03:53 下午 [Thread: http-nio-8080-exec-3][ Class:top.chris.shop.aspect.LogTimeAspect >> Method: top.chris.shop.aspect.LogTimeAspect.arroundServiceLog(LogTimeAspect.java:34) ]
WARN:------方法top.chris.shop.service.impl.MyOrdersServiceImpl.queryOrderStatusCounts在Wed Dec 23 21:03:52 CST 2020时使用参数[Ljava.lang.Object;@22f14819[{20121572283947270144}]调用,并得到了结果OrderStatusCountsVo(waitPayCounts=3, waitDeliverCounts=1, waitReceiveCounts=2, waitCommentCounts=3)，共耗时1712毫秒------
2020-12-23 21:03:53 下午 [Thread: http-nio-8080-exec-9][ Class:top.chris.shop.aspect.LogTimeAspect >> Method: top.chris.shop.aspect.LogTimeAspect.arroundServiceLog(LogTimeAspect.java:34) ]
WARN:------方法top.chris.shop.service.impl.MyOrdersServiceImpl.queryOrderStatusCounts在Wed Dec 23 21:03:52 CST 2020时使用参数[Ljava.lang.Object;@2bcedfc1[{20121572283947270144}]调用,并得到了结果OrderStatusCountsVo(waitPayCounts=3, waitDeliverCounts=1, waitReceiveCounts=2, waitCommentCounts=3)，共耗时1620毫秒------
2020-12-23 21:30:27 下午 [Thread: http-nio-8080-exec-9][ Class:org.springframework.web.servlet.PageNotFound >> Method: org.springframework.web.servlet.DispatcherServlet.noHandlerFound(DispatcherServlet.java:1249) ]
WARN:No mapping for POST /mycomments/query
2020-12-23 21:31:44 下午 [Thread: http-nio-8080-exec-8][ Class:org.springframework.web.servlet.PageNotFound >> Method: org.springframework.web.servlet.DispatcherServlet.noHandlerFound(DispatcherServlet.java:1249) ]
WARN:No mapping for POST /mycomments/query
2020-12-23 21:32:26 下午 [Thread: http-nio-8080-exec-4][ Class:org.springframework.web.servlet.PageNotFound >> Method: org.springframework.web.servlet.DispatcherServlet.noHandlerFound(DispatcherServlet.java:1249) ]
WARN:No mapping for POST /mycomments/query
2020-12-23 22:00:40 下午 [Thread: main][ Class:org.mybatis.spring.mapper.ClassPathMapperScanner >> Method: org.mybatis.logging.Logger.warn(Logger.java:44) ]
WARN:No MyBatis mapper was found in '[top.chris.shop]' package. Please check your configuration.
2020-12-23 22:01:09 下午 [Thread: http-nio-8080-exec-3][ Class:com.zaxxer.hikari.util.DriverDataSource >> Method: com.zaxxer.hikari.util.DriverDataSource.<init>(DriverDataSource.java:68) ]
WARN:Registered driver with driverClassName=com.mysql.jdbc.Driver was not found, trying direct instantiation.
2020-12-23 22:02:13 下午 [Thread: main][ Class:org.mybatis.spring.mapper.ClassPathMapperScanner >> Method: org.mybatis.logging.Logger.warn(Logger.java:44) ]
WARN:No MyBatis mapper was found in '[top.chris.shop]' package. Please check your configuration.
2020-12-23 22:05:23 下午 [Thread: http-nio-8080-exec-2][ Class:com.zaxxer.hikari.util.DriverDataSource >> Method: com.zaxxer.hikari.util.DriverDataSource.<init>(DriverDataSource.java:68) ]
WARN:Registered driver with driverClassName=com.mysql.jdbc.Driver was not found, trying direct instantiation.
2020-12-23 22:16:41 下午 [Thread: main][ Class:org.mybatis.spring.mapper.ClassPathMapperScanner >> Method: org.mybatis.logging.Logger.warn(Logger.java:44) ]
WARN:No MyBatis mapper was found in '[top.chris.shop]' package. Please check your configuration.
2020-12-23 22:17:05 下午 [Thread: http-nio-8080-exec-2][ Class:com.zaxxer.hikari.util.DriverDataSource >> Method: com.zaxxer.hikari.util.DriverDataSource.<init>(DriverDataSource.java:68) ]
WARN:Registered driver with driverClassName=com.mysql.jdbc.Driver was not found, trying direct instantiation.
2020-12-23 22:18:06 下午 [Thread: main][ Class:org.mybatis.spring.mapper.ClassPathMapperScanner >> Method: org.mybatis.logging.Logger.warn(Logger.java:44) ]
WARN:No MyBatis mapper was found in '[top.chris.shop]' package. Please check your configuration.
2020-12-23 22:18:18 下午 [Thread: http-nio-8080-exec-8][ Class:com.zaxxer.hikari.util.DriverDataSource >> Method: com.zaxxer.hikari.util.DriverDataSource.<init>(DriverDataSource.java:68) ]
WARN:Registered driver with driverClassName=com.mysql.jdbc.Driver was not found, trying direct instantiation.
2020-12-23 22:20:47 下午 [Thread: main][ Class:org.mybatis.spring.mapper.ClassPathMapperScanner >> Method: org.mybatis.logging.Logger.warn(Logger.java:44) ]
WARN:No MyBatis mapper was found in '[top.chris.shop]' package. Please check your configuration.
2020-12-23 22:21:02 下午 [Thread: http-nio-8080-exec-2][ Class:com.zaxxer.hikari.util.DriverDataSource >> Method: com.zaxxer.hikari.util.DriverDataSource.<init>(DriverDataSource.java:68) ]
WARN:Registered driver with driverClassName=com.mysql.jdbc.Driver was not found, trying direct instantiation.
2020-12-23 22:25:11 下午 [Thread: http-nio-8080-exec-3][ Class:top.chris.shop.aspect.LogTimeAspect >> Method: top.chris.shop.aspect.LogTimeAspect.arroundServiceLog(LogTimeAspect.java:34) ]
WARN:------方法top.chris.shop.service.impl.PayServiceImpl.toPay在Wed Dec 23 22:25:09 CST 2020时使用参数[Ljava.lang.Object;@3f763a58[{20121572283947270144,201223H00AZN24BC}]调用,并得到了结果<form name="punchout_form" method="post" action="https://openapi.alipaydev.com/gateway.do?charset=utf-8&method=alipay.trade.page.pay&sign=R%2BGCBDLJQ%2BhXHB9wHX1fMWKY0n7yy93823DQ7RZAuCz%2Fwpz6OfRj9Xda3Xaf1TN2uZCX%2BqGSvKlcfVOUlh%2FeV4MMBpwQJmCS3UMo2iovCZpOODmh%2Fl7Ih80ASerikPeBGgsS%2FZzmKzXEvXJsFhBAIdpq7xqGaAVL4Fesw20TLnWuKuLP6PFhQPZWLVy9dsVctM8YX8qq4tLV1kik5h08scLiAapMn0KyGI4dm1TikuDze9%2FYhM%2BBvN%2BdhLjBCoHyJt2cnHoBhVnUjNd%2F%2FLvNMGPTdA1tJ1YRplPqfn9Q7p093ur97lTezYHYmLi7g0LKU%2FMfVBFzn1PjwyM4zpKEvA%3D%3D&return_url=http%3A%2F%2Flocalhost%3A8080%2Fpayment%2Fcallback%3Fmethod%3Dcallback&version=1.0&app_id=2021000116670674&sign_type=RSA2&timestamp=2020-12-23+22%3A25%3A10&alipay_sdk=alipay-sdk-java-3.7.110.ALL&format=json">
<input type="hidden" name="biz_content" value="{&quot;out_trade_no&quot;:&quot;201223H00AZN24BC&quot;,&quot;product_code&quot;:&quot;FAST_INSTANT_TRADE_PAY&quot;,&quot;subject&quot;:&quot;台湾进口散装肉干 香甜可口  儿时记忆麦芽糖 休闲食品  &quot;,&quot;total_amount&quot;:&quot;864&quot;}">
<input type="submit" value="立即支付" style="display:none" >
</form>
<script>document.forms[0].submit();</script>，共耗时1172毫秒------
