2021-01-01 09:11:38 上午 [Thread: main][ Class:org.mybatis.spring.mapper.ClassPathMapperScanner >> Method: org.mybatis.logging.Logger.warn(Logger.java:44) ]
WARN:No MyBatis mapper was found in '[top.chris.shop]' package. Please check your configuration.
2021-01-01 09:12:55 上午 [Thread: http-nio-8080-exec-5][ Class:com.zaxxer.hikari.util.DriverDataSource >> Method: com.zaxxer.hikari.util.DriverDataSource.<init>(DriverDataSource.java:68) ]
WARN:Registered driver with driverClassName=com.mysql.jdbc.Driver was not found, trying direct instantiation.
2021-01-01 09:13:02 上午 [Thread: http-nio-8080-exec-1][ Class:top.chris.shop.aspect.LogTimeAspect >> Method: top.chris.shop.aspect.LogTimeAspect.arroundServiceLog(LogTimeAspect.java:37) ]
ERROR:------方法top.chris.shop.service.impl.IndexServiceImpl.rendersCats在Fri Jan 01 09:12:55 CST 2021时使用参数[Ljava.lang.Object;@3b9e4244[{}]调用,并得到了结果[top.chris.shop.pojo.Category@3fc02296, top.chris.shop.pojo.Category@41299207, top.chris.shop.pojo.Category@2ac8f7a1, top.chris.shop.pojo.Category@630d0cde, top.chris.shop.pojo.Category@5de756bb, top.chris.shop.pojo.Category@50d35eaa, top.chris.shop.pojo.Category@3d4bdeee, top.chris.shop.pojo.Category@36ab5e65, top.chris.shop.pojo.Category@511e8485, top.chris.shop.pojo.Category@1bf2b602]，共耗时7617毫秒------
2021-01-01 09:15:40 上午 [Thread: main][ Class:org.mybatis.spring.mapper.ClassPathMapperScanner >> Method: org.mybatis.logging.Logger.warn(Logger.java:44) ]
WARN:No MyBatis mapper was found in '[top.chris.shop]' package. Please check your configuration.
2021-01-01 09:16:21 上午 [Thread: http-nio-8080-exec-2][ Class:com.zaxxer.hikari.util.DriverDataSource >> Method: com.zaxxer.hikari.util.DriverDataSource.<init>(DriverDataSource.java:68) ]
WARN:Registered driver with driverClassName=com.mysql.jdbc.Driver was not found, trying direct instantiation.
2021-01-01 09:18:10 上午 [Thread: main][ Class:org.mybatis.spring.mapper.ClassPathMapperScanner >> Method: org.mybatis.logging.Logger.warn(Logger.java:44) ]
WARN:No MyBatis mapper was found in '[top.chris.shop]' package. Please check your configuration.
2021-01-01 09:18:50 上午 [Thread: http-nio-8080-exec-2][ Class:com.zaxxer.hikari.util.DriverDataSource >> Method: com.zaxxer.hikari.util.DriverDataSource.<init>(DriverDataSource.java:68) ]
WARN:Registered driver with driverClassName=com.mysql.jdbc.Driver was not found, trying direct instantiation.
2021-01-01 09:30:49 上午 [Thread: main][ Class:org.mybatis.spring.mapper.ClassPathMapperScanner >> Method: org.mybatis.logging.Logger.warn(Logger.java:44) ]
WARN:No MyBatis mapper was found in '[top.chris.shop]' package. Please check your configuration.
2021-01-01 09:31:40 上午 [Thread: http-nio-8080-exec-3][ Class:com.zaxxer.hikari.util.DriverDataSource >> Method: com.zaxxer.hikari.util.DriverDataSource.<init>(DriverDataSource.java:68) ]
WARN:Registered driver with driverClassName=com.mysql.jdbc.Driver was not found, trying direct instantiation.
2021-01-01 09:39:12 上午 [Thread: main][ Class:org.mybatis.spring.mapper.ClassPathMapperScanner >> Method: org.mybatis.logging.Logger.warn(Logger.java:44) ]
WARN:No MyBatis mapper was found in '[top.chris.shop]' package. Please check your configuration.
2021-01-01 09:40:05 上午 [Thread: http-nio-8080-exec-1][ Class:com.zaxxer.hikari.util.DriverDataSource >> Method: com.zaxxer.hikari.util.DriverDataSource.<init>(DriverDataSource.java:68) ]
WARN:Registered driver with driverClassName=com.mysql.jdbc.Driver was not found, trying direct instantiation.
2021-01-01 09:41:24 上午 [Thread: main][ Class:org.mybatis.spring.mapper.ClassPathMapperScanner >> Method: org.mybatis.logging.Logger.warn(Logger.java:44) ]
WARN:No MyBatis mapper was found in '[top.chris.shop]' package. Please check your configuration.
2021-01-01 09:42:25 上午 [Thread: http-nio-8080-exec-2][ Class:org.springframework.web.servlet.mvc.support.DefaultHandlerExceptionResolver >> Method: org.springframework.web.servlet.handler.AbstractHandlerExceptionResolver.logException(AbstractHandlerExceptionResolver.java:198) ]
WARN:Resolved [org.springframework.web.multipart.support.MissingServletRequestPartException: Required request part 'file' is not present]
2021-01-01 09:42:38 上午 [Thread: http-nio-8080-exec-4][ Class:com.zaxxer.hikari.util.DriverDataSource >> Method: com.zaxxer.hikari.util.DriverDataSource.<init>(DriverDataSource.java:68) ]
WARN:Registered driver with driverClassName=com.mysql.jdbc.Driver was not found, trying direct instantiation.
2021-01-01 09:42:39 上午 [Thread: http-nio-8080-exec-3][ Class:top.chris.shop.aspect.LogTimeAspect >> Method: top.chris.shop.aspect.LogTimeAspect.arroundServiceLog(LogTimeAspect.java:34) ]
WARN:------方法top.chris.shop.service.impl.IndexServiceImpl.rendersCats在Fri Jan 01 09:42:37 CST 2021时使用参数[Ljava.lang.Object;@6d6cc5aa[{}]调用,并得到了结果[top.chris.shop.pojo.Category@505def08, top.chris.shop.pojo.Category@388ec5ec, top.chris.shop.pojo.Category@668d3cc6, top.chris.shop.pojo.Category@6d47e428, top.chris.shop.pojo.Category@52dd7327, top.chris.shop.pojo.Category@1cb27d35, top.chris.shop.pojo.Category@13d60969, top.chris.shop.pojo.Category@4162d99f, top.chris.shop.pojo.Category@789fdedf, top.chris.shop.pojo.Category@77cb4f2c]，共耗时2210毫秒------
2021-01-01 09:49:33 上午 [Thread: main][ Class:org.mybatis.spring.mapper.ClassPathMapperScanner >> Method: org.mybatis.logging.Logger.warn(Logger.java:44) ]
WARN:No MyBatis mapper was found in '[top.chris.shop]' package. Please check your configuration.
2021-01-01 09:49:47 上午 [Thread: http-nio-8080-exec-3][ Class:com.zaxxer.hikari.util.DriverDataSource >> Method: com.zaxxer.hikari.util.DriverDataSource.<init>(DriverDataSource.java:68) ]
WARN:Registered driver with driverClassName=com.mysql.jdbc.Driver was not found, trying direct instantiation.
2021-01-01 09:51:52 上午 [Thread: main][ Class:org.mybatis.spring.mapper.ClassPathMapperScanner >> Method: org.mybatis.logging.Logger.warn(Logger.java:44) ]
WARN:No MyBatis mapper was found in '[top.chris.shop]' package. Please check your configuration.
2021-01-01 09:52:21 上午 [Thread: http-nio-8080-exec-2][ Class:com.zaxxer.hikari.util.DriverDataSource >> Method: com.zaxxer.hikari.util.DriverDataSource.<init>(DriverDataSource.java:68) ]
WARN:Registered driver with driverClassName=com.mysql.jdbc.Driver was not found, trying direct instantiation.
2021-01-01 09:53:30 上午 [Thread: main][ Class:org.mybatis.spring.mapper.ClassPathMapperScanner >> Method: org.mybatis.logging.Logger.warn(Logger.java:44) ]
WARN:No MyBatis mapper was found in '[top.chris.shop]' package. Please check your configuration.
2021-01-01 09:54:00 上午 [Thread: http-nio-8080-exec-1][ Class:com.zaxxer.hikari.util.DriverDataSource >> Method: com.zaxxer.hikari.util.DriverDataSource.<init>(DriverDataSource.java:68) ]
WARN:Registered driver with driverClassName=com.mysql.jdbc.Driver was not found, trying direct instantiation.
2021-01-01 09:56:47 上午 [Thread: main][ Class:org.mybatis.spring.mapper.ClassPathMapperScanner >> Method: org.mybatis.logging.Logger.warn(Logger.java:44) ]
WARN:No MyBatis mapper was found in '[top.chris.shop]' package. Please check your configuration.
2021-01-01 09:57:01 上午 [Thread: http-nio-8080-exec-2][ Class:com.zaxxer.hikari.util.DriverDataSource >> Method: com.zaxxer.hikari.util.DriverDataSource.<init>(DriverDataSource.java:68) ]
WARN:Registered driver with driverClassName=com.mysql.jdbc.Driver was not found, trying direct instantiation.
2021-01-01 09:58:59 上午 [Thread: main][ Class:org.mybatis.spring.mapper.ClassPathMapperScanner >> Method: org.mybatis.logging.Logger.warn(Logger.java:44) ]
WARN:No MyBatis mapper was found in '[top.chris.shop]' package. Please check your configuration.
2021-01-01 09:59:17 上午 [Thread: http-nio-8080-exec-2][ Class:com.zaxxer.hikari.util.DriverDataSource >> Method: com.zaxxer.hikari.util.DriverDataSource.<init>(DriverDataSource.java:68) ]
WARN:Registered driver with driverClassName=com.mysql.jdbc.Driver was not found, trying direct instantiation.
2021-01-01 10:04:11 上午 [Thread: main][ Class:org.mybatis.spring.mapper.ClassPathMapperScanner >> Method: org.mybatis.logging.Logger.warn(Logger.java:44) ]
WARN:No MyBatis mapper was found in '[top.chris.shop]' package. Please check your configuration.
2021-01-01 10:04:39 上午 [Thread: http-nio-8080-exec-2][ Class:com.zaxxer.hikari.util.DriverDataSource >> Method: com.zaxxer.hikari.util.DriverDataSource.<init>(DriverDataSource.java:68) ]
WARN:Registered driver with driverClassName=com.mysql.jdbc.Driver was not found, trying direct instantiation.
2021-01-01 10:58:17 上午 [Thread: main][ Class:org.mybatis.spring.mapper.ClassPathMapperScanner >> Method: org.mybatis.logging.Logger.warn(Logger.java:44) ]
WARN:No MyBatis mapper was found in '[top.chris.shop]' package. Please check your configuration.
2021-01-01 10:58:36 上午 [Thread: http-nio-8080-exec-1][ Class:com.zaxxer.hikari.util.DriverDataSource >> Method: com.zaxxer.hikari.util.DriverDataSource.<init>(DriverDataSource.java:68) ]
WARN:Registered driver with driverClassName=com.mysql.jdbc.Driver was not found, trying direct instantiation.
2021-01-01 10:58:37 上午 [Thread: http-nio-8080-exec-3][ Class:top.chris.shop.aspect.LogTimeAspect >> Method: top.chris.shop.aspect.LogTimeAspect.arroundServiceLog(LogTimeAspect.java:34) ]
WARN:------方法top.chris.shop.service.impl.IndexServiceImpl.rendersCats在Fri Jan 01 10:58:36 CST 2021时使用参数[Ljava.lang.Object;@17ad3179[{}]调用,并得到了结果[top.chris.shop.pojo.Category@7c8bac90, top.chris.shop.pojo.Category@2b77501e, top.chris.shop.pojo.Category@2afa73c1, top.chris.shop.pojo.Category@54a2b91e, top.chris.shop.pojo.Category@75ec6036, top.chris.shop.pojo.Category@648a3935, top.chris.shop.pojo.Category@1d973a1e, top.chris.shop.pojo.Category@5c3c0afb, top.chris.shop.pojo.Category@4ac73c9a, top.chris.shop.pojo.Category@7f31e766]，共耗时1611毫秒------
2021-01-01 11:01:31 上午 [Thread: main][ Class:org.mybatis.spring.mapper.ClassPathMapperScanner >> Method: org.mybatis.logging.Logger.warn(Logger.java:44) ]
WARN:No MyBatis mapper was found in '[top.chris.shop]' package. Please check your configuration.
2021-01-01 11:01:53 上午 [Thread: http-nio-8080-exec-2][ Class:com.zaxxer.hikari.util.DriverDataSource >> Method: com.zaxxer.hikari.util.DriverDataSource.<init>(DriverDataSource.java:68) ]
WARN:Registered driver with driverClassName=com.mysql.jdbc.Driver was not found, trying direct instantiation.
2021-01-01 11:03:08 上午 [Thread: main][ Class:org.mybatis.spring.mapper.ClassPathMapperScanner >> Method: org.mybatis.logging.Logger.warn(Logger.java:44) ]
WARN:No MyBatis mapper was found in '[top.chris.shop]' package. Please check your configuration.
2021-01-01 11:03:30 上午 [Thread: http-nio-8080-exec-2][ Class:com.zaxxer.hikari.util.DriverDataSource >> Method: com.zaxxer.hikari.util.DriverDataSource.<init>(DriverDataSource.java:68) ]
WARN:Registered driver with driverClassName=com.mysql.jdbc.Driver was not found, trying direct instantiation.
2021-01-01 11:13:12 上午 [Thread: main][ Class:org.mybatis.spring.mapper.ClassPathMapperScanner >> Method: org.mybatis.logging.Logger.warn(Logger.java:44) ]
WARN:No MyBatis mapper was found in '[top.chris.shop]' package. Please check your configuration.
2021-01-01 11:13:46 上午 [Thread: http-nio-8080-exec-1][ Class:com.zaxxer.hikari.util.DriverDataSource >> Method: com.zaxxer.hikari.util.DriverDataSource.<init>(DriverDataSource.java:68) ]
WARN:Registered driver with driverClassName=com.mysql.jdbc.Driver was not found, trying direct instantiation.
2021-01-01 11:13:48 上午 [Thread: http-nio-8080-exec-2][ Class:top.chris.shop.aspect.LogTimeAspect >> Method: top.chris.shop.aspect.LogTimeAspect.arroundServiceLog(LogTimeAspect.java:34) ]
WARN:------方法top.chris.shop.service.impl.IndexServiceImpl.rendersCats在Fri Jan 01 11:13:46 CST 2021时使用参数[Ljava.lang.Object;@3faab702[{}]调用,并得到了结果[top.chris.shop.pojo.Category@32b0a9b3, top.chris.shop.pojo.Category@57b14694, top.chris.shop.pojo.Category@43f0f989, top.chris.shop.pojo.Category@29885452, top.chris.shop.pojo.Category@1ec28de1, top.chris.shop.pojo.Category@431aed4b, top.chris.shop.pojo.Category@7626810, top.chris.shop.pojo.Category@6ca3866a, top.chris.shop.pojo.Category@6604b39a, top.chris.shop.pojo.Category@72e06aa4]，共耗时2019毫秒------
2021-01-01 11:40:48 上午 [Thread: main][ Class:org.mybatis.spring.mapper.ClassPathMapperScanner >> Method: org.mybatis.logging.Logger.warn(Logger.java:44) ]
WARN:No MyBatis mapper was found in '[top.chris.shop]' package. Please check your configuration.
2021-01-01 11:41:09 上午 [Thread: http-nio-8080-exec-2][ Class:com.zaxxer.hikari.util.DriverDataSource >> Method: com.zaxxer.hikari.util.DriverDataSource.<init>(DriverDataSource.java:68) ]
WARN:Registered driver with driverClassName=com.mysql.jdbc.Driver was not found, trying direct instantiation.
2021-01-01 11:41:10 上午 [Thread: http-nio-8080-exec-2][ Class:top.chris.shop.aspect.LogTimeAspect >> Method: top.chris.shop.aspect.LogTimeAspect.arroundServiceLog(LogTimeAspect.java:34) ]
WARN:------方法top.chris.shop.service.impl.IndexServiceImpl.rendersCats在Fri Jan 01 11:41:08 CST 2021时使用参数[Ljava.lang.Object;@1947244d[{}]调用,并得到了结果[top.chris.shop.pojo.Category@41f55566, top.chris.shop.pojo.Category@48c6eeff, top.chris.shop.pojo.Category@32eb57c9, top.chris.shop.pojo.Category@12ae6895, top.chris.shop.pojo.Category@791b41c3, top.chris.shop.pojo.Category@6d5e909, top.chris.shop.pojo.Category@6e68a305, top.chris.shop.pojo.Category@f63949d, top.chris.shop.pojo.Category@2cd5d9eb, top.chris.shop.pojo.Category@5e1f0d9]，共耗时1552毫秒------
2021-01-01 11:51:52 上午 [Thread: main][ Class:org.mybatis.spring.mapper.ClassPathMapperScanner >> Method: org.mybatis.logging.Logger.warn(Logger.java:44) ]
WARN:No MyBatis mapper was found in '[top.chris.shop]' package. Please check your configuration.
2021-01-01 11:52:25 上午 [Thread: http-nio-8080-exec-2][ Class:com.zaxxer.hikari.util.DriverDataSource >> Method: com.zaxxer.hikari.util.DriverDataSource.<init>(DriverDataSource.java:68) ]
WARN:Registered driver with driverClassName=com.mysql.jdbc.Driver was not found, trying direct instantiation.
2021-01-01 11:57:09 上午 [Thread: main][ Class:org.mybatis.spring.mapper.ClassPathMapperScanner >> Method: org.mybatis.logging.Logger.warn(Logger.java:44) ]
WARN:No MyBatis mapper was found in '[top.chris.shop]' package. Please check your configuration.
2021-01-01 11:57:57 上午 [Thread: http-nio-8080-exec-2][ Class:com.zaxxer.hikari.util.DriverDataSource >> Method: com.zaxxer.hikari.util.DriverDataSource.<init>(DriverDataSource.java:68) ]
WARN:Registered driver with driverClassName=com.mysql.jdbc.Driver was not found, trying direct instantiation.
2021-01-01 11:57:58 上午 [Thread: http-nio-8080-exec-1][ Class:top.chris.shop.aspect.LogTimeAspect >> Method: top.chris.shop.aspect.LogTimeAspect.arroundServiceLog(LogTimeAspect.java:34) ]
WARN:------方法top.chris.shop.service.impl.IndexServiceImpl.rendersCats在Fri Jan 01 11:57:57 CST 2021时使用参数[Ljava.lang.Object;@757faaa3[{}]调用,并得到了结果[top.chris.shop.pojo.Category@17b26a67, top.chris.shop.pojo.Category@24031a06, top.chris.shop.pojo.Category@127e9c69, top.chris.shop.pojo.Category@1a5c1637, top.chris.shop.pojo.Category@1e39b649, top.chris.shop.pojo.Category@22564ca2, top.chris.shop.pojo.Category@44ad1155, top.chris.shop.pojo.Category@3e3a4a59, top.chris.shop.pojo.Category@6d622829, top.chris.shop.pojo.Category@7d414a7b]，共耗时1161毫秒------
2021-01-01 12:10:53 下午 [Thread: main][ Class:org.mybatis.spring.mapper.ClassPathMapperScanner >> Method: org.mybatis.logging.Logger.warn(Logger.java:44) ]
WARN:No MyBatis mapper was found in '[top.chris.shop]' package. Please check your configuration.
2021-01-01 12:11:11 下午 [Thread: http-nio-8080-exec-3][ Class:com.zaxxer.hikari.util.DriverDataSource >> Method: com.zaxxer.hikari.util.DriverDataSource.<init>(DriverDataSource.java:68) ]
WARN:Registered driver with driverClassName=com.mysql.jdbc.Driver was not found, trying direct instantiation.
2021-01-01 12:15:51 下午 [Thread: main][ Class:org.mybatis.spring.mapper.ClassPathMapperScanner >> Method: org.mybatis.logging.Logger.warn(Logger.java:44) ]
WARN:No MyBatis mapper was found in '[top.chris.shop]' package. Please check your configuration.
2021-01-01 12:16:24 下午 [Thread: http-nio-8080-exec-1][ Class:com.zaxxer.hikari.util.DriverDataSource >> Method: com.zaxxer.hikari.util.DriverDataSource.<init>(DriverDataSource.java:68) ]
WARN:Registered driver with driverClassName=com.mysql.jdbc.Driver was not found, trying direct instantiation.
2021-01-01 12:17:00 下午 [Thread: main][ Class:org.mybatis.spring.mapper.ClassPathMapperScanner >> Method: org.mybatis.logging.Logger.warn(Logger.java:44) ]
WARN:No MyBatis mapper was found in '[top.chris.shop]' package. Please check your configuration.
2021-01-01 12:17:28 下午 [Thread: http-nio-8080-exec-2][ Class:com.zaxxer.hikari.util.DriverDataSource >> Method: com.zaxxer.hikari.util.DriverDataSource.<init>(DriverDataSource.java:68) ]
WARN:Registered driver with driverClassName=com.mysql.jdbc.Driver was not found, trying direct instantiation.
2021-01-01 12:20:19 下午 [Thread: main][ Class:org.mybatis.spring.mapper.ClassPathMapperScanner >> Method: org.mybatis.logging.Logger.warn(Logger.java:44) ]
WARN:No MyBatis mapper was found in '[top.chris.shop]' package. Please check your configuration.
2021-01-01 12:20:40 下午 [Thread: http-nio-8080-exec-3][ Class:com.zaxxer.hikari.util.DriverDataSource >> Method: com.zaxxer.hikari.util.DriverDataSource.<init>(DriverDataSource.java:68) ]
WARN:Registered driver with driverClassName=com.mysql.jdbc.Driver was not found, trying direct instantiation.
2021-01-01 13:34:48 下午 [Thread: main][ Class:org.mybatis.spring.mapper.ClassPathMapperScanner >> Method: org.mybatis.logging.Logger.warn(Logger.java:44) ]
WARN:No MyBatis mapper was found in '[top.chris.shop]' package. Please check your configuration.
2021-01-01 13:36:10 下午 [Thread: http-nio-8080-exec-3][ Class:com.zaxxer.hikari.util.DriverDataSource >> Method: com.zaxxer.hikari.util.DriverDataSource.<init>(DriverDataSource.java:68) ]
WARN:Registered driver with driverClassName=com.mysql.jdbc.Driver was not found, trying direct instantiation.
2021-01-01 13:36:12 下午 [Thread: http-nio-8080-exec-2][ Class:top.chris.shop.aspect.LogTimeAspect >> Method: top.chris.shop.aspect.LogTimeAspect.arroundServiceLog(LogTimeAspect.java:34) ]
WARN:------方法top.chris.shop.service.impl.IndexServiceImpl.rendersCats在Fri Jan 01 13:36:10 CST 2021时使用参数[Ljava.lang.Object;@284a6715[{}]调用,并得到了结果[top.chris.shop.pojo.Category@230c22df, top.chris.shop.pojo.Category@6c1f9ac0, top.chris.shop.pojo.Category@a94aa25, top.chris.shop.pojo.Category@719d16ad, top.chris.shop.pojo.Category@33c5d89b, top.chris.shop.pojo.Category@239c8db9, top.chris.shop.pojo.Category@cf6de6d, top.chris.shop.pojo.Category@15478920, top.chris.shop.pojo.Category@85b9a13, top.chris.shop.pojo.Category@4fed3fe4]，共耗时2426毫秒------
2021-01-01 14:31:33 下午 [Thread: main][ Class:org.mybatis.spring.mapper.ClassPathMapperScanner >> Method: org.mybatis.logging.Logger.warn(Logger.java:44) ]
WARN:No MyBatis mapper was found in '[top.chris.shop]' package. Please check your configuration.
2021-01-01 14:32:50 下午 [Thread: http-nio-8080-exec-3][ Class:com.zaxxer.hikari.util.DriverDataSource >> Method: com.zaxxer.hikari.util.DriverDataSource.<init>(DriverDataSource.java:68) ]
WARN:Registered driver with driverClassName=com.mysql.jdbc.Driver was not found, trying direct instantiation.
2021-01-01 14:32:51 下午 [Thread: http-nio-8080-exec-1][ Class:top.chris.shop.aspect.LogTimeAspect >> Method: top.chris.shop.aspect.LogTimeAspect.arroundServiceLog(LogTimeAspect.java:34) ]
WARN:------方法top.chris.shop.service.impl.IndexServiceImpl.rendersCats在Fri Jan 01 14:32:50 CST 2021时使用参数[Ljava.lang.Object;@73bfb51b[{}]调用,并得到了结果[top.chris.shop.pojo.Category@9f5be56, top.chris.shop.pojo.Category@495b0c45, top.chris.shop.pojo.Category@7131413b, top.chris.shop.pojo.Category@7fa8256b, top.chris.shop.pojo.Category@5b8b23c6, top.chris.shop.pojo.Category@4a2335d6, top.chris.shop.pojo.Category@31608d30, top.chris.shop.pojo.Category@fdd650a, top.chris.shop.pojo.Category@d4af224, top.chris.shop.pojo.Category@5e14ebde]，共耗时1039毫秒------
2021-01-01 14:36:20 下午 [Thread: main][ Class:org.mybatis.spring.mapper.ClassPathMapperScanner >> Method: org.mybatis.logging.Logger.warn(Logger.java:44) ]
WARN:No MyBatis mapper was found in '[top.chris.shop]' package. Please check your configuration.
2021-01-01 14:36:44 下午 [Thread: http-nio-8080-exec-3][ Class:com.zaxxer.hikari.util.DriverDataSource >> Method: com.zaxxer.hikari.util.DriverDataSource.<init>(DriverDataSource.java:68) ]
WARN:Registered driver with driverClassName=com.mysql.jdbc.Driver was not found, trying direct instantiation.
2021-01-01 14:43:06 下午 [Thread: main][ Class:org.mybatis.spring.mapper.ClassPathMapperScanner >> Method: org.mybatis.logging.Logger.warn(Logger.java:44) ]
WARN:No MyBatis mapper was found in '[top.chris.shop]' package. Please check your configuration.
2021-01-01 14:43:24 下午 [Thread: http-nio-8080-exec-3][ Class:com.zaxxer.hikari.util.DriverDataSource >> Method: com.zaxxer.hikari.util.DriverDataSource.<init>(DriverDataSource.java:68) ]
WARN:Registered driver with driverClassName=com.mysql.jdbc.Driver was not found, trying direct instantiation.
2021-01-01 14:47:07 下午 [Thread: main][ Class:org.mybatis.spring.mapper.ClassPathMapperScanner >> Method: org.mybatis.logging.Logger.warn(Logger.java:44) ]
WARN:No MyBatis mapper was found in '[top.chris.shop]' package. Please check your configuration.
2021-01-01 14:48:49 下午 [Thread: http-nio-8080-exec-1][ Class:com.zaxxer.hikari.util.DriverDataSource >> Method: com.zaxxer.hikari.util.DriverDataSource.<init>(DriverDataSource.java:68) ]
WARN:Registered driver with driverClassName=com.mysql.jdbc.Driver was not found, trying direct instantiation.
2021-01-01 14:51:35 下午 [Thread: main][ Class:org.mybatis.spring.mapper.ClassPathMapperScanner >> Method: org.mybatis.logging.Logger.warn(Logger.java:44) ]
WARN:No MyBatis mapper was found in '[top.chris.shop]' package. Please check your configuration.
2021-01-01 14:55:53 下午 [Thread: http-nio-8080-exec-1][ Class:com.zaxxer.hikari.util.DriverDataSource >> Method: com.zaxxer.hikari.util.DriverDataSource.<init>(DriverDataSource.java:68) ]
WARN:Registered driver with driverClassName=com.mysql.jdbc.Driver was not found, trying direct instantiation.
2021-01-01 15:03:02 下午 [Thread: main][ Class:org.mybatis.spring.mapper.ClassPathMapperScanner >> Method: org.mybatis.logging.Logger.warn(Logger.java:44) ]
WARN:No MyBatis mapper was found in '[top.chris.shop]' package. Please check your configuration.
2021-01-01 15:04:02 下午 [Thread: http-nio-8080-exec-2][ Class:com.zaxxer.hikari.util.DriverDataSource >> Method: com.zaxxer.hikari.util.DriverDataSource.<init>(DriverDataSource.java:68) ]
WARN:Registered driver with driverClassName=com.mysql.jdbc.Driver was not found, trying direct instantiation.
2021-01-01 15:04:13 下午 [Thread: http-nio-8080-exec-4][ Class:org.springframework.web.servlet.mvc.support.DefaultHandlerExceptionResolver >> Method: org.springframework.web.servlet.handler.AbstractHandlerExceptionResolver.logException(AbstractHandlerExceptionResolver.java:198) ]
WARN:Resolved [org.springframework.web.HttpRequestMethodNotSupportedException: Request method 'GET' not supported]
2021-01-01 15:07:47 下午 [Thread: main][ Class:org.mybatis.spring.mapper.ClassPathMapperScanner >> Method: org.mybatis.logging.Logger.warn(Logger.java:44) ]
WARN:No MyBatis mapper was found in '[top.chris.shop]' package. Please check your configuration.
2021-01-01 15:08:12 下午 [Thread: http-nio-8080-exec-1][ Class:com.zaxxer.hikari.util.DriverDataSource >> Method: com.zaxxer.hikari.util.DriverDataSource.<init>(DriverDataSource.java:68) ]
WARN:Registered driver with driverClassName=com.mysql.jdbc.Driver was not found, trying direct instantiation.
2021-01-01 15:14:05 下午 [Thread: main][ Class:org.mybatis.spring.mapper.ClassPathMapperScanner >> Method: org.mybatis.logging.Logger.warn(Logger.java:44) ]
WARN:No MyBatis mapper was found in '[top.chris.shop]' package. Please check your configuration.
2021-01-01 15:14:14 下午 [Thread: http-nio-8080-exec-3][ Class:com.zaxxer.hikari.util.DriverDataSource >> Method: com.zaxxer.hikari.util.DriverDataSource.<init>(DriverDataSource.java:68) ]
WARN:Registered driver with driverClassName=com.mysql.jdbc.Driver was not found, trying direct instantiation.
2021-01-01 15:18:58 下午 [Thread: main][ Class:org.mybatis.spring.mapper.ClassPathMapperScanner >> Method: org.mybatis.logging.Logger.warn(Logger.java:44) ]
WARN:No MyBatis mapper was found in '[top.chris.shop]' package. Please check your configuration.
2021-01-01 15:19:09 下午 [Thread: http-nio-8080-exec-1][ Class:com.zaxxer.hikari.util.DriverDataSource >> Method: com.zaxxer.hikari.util.DriverDataSource.<init>(DriverDataSource.java:68) ]
WARN:Registered driver with driverClassName=com.mysql.jdbc.Driver was not found, trying direct instantiation.
2021-01-01 15:20:09 下午 [Thread: main][ Class:org.mybatis.spring.mapper.ClassPathMapperScanner >> Method: org.mybatis.logging.Logger.warn(Logger.java:44) ]
WARN:No MyBatis mapper was found in '[top.chris.shop]' package. Please check your configuration.
2021-01-01 15:20:40 下午 [Thread: http-nio-8080-exec-2][ Class:com.zaxxer.hikari.util.DriverDataSource >> Method: com.zaxxer.hikari.util.DriverDataSource.<init>(DriverDataSource.java:68) ]
WARN:Registered driver with driverClassName=com.mysql.jdbc.Driver was not found, trying direct instantiation.
2021-01-01 15:22:08 下午 [Thread: main][ Class:org.mybatis.spring.mapper.ClassPathMapperScanner >> Method: org.mybatis.logging.Logger.warn(Logger.java:44) ]
WARN:No MyBatis mapper was found in '[top.chris.shop]' package. Please check your configuration.
2021-01-01 15:22:21 下午 [Thread: http-nio-8080-exec-3][ Class:com.zaxxer.hikari.util.DriverDataSource >> Method: com.zaxxer.hikari.util.DriverDataSource.<init>(DriverDataSource.java:68) ]
WARN:Registered driver with driverClassName=com.mysql.jdbc.Driver was not found, trying direct instantiation.
2021-01-01 15:23:10 下午 [Thread: main][ Class:org.mybatis.spring.mapper.ClassPathMapperScanner >> Method: org.mybatis.logging.Logger.warn(Logger.java:44) ]
WARN:No MyBatis mapper was found in '[top.chris.shop]' package. Please check your configuration.
2021-01-01 15:23:16 下午 [Thread: http-nio-8080-exec-1][ Class:com.zaxxer.hikari.util.DriverDataSource >> Method: com.zaxxer.hikari.util.DriverDataSource.<init>(DriverDataSource.java:68) ]
WARN:Registered driver with driverClassName=com.mysql.jdbc.Driver was not found, trying direct instantiation.
2021-01-01 15:28:41 下午 [Thread: main][ Class:org.mybatis.spring.mapper.ClassPathMapperScanner >> Method: org.mybatis.logging.Logger.warn(Logger.java:44) ]
WARN:No MyBatis mapper was found in '[top.chris.shop]' package. Please check your configuration.
2021-01-01 15:28:55 下午 [Thread: http-nio-8080-exec-2][ Class:com.zaxxer.hikari.util.DriverDataSource >> Method: com.zaxxer.hikari.util.DriverDataSource.<init>(DriverDataSource.java:68) ]
WARN:Registered driver with driverClassName=com.mysql.jdbc.Driver was not found, trying direct instantiation.
2021-01-01 15:31:09 下午 [Thread: main][ Class:org.mybatis.spring.mapper.ClassPathMapperScanner >> Method: org.mybatis.logging.Logger.warn(Logger.java:44) ]
WARN:No MyBatis mapper was found in '[top.chris.shop]' package. Please check your configuration.
2021-01-01 15:31:23 下午 [Thread: http-nio-8080-exec-3][ Class:com.zaxxer.hikari.util.DriverDataSource >> Method: com.zaxxer.hikari.util.DriverDataSource.<init>(DriverDataSource.java:68) ]
WARN:Registered driver with driverClassName=com.mysql.jdbc.Driver was not found, trying direct instantiation.
2021-01-01 15:32:43 下午 [Thread: DateSourceHikariCP housekeeper][ Class:com.zaxxer.hikari.pool.HikariPool >> Method: com.zaxxer.hikari.pool.HikariPool$HouseKeeper.run(HikariPool.java:766) ]
WARN:DateSourceHikariCP - Thread starvation or clock leap detected (housekeeper delta=1m19s988ms48µs300ns).
2021-01-01 15:33:39 下午 [Thread: main][ Class:org.mybatis.spring.mapper.ClassPathMapperScanner >> Method: org.mybatis.logging.Logger.warn(Logger.java:44) ]
WARN:No MyBatis mapper was found in '[top.chris.shop]' package. Please check your configuration.
2021-01-01 15:33:49 下午 [Thread: http-nio-8080-exec-2][ Class:com.zaxxer.hikari.util.DriverDataSource >> Method: com.zaxxer.hikari.util.DriverDataSource.<init>(DriverDataSource.java:68) ]
WARN:Registered driver with driverClassName=com.mysql.jdbc.Driver was not found, trying direct instantiation.
2021-01-01 15:40:18 下午 [Thread: main][ Class:org.mybatis.spring.mapper.ClassPathMapperScanner >> Method: org.mybatis.logging.Logger.warn(Logger.java:44) ]
WARN:No MyBatis mapper was found in '[top.chris.shop]' package. Please check your configuration.
2021-01-01 15:41:19 下午 [Thread: http-nio-8080-exec-1][ Class:com.zaxxer.hikari.util.DriverDataSource >> Method: com.zaxxer.hikari.util.DriverDataSource.<init>(DriverDataSource.java:68) ]
WARN:Registered driver with driverClassName=com.mysql.jdbc.Driver was not found, trying direct instantiation.
2021-01-01 16:00:20 下午 [Thread: main][ Class:org.mybatis.spring.mapper.ClassPathMapperScanner >> Method: org.mybatis.logging.Logger.warn(Logger.java:44) ]
WARN:No MyBatis mapper was found in '[top.chris.shop]' package. Please check your configuration.
2021-01-01 16:00:48 下午 [Thread: main][ Class:org.mybatis.spring.mapper.ClassPathMapperScanner >> Method: org.mybatis.logging.Logger.warn(Logger.java:44) ]
WARN:No MyBatis mapper was found in '[top.chris.shop]' package. Please check your configuration.
2021-01-01 16:00:57 下午 [Thread: http-nio-8080-exec-1][ Class:com.zaxxer.hikari.util.DriverDataSource >> Method: com.zaxxer.hikari.util.DriverDataSource.<init>(DriverDataSource.java:68) ]
WARN:Registered driver with driverClassName=com.mysql.jdbc.Driver was not found, trying direct instantiation.
2021-01-01 16:07:17 下午 [Thread: main][ Class:org.mybatis.spring.mapper.ClassPathMapperScanner >> Method: org.mybatis.logging.Logger.warn(Logger.java:44) ]
WARN:No MyBatis mapper was found in '[top.chris.shop]' package. Please check your configuration.
2021-01-01 16:07:43 下午 [Thread: http-nio-8080-exec-2][ Class:com.zaxxer.hikari.util.DriverDataSource >> Method: com.zaxxer.hikari.util.DriverDataSource.<init>(DriverDataSource.java:68) ]
WARN:Registered driver with driverClassName=com.mysql.jdbc.Driver was not found, trying direct instantiation.
2021-01-01 16:13:50 下午 [Thread: main][ Class:org.mybatis.spring.mapper.ClassPathMapperScanner >> Method: org.mybatis.logging.Logger.warn(Logger.java:44) ]
WARN:No MyBatis mapper was found in '[top.chris.shop]' package. Please check your configuration.
2021-01-01 16:14:02 下午 [Thread: http-nio-8080-exec-2][ Class:com.zaxxer.hikari.util.DriverDataSource >> Method: com.zaxxer.hikari.util.DriverDataSource.<init>(DriverDataSource.java:68) ]
WARN:Registered driver with driverClassName=com.mysql.jdbc.Driver was not found, trying direct instantiation.
2021-01-01 17:22:24 下午 [Thread: main][ Class:org.mybatis.spring.mapper.ClassPathMapperScanner >> Method: org.mybatis.logging.Logger.warn(Logger.java:44) ]
WARN:No MyBatis mapper was found in '[top.chris.shop]' package. Please check your configuration.
2021-01-01 17:22:50 下午 [Thread: http-nio-8080-exec-3][ Class:com.zaxxer.hikari.util.DriverDataSource >> Method: com.zaxxer.hikari.util.DriverDataSource.<init>(DriverDataSource.java:68) ]
WARN:Registered driver with driverClassName=com.mysql.jdbc.Driver was not found, trying direct instantiation.
2021-01-01 17:22:53 下午 [Thread: http-nio-8080-exec-1][ Class:top.chris.shop.aspect.LogTimeAspect >> Method: top.chris.shop.aspect.LogTimeAspect.arroundServiceLog(LogTimeAspect.java:37) ]
ERROR:------方法top.chris.shop.service.impl.IndexServiceImpl.rendersCats在Fri Jan 01 17:22:50 CST 2021时使用参数[Ljava.lang.Object;@56df09cf[{}]调用,并得到了结果[top.chris.shop.pojo.Category@53a95a1d, top.chris.shop.pojo.Category@6319ea4e, top.chris.shop.pojo.Category@2db62fea, top.chris.shop.pojo.Category@389cae2, top.chris.shop.pojo.Category@1ae9113c, top.chris.shop.pojo.Category@360ed3b5, top.chris.shop.pojo.Category@2a5b63e1, top.chris.shop.pojo.Category@67487292, top.chris.shop.pojo.Category@35faefb6, top.chris.shop.pojo.Category@752911c7]，共耗时3353毫秒------
2021-01-01 17:32:33 下午 [Thread: main][ Class:org.mybatis.spring.mapper.ClassPathMapperScanner >> Method: org.mybatis.logging.Logger.warn(Logger.java:44) ]
WARN:No MyBatis mapper was found in '[top.chris.shop]' package. Please check your configuration.
2021-01-01 17:32:45 下午 [Thread: http-nio-8080-exec-2][ Class:com.zaxxer.hikari.util.DriverDataSource >> Method: com.zaxxer.hikari.util.DriverDataSource.<init>(DriverDataSource.java:68) ]
WARN:Registered driver with driverClassName=com.mysql.jdbc.Driver was not found, trying direct instantiation.
2021-01-01 17:41:14 下午 [Thread: main][ Class:org.mybatis.spring.mapper.ClassPathMapperScanner >> Method: org.mybatis.logging.Logger.warn(Logger.java:44) ]
WARN:No MyBatis mapper was found in '[top.chris.shop]' package. Please check your configuration.
2021-01-01 17:41:39 下午 [Thread: http-nio-8080-exec-1][ Class:com.zaxxer.hikari.util.DriverDataSource >> Method: com.zaxxer.hikari.util.DriverDataSource.<init>(DriverDataSource.java:68) ]
WARN:Registered driver with driverClassName=com.mysql.jdbc.Driver was not found, trying direct instantiation.
2021-01-01 17:44:21 下午 [Thread: main][ Class:org.mybatis.spring.mapper.ClassPathMapperScanner >> Method: org.mybatis.logging.Logger.warn(Logger.java:44) ]
WARN:No MyBatis mapper was found in '[top.chris.shop]' package. Please check your configuration.
2021-01-01 17:44:41 下午 [Thread: http-nio-8080-exec-1][ Class:com.zaxxer.hikari.util.DriverDataSource >> Method: com.zaxxer.hikari.util.DriverDataSource.<init>(DriverDataSource.java:68) ]
WARN:Registered driver with driverClassName=com.mysql.jdbc.Driver was not found, trying direct instantiation.
2021-01-01 21:37:47 下午 [Thread: main][ Class:org.mybatis.spring.mapper.ClassPathMapperScanner >> Method: org.mybatis.logging.Logger.warn(Logger.java:44) ]
WARN:No MyBatis mapper was found in '[top.chris.shop]' package. Please check your configuration.
2021-01-01 21:38:53 下午 [Thread: http-nio-8080-exec-2][ Class:com.zaxxer.hikari.util.DriverDataSource >> Method: com.zaxxer.hikari.util.DriverDataSource.<init>(DriverDataSource.java:68) ]
WARN:Registered driver with driverClassName=com.mysql.jdbc.Driver was not found, trying direct instantiation.
2021-01-01 23:02:55 下午 [Thread: main][ Class:org.mybatis.spring.mapper.ClassPathMapperScanner >> Method: org.mybatis.logging.Logger.warn(Logger.java:44) ]
WARN:No MyBatis mapper was found in '[top.chris.shop]' package. Please check your configuration.
2021-01-01 23:09:18 下午 [Thread: http-nio-8080-exec-1][ Class:org.springframework.web.servlet.mvc.support.DefaultHandlerExceptionResolver >> Method: org.springframework.web.servlet.handler.AbstractHandlerExceptionResolver.logException(AbstractHandlerExceptionResolver.java:198) ]
WARN:Resolved [org.springframework.web.HttpRequestMethodNotSupportedException: Request method 'GET' not supported]
2021-01-01 23:09:19 下午 [Thread: http-nio-8080-exec-2][ Class:com.zaxxer.hikari.util.DriverDataSource >> Method: com.zaxxer.hikari.util.DriverDataSource.<init>(DriverDataSource.java:68) ]
WARN:Registered driver with driverClassName=com.mysql.jdbc.Driver was not found, trying direct instantiation.
2021-01-01 23:09:40 下午 [Thread: http-nio-8080-exec-3][ Class:org.springframework.web.servlet.mvc.support.DefaultHandlerExceptionResolver >> Method: org.springframework.web.servlet.handler.AbstractHandlerExceptionResolver.logException(AbstractHandlerExceptionResolver.java:198) ]
WARN:Resolved [org.springframework.web.HttpRequestMethodNotSupportedException: Request method 'GET' not supported]
2021-01-01 23:10:52 下午 [Thread: http-nio-8080-exec-7][ Class:org.springframework.web.servlet.mvc.support.DefaultHandlerExceptionResolver >> Method: org.springframework.web.servlet.handler.AbstractHandlerExceptionResolver.logException(AbstractHandlerExceptionResolver.java:198) ]
WARN:Resolved [org.springframework.web.HttpRequestMethodNotSupportedException: Request method 'GET' not supported]
2021-01-01 23:11:09 下午 [Thread: http-nio-8080-exec-9][ Class:org.springframework.web.servlet.mvc.support.DefaultHandlerExceptionResolver >> Method: org.springframework.web.servlet.handler.AbstractHandlerExceptionResolver.logException(AbstractHandlerExceptionResolver.java:198) ]
WARN:Resolved [org.springframework.web.HttpRequestMethodNotSupportedException: Request method 'GET' not supported]
2021-01-01 23:12:33 下午 [Thread: main][ Class:org.mybatis.spring.mapper.ClassPathMapperScanner >> Method: org.mybatis.logging.Logger.warn(Logger.java:44) ]
WARN:No MyBatis mapper was found in '[top.chris.shop]' package. Please check your configuration.
2021-01-01 23:13:27 下午 [Thread: main][ Class:org.mybatis.spring.mapper.ClassPathMapperScanner >> Method: org.mybatis.logging.Logger.warn(Logger.java:44) ]
WARN:No MyBatis mapper was found in '[top.chris.shop]' package. Please check your configuration.
2021-01-01 23:19:04 下午 [Thread: http-nio-8080-exec-2][ Class:com.zaxxer.hikari.util.DriverDataSource >> Method: com.zaxxer.hikari.util.DriverDataSource.<init>(DriverDataSource.java:68) ]
WARN:Registered driver with driverClassName=com.mysql.jdbc.Driver was not found, trying direct instantiation.
2021-01-01 23:40:51 下午 [Thread: main][ Class:org.mybatis.spring.mapper.ClassPathMapperScanner >> Method: org.mybatis.logging.Logger.warn(Logger.java:44) ]
WARN:No MyBatis mapper was found in '[top.chris.shop]' package. Please check your configuration.
2021-01-01 23:40:55 下午 [Thread: main][ Class:org.springframework.boot.web.servlet.context.AnnotationConfigServletWebServerApplicationContext >> Method: org.springframework.context.support.AbstractApplicationContext.refresh(AbstractApplicationContext.java:557) ]
WARN:Exception encountered during context initialization - cancelling refresh attempt: org.springframework.beans.factory.UnsatisfiedDependencyException: Error creating bean with name 'documentationPluginsBootstrapper' defined in URL [jar:file:/E:/env/apache-maven-3.6.3/repository/io/springfox/springfox-spring-web/2.9.2/springfox-spring-web-2.9.2.jar!/springfox/documentation/spring/web/plugins/DocumentationPluginsBootstrapper.class]: Unsatisfied dependency expressed through constructor parameter 1; nested exception is org.springframework.beans.factory.UnsatisfiedDependencyException: Error creating bean with name 'webMvcRequestHandlerProvider' defined in URL [jar:file:/E:/env/apache-maven-3.6.3/repository/io/springfox/springfox-spring-web/2.9.2/springfox-spring-web-2.9.2.jar!/springfox/documentation/spring/web/plugins/WebMvcRequestHandlerProvider.class]: Unsatisfied dependency expressed through constructor parameter 1; nested exception is org.springframework.beans.factory.BeanCreationException: Error creating bean with name 'requestMappingHandlerMapping' defined in class path resource [top/chris/shop/config/StateResourceConfigurer.class]: Invocation of init method failed; nested exception is java.lang.IllegalStateException: Ambiguous mapping. Cannot map 'adminItemParamController' method 
public top.chris.shop.util.JsonResult top.chris.shop.web.controller.admin.AdminItemParamController.renderItemsInfoByItemId(java.lang.String)
to {GET /adminItemParam/itemParamInfo}: There is already 'adminItemParamController' bean method
public top.chris.shop.util.JsonResult top.chris.shop.web.controller.admin.AdminItemParamController.renderAllItemsInfo(java.lang.Integer,java.lang.Integer) mapped.
2021-01-01 23:40:55 下午 [Thread: main][ Class:org.springframework.boot.SpringApplication >> Method: org.springframework.boot.SpringApplication.reportFailure(SpringApplication.java:858) ]
ERROR:Application run failed
org.springframework.beans.factory.UnsatisfiedDependencyException: Error creating bean with name 'documentationPluginsBootstrapper' defined in URL [jar:file:/E:/env/apache-maven-3.6.3/repository/io/springfox/springfox-spring-web/2.9.2/springfox-spring-web-2.9.2.jar!/springfox/documentation/spring/web/plugins/DocumentationPluginsBootstrapper.class]: Unsatisfied dependency expressed through constructor parameter 1; nested exception is org.springframework.beans.factory.UnsatisfiedDependencyException: Error creating bean with name 'webMvcRequestHandlerProvider' defined in URL [jar:file:/E:/env/apache-maven-3.6.3/repository/io/springfox/springfox-spring-web/2.9.2/springfox-spring-web-2.9.2.jar!/springfox/documentation/spring/web/plugins/WebMvcRequestHandlerProvider.class]: Unsatisfied dependency expressed through constructor parameter 1; nested exception is org.springframework.beans.factory.BeanCreationException: Error creating bean with name 'requestMappingHandlerMapping' defined in class path resource [top/chris/shop/config/StateResourceConfigurer.class]: Invocation of init method failed; nested exception is java.lang.IllegalStateException: Ambiguous mapping. Cannot map 'adminItemParamController' method 
public top.chris.shop.util.JsonResult top.chris.shop.web.controller.admin.AdminItemParamController.renderItemsInfoByItemId(java.lang.String)
to {GET /adminItemParam/itemParamInfo}: There is already 'adminItemParamController' bean method
public top.chris.shop.util.JsonResult top.chris.shop.web.controller.admin.AdminItemParamController.renderAllItemsInfo(java.lang.Integer,java.lang.Integer) mapped.
	at org.springframework.beans.factory.support.ConstructorResolver.createArgumentArray(ConstructorResolver.java:769)
	at org.springframework.beans.factory.support.ConstructorResolver.autowireConstructor(ConstructorResolver.java:218)
	at org.springframework.beans.factory.support.AbstractAutowireCapableBeanFactory.autowireConstructor(AbstractAutowireCapableBeanFactory.java:1341)
	at org.springframework.beans.factory.support.AbstractAutowireCapableBeanFactory.createBeanInstance(AbstractAutowireCapableBeanFactory.java:1187)
	at org.springframework.beans.factory.support.AbstractAutowireCapableBeanFactory.doCreateBean(AbstractAutowireCapableBeanFactory.java:555)
	at org.springframework.beans.factory.support.AbstractAutowireCapableBeanFactory.createBean(AbstractAutowireCapableBeanFactory.java:515)
	at org.springframework.beans.factory.support.AbstractBeanFactory.lambda$doGetBean$0(AbstractBeanFactory.java:320)
	at org.springframework.beans.factory.support.DefaultSingletonBeanRegistry.getSingleton(DefaultSingletonBeanRegistry.java:222)
	at org.springframework.beans.factory.support.AbstractBeanFactory.doGetBean(AbstractBeanFactory.java:318)
	at org.springframework.beans.factory.support.AbstractBeanFactory.getBean(AbstractBeanFactory.java:199)
	at org.springframework.beans.factory.support.DefaultListableBeanFactory.preInstantiateSingletons(DefaultListableBeanFactory.java:843)
	at org.springframework.context.support.AbstractApplicationContext.finishBeanFactoryInitialization(AbstractApplicationContext.java:877)
	at org.springframework.context.support.AbstractApplicationContext.refresh(AbstractApplicationContext.java:549)
	at org.springframework.boot.web.servlet.context.ServletWebServerApplicationContext.refresh(ServletWebServerApplicationContext.java:142)
	at org.springframework.boot.SpringApplication.refresh(SpringApplication.java:775)
	at org.springframework.boot.SpringApplication.refreshContext(SpringApplication.java:397)
	at org.springframework.boot.SpringApplication.run(SpringApplication.java:316)
	at org.springframework.boot.SpringApplication.run(SpringApplication.java:1260)
	at org.springframework.boot.SpringApplication.run(SpringApplication.java:1248)
	at top.chris.shop.ShopMainApplication.main(ShopMainApplication.java:31)
Caused by: org.springframework.beans.factory.UnsatisfiedDependencyException: Error creating bean with name 'webMvcRequestHandlerProvider' defined in URL [jar:file:/E:/env/apache-maven-3.6.3/repository/io/springfox/springfox-spring-web/2.9.2/springfox-spring-web-2.9.2.jar!/springfox/documentation/spring/web/plugins/WebMvcRequestHandlerProvider.class]: Unsatisfied dependency expressed through constructor parameter 1; nested exception is org.springframework.beans.factory.BeanCreationException: Error creating bean with name 'requestMappingHandlerMapping' defined in class path resource [top/chris/shop/config/StateResourceConfigurer.class]: Invocation of init method failed; nested exception is java.lang.IllegalStateException: Ambiguous mapping. Cannot map 'adminItemParamController' method 
public top.chris.shop.util.JsonResult top.chris.shop.web.controller.admin.AdminItemParamController.renderItemsInfoByItemId(java.lang.String)
to {GET /adminItemParam/itemParamInfo}: There is already 'adminItemParamController' bean method
public top.chris.shop.util.JsonResult top.chris.shop.web.controller.admin.AdminItemParamController.renderAllItemsInfo(java.lang.Integer,java.lang.Integer) mapped.
	at org.springframework.beans.factory.support.ConstructorResolver.createArgumentArray(ConstructorResolver.java:769)
	at org.springframework.beans.factory.support.ConstructorResolver.autowireConstructor(ConstructorResolver.java:218)
	at org.springframework.beans.factory.support.AbstractAutowireCapableBeanFactory.autowireConstructor(AbstractAutowireCapableBeanFactory.java:1341)
	at org.springframework.beans.factory.support.AbstractAutowireCapableBeanFactory.createBeanInstance(AbstractAutowireCapableBeanFactory.java:1187)
	at org.springframework.beans.factory.support.AbstractAutowireCapableBeanFactory.doCreateBean(AbstractAutowireCapableBeanFactory.java:555)
	at org.springframework.beans.factory.support.AbstractAutowireCapableBeanFactory.createBean(AbstractAutowireCapableBeanFactory.java:515)
	at org.springframework.beans.factory.support.AbstractBeanFactory.lambda$doGetBean$0(AbstractBeanFactory.java:320)
	at org.springframework.beans.factory.support.DefaultSingletonBeanRegistry.getSingleton(DefaultSingletonBeanRegistry.java:222)
	at org.springframework.beans.factory.support.AbstractBeanFactory.doGetBean(AbstractBeanFactory.java:318)
	at org.springframework.beans.factory.support.AbstractBeanFactory.getBean(AbstractBeanFactory.java:199)
	at org.springframework.beans.factory.config.DependencyDescriptor.resolveCandidate(DependencyDescriptor.java:277)
	at org.springframework.beans.factory.support.DefaultListableBeanFactory.addCandidateEntry(DefaultListableBeanFactory.java:1464)
	at org.springframework.beans.factory.support.DefaultListableBeanFactory.findAutowireCandidates(DefaultListableBeanFactory.java:1428)
	at org.springframework.beans.factory.support.DefaultListableBeanFactory.resolveMultipleBeans(DefaultListableBeanFactory.java:1319)
	at org.springframework.beans.factory.support.DefaultListableBeanFactory.doResolveDependency(DefaultListableBeanFactory.java:1206)
	at org.springframework.beans.factory.support.DefaultListableBeanFactory.resolveDependency(DefaultListableBeanFactory.java:1168)
	at org.springframework.beans.factory.support.ConstructorResolver.resolveAutowiredArgument(ConstructorResolver.java:857)
	at org.springframework.beans.factory.support.ConstructorResolver.createArgumentArray(ConstructorResolver.java:760)
	... 19 more
Caused by: org.springframework.beans.factory.BeanCreationException: Error creating bean with name 'requestMappingHandlerMapping' defined in class path resource [top/chris/shop/config/StateResourceConfigurer.class]: Invocation of init method failed; nested exception is java.lang.IllegalStateException: Ambiguous mapping. Cannot map 'adminItemParamController' method 
public top.chris.shop.util.JsonResult top.chris.shop.web.controller.admin.AdminItemParamController.renderItemsInfoByItemId(java.lang.String)
to {GET /adminItemParam/itemParamInfo}: There is already 'adminItemParamController' bean method
public top.chris.shop.util.JsonResult top.chris.shop.web.controller.admin.AdminItemParamController.renderAllItemsInfo(java.lang.Integer,java.lang.Integer) mapped.
	at org.springframework.beans.factory.support.AbstractAutowireCapableBeanFactory.initializeBean(AbstractAutowireCapableBeanFactory.java:1778)
	at org.springframework.beans.factory.support.AbstractAutowireCapableBeanFactory.doCreateBean(AbstractAutowireCapableBeanFactory.java:593)
	at org.springframework.beans.factory.support.AbstractAutowireCapableBeanFactory.createBean(AbstractAutowireCapableBeanFactory.java:515)
	at org.springframework.beans.factory.support.AbstractBeanFactory.lambda$doGetBean$0(AbstractBeanFactory.java:320)
	at org.springframework.beans.factory.support.DefaultSingletonBeanRegistry.getSingleton(DefaultSingletonBeanRegistry.java:222)
	at org.springframework.beans.factory.support.AbstractBeanFactory.doGetBean(AbstractBeanFactory.java:318)
	at org.springframework.beans.factory.support.AbstractBeanFactory.getBean(AbstractBeanFactory.java:199)
	at org.springframework.beans.factory.config.DependencyDescriptor.resolveCandidate(DependencyDescriptor.java:277)
	at org.springframework.beans.factory.support.DefaultListableBeanFactory.addCandidateEntry(DefaultListableBeanFactory.java:1464)
	at org.springframework.beans.factory.support.DefaultListableBeanFactory.findAutowireCandidates(DefaultListableBeanFactory.java:1428)
	at org.springframework.beans.factory.support.DefaultListableBeanFactory.resolveMultipleBeans(DefaultListableBeanFactory.java:1319)
	at org.springframework.beans.factory.support.DefaultListableBeanFactory.doResolveDependency(DefaultListableBeanFactory.java:1206)
	at org.springframework.beans.factory.support.DefaultListableBeanFactory.resolveDependency(DefaultListableBeanFactory.java:1168)
	at org.springframework.beans.factory.support.ConstructorResolver.resolveAutowiredArgument(ConstructorResolver.java:857)
	at org.springframework.beans.factory.support.ConstructorResolver.createArgumentArray(ConstructorResolver.java:760)
	... 36 more
Caused by: java.lang.IllegalStateException: Ambiguous mapping. Cannot map 'adminItemParamController' method 
public top.chris.shop.util.JsonResult top.chris.shop.web.controller.admin.AdminItemParamController.renderItemsInfoByItemId(java.lang.String)
to {GET /adminItemParam/itemParamInfo}: There is already 'adminItemParamController' bean method
public top.chris.shop.util.JsonResult top.chris.shop.web.controller.admin.AdminItemParamController.renderAllItemsInfo(java.lang.Integer,java.lang.Integer) mapped.
	at org.springframework.web.servlet.handler.AbstractHandlerMethodMapping$MappingRegistry.assertUniqueMethodMapping(AbstractHandlerMethodMapping.java:618)
	at org.springframework.web.servlet.handler.AbstractHandlerMethodMapping$MappingRegistry.register(AbstractHandlerMethodMapping.java:586)
	at org.springframework.web.servlet.handler.AbstractHandlerMethodMapping.registerHandlerMethod(AbstractHandlerMethodMapping.java:312)
	at org.springframework.web.servlet.handler.AbstractHandlerMethodMapping.lambda$detectHandlerMethods$1(AbstractHandlerMethodMapping.java:282)
	at java.util.LinkedHashMap.forEach(LinkedHashMap.java:684)
	at org.springframework.web.servlet.handler.AbstractHandlerMethodMapping.detectHandlerMethods(AbstractHandlerMethodMapping.java:280)
	at org.springframework.web.servlet.handler.AbstractHandlerMethodMapping.processCandidateBean(AbstractHandlerMethodMapping.java:252)
	at org.springframework.web.servlet.handler.AbstractHandlerMethodMapping.initHandlerMethods(AbstractHandlerMethodMapping.java:211)
	at org.springframework.web.servlet.handler.AbstractHandlerMethodMapping.afterPropertiesSet(AbstractHandlerMethodMapping.java:199)
	at org.springframework.web.servlet.mvc.method.annotation.RequestMappingHandlerMapping.afterPropertiesSet(RequestMappingHandlerMapping.java:164)
	at org.springframework.beans.factory.support.AbstractAutowireCapableBeanFactory.invokeInitMethods(AbstractAutowireCapableBeanFactory.java:1837)
	at org.springframework.beans.factory.support.AbstractAutowireCapableBeanFactory.initializeBean(AbstractAutowireCapableBeanFactory.java:1774)
	... 50 more
2021-01-01 23:41:38 下午 [Thread: main][ Class:org.mybatis.spring.mapper.ClassPathMapperScanner >> Method: org.mybatis.logging.Logger.warn(Logger.java:44) ]
WARN:No MyBatis mapper was found in '[top.chris.shop]' package. Please check your configuration.
2021-01-01 23:41:41 下午 [Thread: main][ Class:org.springframework.boot.web.servlet.context.AnnotationConfigServletWebServerApplicationContext >> Method: org.springframework.context.support.AbstractApplicationContext.refresh(AbstractApplicationContext.java:557) ]
WARN:Exception encountered during context initialization - cancelling refresh attempt: org.springframework.beans.factory.UnsatisfiedDependencyException: Error creating bean with name 'documentationPluginsBootstrapper' defined in URL [jar:file:/E:/env/apache-maven-3.6.3/repository/io/springfox/springfox-spring-web/2.9.2/springfox-spring-web-2.9.2.jar!/springfox/documentation/spring/web/plugins/DocumentationPluginsBootstrapper.class]: Unsatisfied dependency expressed through constructor parameter 1; nested exception is org.springframework.beans.factory.UnsatisfiedDependencyException: Error creating bean with name 'webMvcRequestHandlerProvider' defined in URL [jar:file:/E:/env/apache-maven-3.6.3/repository/io/springfox/springfox-spring-web/2.9.2/springfox-spring-web-2.9.2.jar!/springfox/documentation/spring/web/plugins/WebMvcRequestHandlerProvider.class]: Unsatisfied dependency expressed through constructor parameter 1; nested exception is org.springframework.beans.factory.BeanCreationException: Error creating bean with name 'requestMappingHandlerMapping' defined in class path resource [top/chris/shop/config/StateResourceConfigurer.class]: Invocation of init method failed; nested exception is java.lang.IllegalStateException: Ambiguous mapping. Cannot map 'adminItemParamController' method 
public top.chris.shop.util.JsonResult top.chris.shop.web.controller.admin.AdminItemParamController.renderItemsInfoByItemId(java.lang.String)
to {GET /adminItemParam/itemParamInfo}: There is already 'adminItemParamController' bean method
public top.chris.shop.util.JsonResult top.chris.shop.web.controller.admin.AdminItemParamController.renderAllItemsInfo(java.lang.Integer,java.lang.Integer) mapped.
2021-01-01 23:41:41 下午 [Thread: main][ Class:org.springframework.boot.SpringApplication >> Method: org.springframework.boot.SpringApplication.reportFailure(SpringApplication.java:858) ]
ERROR:Application run failed
org.springframework.beans.factory.UnsatisfiedDependencyException: Error creating bean with name 'documentationPluginsBootstrapper' defined in URL [jar:file:/E:/env/apache-maven-3.6.3/repository/io/springfox/springfox-spring-web/2.9.2/springfox-spring-web-2.9.2.jar!/springfox/documentation/spring/web/plugins/DocumentationPluginsBootstrapper.class]: Unsatisfied dependency expressed through constructor parameter 1; nested exception is org.springframework.beans.factory.UnsatisfiedDependencyException: Error creating bean with name 'webMvcRequestHandlerProvider' defined in URL [jar:file:/E:/env/apache-maven-3.6.3/repository/io/springfox/springfox-spring-web/2.9.2/springfox-spring-web-2.9.2.jar!/springfox/documentation/spring/web/plugins/WebMvcRequestHandlerProvider.class]: Unsatisfied dependency expressed through constructor parameter 1; nested exception is org.springframework.beans.factory.BeanCreationException: Error creating bean with name 'requestMappingHandlerMapping' defined in class path resource [top/chris/shop/config/StateResourceConfigurer.class]: Invocation of init method failed; nested exception is java.lang.IllegalStateException: Ambiguous mapping. Cannot map 'adminItemParamController' method 
public top.chris.shop.util.JsonResult top.chris.shop.web.controller.admin.AdminItemParamController.renderItemsInfoByItemId(java.lang.String)
to {GET /adminItemParam/itemParamInfo}: There is already 'adminItemParamController' bean method
public top.chris.shop.util.JsonResult top.chris.shop.web.controller.admin.AdminItemParamController.renderAllItemsInfo(java.lang.Integer,java.lang.Integer) mapped.
	at org.springframework.beans.factory.support.ConstructorResolver.createArgumentArray(ConstructorResolver.java:769)
	at org.springframework.beans.factory.support.ConstructorResolver.autowireConstructor(ConstructorResolver.java:218)
	at org.springframework.beans.factory.support.AbstractAutowireCapableBeanFactory.autowireConstructor(AbstractAutowireCapableBeanFactory.java:1341)
	at org.springframework.beans.factory.support.AbstractAutowireCapableBeanFactory.createBeanInstance(AbstractAutowireCapableBeanFactory.java:1187)
	at org.springframework.beans.factory.support.AbstractAutowireCapableBeanFactory.doCreateBean(AbstractAutowireCapableBeanFactory.java:555)
	at org.springframework.beans.factory.support.AbstractAutowireCapableBeanFactory.createBean(AbstractAutowireCapableBeanFactory.java:515)
	at org.springframework.beans.factory.support.AbstractBeanFactory.lambda$doGetBean$0(AbstractBeanFactory.java:320)
	at org.springframework.beans.factory.support.DefaultSingletonBeanRegistry.getSingleton(DefaultSingletonBeanRegistry.java:222)
	at org.springframework.beans.factory.support.AbstractBeanFactory.doGetBean(AbstractBeanFactory.java:318)
	at org.springframework.beans.factory.support.AbstractBeanFactory.getBean(AbstractBeanFactory.java:199)
	at org.springframework.beans.factory.support.DefaultListableBeanFactory.preInstantiateSingletons(DefaultListableBeanFactory.java:843)
	at org.springframework.context.support.AbstractApplicationContext.finishBeanFactoryInitialization(AbstractApplicationContext.java:877)
	at org.springframework.context.support.AbstractApplicationContext.refresh(AbstractApplicationContext.java:549)
	at org.springframework.boot.web.servlet.context.ServletWebServerApplicationContext.refresh(ServletWebServerApplicationContext.java:142)
	at org.springframework.boot.SpringApplication.refresh(SpringApplication.java:775)
	at org.springframework.boot.SpringApplication.refreshContext(SpringApplication.java:397)
	at org.springframework.boot.SpringApplication.run(SpringApplication.java:316)
	at org.springframework.boot.SpringApplication.run(SpringApplication.java:1260)
	at org.springframework.boot.SpringApplication.run(SpringApplication.java:1248)
	at top.chris.shop.ShopMainApplication.main(ShopMainApplication.java:31)
Caused by: org.springframework.beans.factory.UnsatisfiedDependencyException: Error creating bean with name 'webMvcRequestHandlerProvider' defined in URL [jar:file:/E:/env/apache-maven-3.6.3/repository/io/springfox/springfox-spring-web/2.9.2/springfox-spring-web-2.9.2.jar!/springfox/documentation/spring/web/plugins/WebMvcRequestHandlerProvider.class]: Unsatisfied dependency expressed through constructor parameter 1; nested exception is org.springframework.beans.factory.BeanCreationException: Error creating bean with name 'requestMappingHandlerMapping' defined in class path resource [top/chris/shop/config/StateResourceConfigurer.class]: Invocation of init method failed; nested exception is java.lang.IllegalStateException: Ambiguous mapping. Cannot map 'adminItemParamController' method 
public top.chris.shop.util.JsonResult top.chris.shop.web.controller.admin.AdminItemParamController.renderItemsInfoByItemId(java.lang.String)
to {GET /adminItemParam/itemParamInfo}: There is already 'adminItemParamController' bean method
public top.chris.shop.util.JsonResult top.chris.shop.web.controller.admin.AdminItemParamController.renderAllItemsInfo(java.lang.Integer,java.lang.Integer) mapped.
	at org.springframework.beans.factory.support.ConstructorResolver.createArgumentArray(ConstructorResolver.java:769)
	at org.springframework.beans.factory.support.ConstructorResolver.autowireConstructor(ConstructorResolver.java:218)
	at org.springframework.beans.factory.support.AbstractAutowireCapableBeanFactory.autowireConstructor(AbstractAutowireCapableBeanFactory.java:1341)
	at org.springframework.beans.factory.support.AbstractAutowireCapableBeanFactory.createBeanInstance(AbstractAutowireCapableBeanFactory.java:1187)
	at org.springframework.beans.factory.support.AbstractAutowireCapableBeanFactory.doCreateBean(AbstractAutowireCapableBeanFactory.java:555)
	at org.springframework.beans.factory.support.AbstractAutowireCapableBeanFactory.createBean(AbstractAutowireCapableBeanFactory.java:515)
	at org.springframework.beans.factory.support.AbstractBeanFactory.lambda$doGetBean$0(AbstractBeanFactory.java:320)
	at org.springframework.beans.factory.support.DefaultSingletonBeanRegistry.getSingleton(DefaultSingletonBeanRegistry.java:222)
	at org.springframework.beans.factory.support.AbstractBeanFactory.doGetBean(AbstractBeanFactory.java:318)
	at org.springframework.beans.factory.support.AbstractBeanFactory.getBean(AbstractBeanFactory.java:199)
	at org.springframework.beans.factory.config.DependencyDescriptor.resolveCandidate(DependencyDescriptor.java:277)
	at org.springframework.beans.factory.support.DefaultListableBeanFactory.addCandidateEntry(DefaultListableBeanFactory.java:1464)
	at org.springframework.beans.factory.support.DefaultListableBeanFactory.findAutowireCandidates(DefaultListableBeanFactory.java:1428)
	at org.springframework.beans.factory.support.DefaultListableBeanFactory.resolveMultipleBeans(DefaultListableBeanFactory.java:1319)
	at org.springframework.beans.factory.support.DefaultListableBeanFactory.doResolveDependency(DefaultListableBeanFactory.java:1206)
	at org.springframework.beans.factory.support.DefaultListableBeanFactory.resolveDependency(DefaultListableBeanFactory.java:1168)
	at org.springframework.beans.factory.support.ConstructorResolver.resolveAutowiredArgument(ConstructorResolver.java:857)
	at org.springframework.beans.factory.support.ConstructorResolver.createArgumentArray(ConstructorResolver.java:760)
	... 19 more
Caused by: org.springframework.beans.factory.BeanCreationException: Error creating bean with name 'requestMappingHandlerMapping' defined in class path resource [top/chris/shop/config/StateResourceConfigurer.class]: Invocation of init method failed; nested exception is java.lang.IllegalStateException: Ambiguous mapping. Cannot map 'adminItemParamController' method 
public top.chris.shop.util.JsonResult top.chris.shop.web.controller.admin.AdminItemParamController.renderItemsInfoByItemId(java.lang.String)
to {GET /adminItemParam/itemParamInfo}: There is already 'adminItemParamController' bean method
public top.chris.shop.util.JsonResult top.chris.shop.web.controller.admin.AdminItemParamController.renderAllItemsInfo(java.lang.Integer,java.lang.Integer) mapped.
	at org.springframework.beans.factory.support.AbstractAutowireCapableBeanFactory.initializeBean(AbstractAutowireCapableBeanFactory.java:1778)
	at org.springframework.beans.factory.support.AbstractAutowireCapableBeanFactory.doCreateBean(AbstractAutowireCapableBeanFactory.java:593)
	at org.springframework.beans.factory.support.AbstractAutowireCapableBeanFactory.createBean(AbstractAutowireCapableBeanFactory.java:515)
	at org.springframework.beans.factory.support.AbstractBeanFactory.lambda$doGetBean$0(AbstractBeanFactory.java:320)
	at org.springframework.beans.factory.support.DefaultSingletonBeanRegistry.getSingleton(DefaultSingletonBeanRegistry.java:222)
	at org.springframework.beans.factory.support.AbstractBeanFactory.doGetBean(AbstractBeanFactory.java:318)
	at org.springframework.beans.factory.support.AbstractBeanFactory.getBean(AbstractBeanFactory.java:199)
	at org.springframework.beans.factory.config.DependencyDescriptor.resolveCandidate(DependencyDescriptor.java:277)
	at org.springframework.beans.factory.support.DefaultListableBeanFactory.addCandidateEntry(DefaultListableBeanFactory.java:1464)
	at org.springframework.beans.factory.support.DefaultListableBeanFactory.findAutowireCandidates(DefaultListableBeanFactory.java:1428)
	at org.springframework.beans.factory.support.DefaultListableBeanFactory.resolveMultipleBeans(DefaultListableBeanFactory.java:1319)
	at org.springframework.beans.factory.support.DefaultListableBeanFactory.doResolveDependency(DefaultListableBeanFactory.java:1206)
	at org.springframework.beans.factory.support.DefaultListableBeanFactory.resolveDependency(DefaultListableBeanFactory.java:1168)
	at org.springframework.beans.factory.support.ConstructorResolver.resolveAutowiredArgument(ConstructorResolver.java:857)
	at org.springframework.beans.factory.support.ConstructorResolver.createArgumentArray(ConstructorResolver.java:760)
	... 36 more
Caused by: java.lang.IllegalStateException: Ambiguous mapping. Cannot map 'adminItemParamController' method 
public top.chris.shop.util.JsonResult top.chris.shop.web.controller.admin.AdminItemParamController.renderItemsInfoByItemId(java.lang.String)
to {GET /adminItemParam/itemParamInfo}: There is already 'adminItemParamController' bean method
public top.chris.shop.util.JsonResult top.chris.shop.web.controller.admin.AdminItemParamController.renderAllItemsInfo(java.lang.Integer,java.lang.Integer) mapped.
	at org.springframework.web.servlet.handler.AbstractHandlerMethodMapping$MappingRegistry.assertUniqueMethodMapping(AbstractHandlerMethodMapping.java:618)
	at org.springframework.web.servlet.handler.AbstractHandlerMethodMapping$MappingRegistry.register(AbstractHandlerMethodMapping.java:586)
	at org.springframework.web.servlet.handler.AbstractHandlerMethodMapping.registerHandlerMethod(AbstractHandlerMethodMapping.java:312)
	at org.springframework.web.servlet.handler.AbstractHandlerMethodMapping.lambda$detectHandlerMethods$1(AbstractHandlerMethodMapping.java:282)
	at java.util.LinkedHashMap.forEach(LinkedHashMap.java:684)
	at org.springframework.web.servlet.handler.AbstractHandlerMethodMapping.detectHandlerMethods(AbstractHandlerMethodMapping.java:280)
	at org.springframework.web.servlet.handler.AbstractHandlerMethodMapping.processCandidateBean(AbstractHandlerMethodMapping.java:252)
	at org.springframework.web.servlet.handler.AbstractHandlerMethodMapping.initHandlerMethods(AbstractHandlerMethodMapping.java:211)
	at org.springframework.web.servlet.handler.AbstractHandlerMethodMapping.afterPropertiesSet(AbstractHandlerMethodMapping.java:199)
	at org.springframework.web.servlet.mvc.method.annotation.RequestMappingHandlerMapping.afterPropertiesSet(RequestMappingHandlerMapping.java:164)
	at org.springframework.beans.factory.support.AbstractAutowireCapableBeanFactory.invokeInitMethods(AbstractAutowireCapableBeanFactory.java:1837)
	at org.springframework.beans.factory.support.AbstractAutowireCapableBeanFactory.initializeBean(AbstractAutowireCapableBeanFactory.java:1774)
	... 50 more
2021-01-01 23:44:05 下午 [Thread: main][ Class:org.mybatis.spring.mapper.ClassPathMapperScanner >> Method: org.mybatis.logging.Logger.warn(Logger.java:44) ]
WARN:No MyBatis mapper was found in '[top.chris.shop]' package. Please check your configuration.
2021-01-01 23:44:08 下午 [Thread: main][ Class:org.springframework.boot.web.servlet.context.AnnotationConfigServletWebServerApplicationContext >> Method: org.springframework.context.support.AbstractApplicationContext.refresh(AbstractApplicationContext.java:557) ]
WARN:Exception encountered during context initialization - cancelling refresh attempt: org.springframework.beans.factory.UnsatisfiedDependencyException: Error creating bean with name 'documentationPluginsBootstrapper' defined in URL [jar:file:/E:/env/apache-maven-3.6.3/repository/io/springfox/springfox-spring-web/2.9.2/springfox-spring-web-2.9.2.jar!/springfox/documentation/spring/web/plugins/DocumentationPluginsBootstrapper.class]: Unsatisfied dependency expressed through constructor parameter 1; nested exception is org.springframework.beans.factory.UnsatisfiedDependencyException: Error creating bean with name 'webMvcRequestHandlerProvider' defined in URL [jar:file:/E:/env/apache-maven-3.6.3/repository/io/springfox/springfox-spring-web/2.9.2/springfox-spring-web-2.9.2.jar!/springfox/documentation/spring/web/plugins/WebMvcRequestHandlerProvider.class]: Unsatisfied dependency expressed through constructor parameter 1; nested exception is org.springframework.beans.factory.BeanCreationException: Error creating bean with name 'requestMappingHandlerMapping' defined in class path resource [top/chris/shop/config/StateResourceConfigurer.class]: Invocation of init method failed; nested exception is java.lang.IllegalStateException: Ambiguous mapping. Cannot map 'adminItemParamController' method 
public top.chris.shop.util.JsonResult top.chris.shop.web.controller.admin.AdminItemParamController.renderAllItemsInfo(java.lang.Integer,java.lang.Integer)
to {GET /adminItemParam/itemParamInfo}: There is already 'adminItemParamController' bean method
public top.chris.shop.util.JsonResult top.chris.shop.web.controller.admin.AdminItemParamController.renderItemsInfoByItemId(java.lang.String) mapped.
2021-01-01 23:44:08 下午 [Thread: main][ Class:org.springframework.boot.SpringApplication >> Method: org.springframework.boot.SpringApplication.reportFailure(SpringApplication.java:858) ]
ERROR:Application run failed
org.springframework.beans.factory.UnsatisfiedDependencyException: Error creating bean with name 'documentationPluginsBootstrapper' defined in URL [jar:file:/E:/env/apache-maven-3.6.3/repository/io/springfox/springfox-spring-web/2.9.2/springfox-spring-web-2.9.2.jar!/springfox/documentation/spring/web/plugins/DocumentationPluginsBootstrapper.class]: Unsatisfied dependency expressed through constructor parameter 1; nested exception is org.springframework.beans.factory.UnsatisfiedDependencyException: Error creating bean with name 'webMvcRequestHandlerProvider' defined in URL [jar:file:/E:/env/apache-maven-3.6.3/repository/io/springfox/springfox-spring-web/2.9.2/springfox-spring-web-2.9.2.jar!/springfox/documentation/spring/web/plugins/WebMvcRequestHandlerProvider.class]: Unsatisfied dependency expressed through constructor parameter 1; nested exception is org.springframework.beans.factory.BeanCreationException: Error creating bean with name 'requestMappingHandlerMapping' defined in class path resource [top/chris/shop/config/StateResourceConfigurer.class]: Invocation of init method failed; nested exception is java.lang.IllegalStateException: Ambiguous mapping. Cannot map 'adminItemParamController' method 
public top.chris.shop.util.JsonResult top.chris.shop.web.controller.admin.AdminItemParamController.renderAllItemsInfo(java.lang.Integer,java.lang.Integer)
to {GET /adminItemParam/itemParamInfo}: There is already 'adminItemParamController' bean method
public top.chris.shop.util.JsonResult top.chris.shop.web.controller.admin.AdminItemParamController.renderItemsInfoByItemId(java.lang.String) mapped.
	at org.springframework.beans.factory.support.ConstructorResolver.createArgumentArray(ConstructorResolver.java:769)
	at org.springframework.beans.factory.support.ConstructorResolver.autowireConstructor(ConstructorResolver.java:218)
	at org.springframework.beans.factory.support.AbstractAutowireCapableBeanFactory.autowireConstructor(AbstractAutowireCapableBeanFactory.java:1341)
	at org.springframework.beans.factory.support.AbstractAutowireCapableBeanFactory.createBeanInstance(AbstractAutowireCapableBeanFactory.java:1187)
	at org.springframework.beans.factory.support.AbstractAutowireCapableBeanFactory.doCreateBean(AbstractAutowireCapableBeanFactory.java:555)
	at org.springframework.beans.factory.support.AbstractAutowireCapableBeanFactory.createBean(AbstractAutowireCapableBeanFactory.java:515)
	at org.springframework.beans.factory.support.AbstractBeanFactory.lambda$doGetBean$0(AbstractBeanFactory.java:320)
	at org.springframework.beans.factory.support.DefaultSingletonBeanRegistry.getSingleton(DefaultSingletonBeanRegistry.java:222)
	at org.springframework.beans.factory.support.AbstractBeanFactory.doGetBean(AbstractBeanFactory.java:318)
	at org.springframework.beans.factory.support.AbstractBeanFactory.getBean(AbstractBeanFactory.java:199)
	at org.springframework.beans.factory.support.DefaultListableBeanFactory.preInstantiateSingletons(DefaultListableBeanFactory.java:843)
	at org.springframework.context.support.AbstractApplicationContext.finishBeanFactoryInitialization(AbstractApplicationContext.java:877)
	at org.springframework.context.support.AbstractApplicationContext.refresh(AbstractApplicationContext.java:549)
	at org.springframework.boot.web.servlet.context.ServletWebServerApplicationContext.refresh(ServletWebServerApplicationContext.java:142)
	at org.springframework.boot.SpringApplication.refresh(SpringApplication.java:775)
	at org.springframework.boot.SpringApplication.refreshContext(SpringApplication.java:397)
	at org.springframework.boot.SpringApplication.run(SpringApplication.java:316)
	at org.springframework.boot.SpringApplication.run(SpringApplication.java:1260)
	at org.springframework.boot.SpringApplication.run(SpringApplication.java:1248)
	at top.chris.shop.ShopMainApplication.main(ShopMainApplication.java:31)
Caused by: org.springframework.beans.factory.UnsatisfiedDependencyException: Error creating bean with name 'webMvcRequestHandlerProvider' defined in URL [jar:file:/E:/env/apache-maven-3.6.3/repository/io/springfox/springfox-spring-web/2.9.2/springfox-spring-web-2.9.2.jar!/springfox/documentation/spring/web/plugins/WebMvcRequestHandlerProvider.class]: Unsatisfied dependency expressed through constructor parameter 1; nested exception is org.springframework.beans.factory.BeanCreationException: Error creating bean with name 'requestMappingHandlerMapping' defined in class path resource [top/chris/shop/config/StateResourceConfigurer.class]: Invocation of init method failed; nested exception is java.lang.IllegalStateException: Ambiguous mapping. Cannot map 'adminItemParamController' method 
public top.chris.shop.util.JsonResult top.chris.shop.web.controller.admin.AdminItemParamController.renderAllItemsInfo(java.lang.Integer,java.lang.Integer)
to {GET /adminItemParam/itemParamInfo}: There is already 'adminItemParamController' bean method
public top.chris.shop.util.JsonResult top.chris.shop.web.controller.admin.AdminItemParamController.renderItemsInfoByItemId(java.lang.String) mapped.
	at org.springframework.beans.factory.support.ConstructorResolver.createArgumentArray(ConstructorResolver.java:769)
	at org.springframework.beans.factory.support.ConstructorResolver.autowireConstructor(ConstructorResolver.java:218)
	at org.springframework.beans.factory.support.AbstractAutowireCapableBeanFactory.autowireConstructor(AbstractAutowireCapableBeanFactory.java:1341)
	at org.springframework.beans.factory.support.AbstractAutowireCapableBeanFactory.createBeanInstance(AbstractAutowireCapableBeanFactory.java:1187)
	at org.springframework.beans.factory.support.AbstractAutowireCapableBeanFactory.doCreateBean(AbstractAutowireCapableBeanFactory.java:555)
	at org.springframework.beans.factory.support.AbstractAutowireCapableBeanFactory.createBean(AbstractAutowireCapableBeanFactory.java:515)
	at org.springframework.beans.factory.support.AbstractBeanFactory.lambda$doGetBean$0(AbstractBeanFactory.java:320)
	at org.springframework.beans.factory.support.DefaultSingletonBeanRegistry.getSingleton(DefaultSingletonBeanRegistry.java:222)
	at org.springframework.beans.factory.support.AbstractBeanFactory.doGetBean(AbstractBeanFactory.java:318)
	at org.springframework.beans.factory.support.AbstractBeanFactory.getBean(AbstractBeanFactory.java:199)
	at org.springframework.beans.factory.config.DependencyDescriptor.resolveCandidate(DependencyDescriptor.java:277)
	at org.springframework.beans.factory.support.DefaultListableBeanFactory.addCandidateEntry(DefaultListableBeanFactory.java:1464)
	at org.springframework.beans.factory.support.DefaultListableBeanFactory.findAutowireCandidates(DefaultListableBeanFactory.java:1428)
	at org.springframework.beans.factory.support.DefaultListableBeanFactory.resolveMultipleBeans(DefaultListableBeanFactory.java:1319)
	at org.springframework.beans.factory.support.DefaultListableBeanFactory.doResolveDependency(DefaultListableBeanFactory.java:1206)
	at org.springframework.beans.factory.support.DefaultListableBeanFactory.resolveDependency(DefaultListableBeanFactory.java:1168)
	at org.springframework.beans.factory.support.ConstructorResolver.resolveAutowiredArgument(ConstructorResolver.java:857)
	at org.springframework.beans.factory.support.ConstructorResolver.createArgumentArray(ConstructorResolver.java:760)
	... 19 more
Caused by: org.springframework.beans.factory.BeanCreationException: Error creating bean with name 'requestMappingHandlerMapping' defined in class path resource [top/chris/shop/config/StateResourceConfigurer.class]: Invocation of init method failed; nested exception is java.lang.IllegalStateException: Ambiguous mapping. Cannot map 'adminItemParamController' method 
public top.chris.shop.util.JsonResult top.chris.shop.web.controller.admin.AdminItemParamController.renderAllItemsInfo(java.lang.Integer,java.lang.Integer)
to {GET /adminItemParam/itemParamInfo}: There is already 'adminItemParamController' bean method
public top.chris.shop.util.JsonResult top.chris.shop.web.controller.admin.AdminItemParamController.renderItemsInfoByItemId(java.lang.String) mapped.
	at org.springframework.beans.factory.support.AbstractAutowireCapableBeanFactory.initializeBean(AbstractAutowireCapableBeanFactory.java:1778)
	at org.springframework.beans.factory.support.AbstractAutowireCapableBeanFactory.doCreateBean(AbstractAutowireCapableBeanFactory.java:593)
	at org.springframework.beans.factory.support.AbstractAutowireCapableBeanFactory.createBean(AbstractAutowireCapableBeanFactory.java:515)
	at org.springframework.beans.factory.support.AbstractBeanFactory.lambda$doGetBean$0(AbstractBeanFactory.java:320)
	at org.springframework.beans.factory.support.DefaultSingletonBeanRegistry.getSingleton(DefaultSingletonBeanRegistry.java:222)
	at org.springframework.beans.factory.support.AbstractBeanFactory.doGetBean(AbstractBeanFactory.java:318)
	at org.springframework.beans.factory.support.AbstractBeanFactory.getBean(AbstractBeanFactory.java:199)
	at org.springframework.beans.factory.config.DependencyDescriptor.resolveCandidate(DependencyDescriptor.java:277)
	at org.springframework.beans.factory.support.DefaultListableBeanFactory.addCandidateEntry(DefaultListableBeanFactory.java:1464)
	at org.springframework.beans.factory.support.DefaultListableBeanFactory.findAutowireCandidates(DefaultListableBeanFactory.java:1428)
	at org.springframework.beans.factory.support.DefaultListableBeanFactory.resolveMultipleBeans(DefaultListableBeanFactory.java:1319)
	at org.springframework.beans.factory.support.DefaultListableBeanFactory.doResolveDependency(DefaultListableBeanFactory.java:1206)
	at org.springframework.beans.factory.support.DefaultListableBeanFactory.resolveDependency(DefaultListableBeanFactory.java:1168)
	at org.springframework.beans.factory.support.ConstructorResolver.resolveAutowiredArgument(ConstructorResolver.java:857)
	at org.springframework.beans.factory.support.ConstructorResolver.createArgumentArray(ConstructorResolver.java:760)
	... 36 more
Caused by: java.lang.IllegalStateException: Ambiguous mapping. Cannot map 'adminItemParamController' method 
public top.chris.shop.util.JsonResult top.chris.shop.web.controller.admin.AdminItemParamController.renderAllItemsInfo(java.lang.Integer,java.lang.Integer)
to {GET /adminItemParam/itemParamInfo}: There is already 'adminItemParamController' bean method
public top.chris.shop.util.JsonResult top.chris.shop.web.controller.admin.AdminItemParamController.renderItemsInfoByItemId(java.lang.String) mapped.
	at org.springframework.web.servlet.handler.AbstractHandlerMethodMapping$MappingRegistry.assertUniqueMethodMapping(AbstractHandlerMethodMapping.java:618)
	at org.springframework.web.servlet.handler.AbstractHandlerMethodMapping$MappingRegistry.register(AbstractHandlerMethodMapping.java:586)
	at org.springframework.web.servlet.handler.AbstractHandlerMethodMapping.registerHandlerMethod(AbstractHandlerMethodMapping.java:312)
	at org.springframework.web.servlet.handler.AbstractHandlerMethodMapping.lambda$detectHandlerMethods$1(AbstractHandlerMethodMapping.java:282)
	at java.util.LinkedHashMap.forEach(LinkedHashMap.java:684)
	at org.springframework.web.servlet.handler.AbstractHandlerMethodMapping.detectHandlerMethods(AbstractHandlerMethodMapping.java:280)
	at org.springframework.web.servlet.handler.AbstractHandlerMethodMapping.processCandidateBean(AbstractHandlerMethodMapping.java:252)
	at org.springframework.web.servlet.handler.AbstractHandlerMethodMapping.initHandlerMethods(AbstractHandlerMethodMapping.java:211)
	at org.springframework.web.servlet.handler.AbstractHandlerMethodMapping.afterPropertiesSet(AbstractHandlerMethodMapping.java:199)
	at org.springframework.web.servlet.mvc.method.annotation.RequestMappingHandlerMapping.afterPropertiesSet(RequestMappingHandlerMapping.java:164)
	at org.springframework.beans.factory.support.AbstractAutowireCapableBeanFactory.invokeInitMethods(AbstractAutowireCapableBeanFactory.java:1837)
	at org.springframework.beans.factory.support.AbstractAutowireCapableBeanFactory.initializeBean(AbstractAutowireCapableBeanFactory.java:1774)
	... 50 more
2021-01-01 23:48:12 下午 [Thread: main][ Class:org.mybatis.spring.mapper.ClassPathMapperScanner >> Method: org.mybatis.logging.Logger.warn(Logger.java:44) ]
WARN:No MyBatis mapper was found in '[top.chris.shop]' package. Please check your configuration.
2021-01-01 23:48:16 下午 [Thread: main][ Class:org.springframework.boot.web.servlet.context.AnnotationConfigServletWebServerApplicationContext >> Method: org.springframework.context.support.AbstractApplicationContext.refresh(AbstractApplicationContext.java:557) ]
WARN:Exception encountered during context initialization - cancelling refresh attempt: org.springframework.beans.factory.UnsatisfiedDependencyException: Error creating bean with name 'documentationPluginsBootstrapper' defined in URL [jar:file:/E:/env/apache-maven-3.6.3/repository/io/springfox/springfox-spring-web/2.9.2/springfox-spring-web-2.9.2.jar!/springfox/documentation/spring/web/plugins/DocumentationPluginsBootstrapper.class]: Unsatisfied dependency expressed through constructor parameter 1; nested exception is org.springframework.beans.factory.UnsatisfiedDependencyException: Error creating bean with name 'webMvcRequestHandlerProvider' defined in URL [jar:file:/E:/env/apache-maven-3.6.3/repository/io/springfox/springfox-spring-web/2.9.2/springfox-spring-web-2.9.2.jar!/springfox/documentation/spring/web/plugins/WebMvcRequestHandlerProvider.class]: Unsatisfied dependency expressed through constructor parameter 1; nested exception is org.springframework.beans.factory.BeanCreationException: Error creating bean with name 'requestMappingHandlerMapping' defined in class path resource [org/springframework/boot/autoconfigure/web/servlet/WebMvcAutoConfiguration$EnableWebMvcConfiguration.class]: Invocation of init method failed; nested exception is java.lang.IllegalStateException: Ambiguous mapping. Cannot map 'adminItemParamController' method 
public top.chris.shop.util.JsonResult top.chris.shop.web.controller.admin.AdminItemParamController.renderAllItemsInfo(java.lang.Integer,java.lang.Integer)
to {GET /adminItemParam/itemParamInfo}: There is already 'adminItemParamController' bean method
public top.chris.shop.util.JsonResult top.chris.shop.web.controller.admin.AdminItemParamController.renderItemsInfoByItemId(java.lang.String) mapped.
2021-01-01 23:48:16 下午 [Thread: main][ Class:org.springframework.boot.SpringApplication >> Method: org.springframework.boot.SpringApplication.reportFailure(SpringApplication.java:858) ]
ERROR:Application run failed
org.springframework.beans.factory.UnsatisfiedDependencyException: Error creating bean with name 'documentationPluginsBootstrapper' defined in URL [jar:file:/E:/env/apache-maven-3.6.3/repository/io/springfox/springfox-spring-web/2.9.2/springfox-spring-web-2.9.2.jar!/springfox/documentation/spring/web/plugins/DocumentationPluginsBootstrapper.class]: Unsatisfied dependency expressed through constructor parameter 1; nested exception is org.springframework.beans.factory.UnsatisfiedDependencyException: Error creating bean with name 'webMvcRequestHandlerProvider' defined in URL [jar:file:/E:/env/apache-maven-3.6.3/repository/io/springfox/springfox-spring-web/2.9.2/springfox-spring-web-2.9.2.jar!/springfox/documentation/spring/web/plugins/WebMvcRequestHandlerProvider.class]: Unsatisfied dependency expressed through constructor parameter 1; nested exception is org.springframework.beans.factory.BeanCreationException: Error creating bean with name 'requestMappingHandlerMapping' defined in class path resource [org/springframework/boot/autoconfigure/web/servlet/WebMvcAutoConfiguration$EnableWebMvcConfiguration.class]: Invocation of init method failed; nested exception is java.lang.IllegalStateException: Ambiguous mapping. Cannot map 'adminItemParamController' method 
public top.chris.shop.util.JsonResult top.chris.shop.web.controller.admin.AdminItemParamController.renderAllItemsInfo(java.lang.Integer,java.lang.Integer)
to {GET /adminItemParam/itemParamInfo}: There is already 'adminItemParamController' bean method
public top.chris.shop.util.JsonResult top.chris.shop.web.controller.admin.AdminItemParamController.renderItemsInfoByItemId(java.lang.String) mapped.
	at org.springframework.beans.factory.support.ConstructorResolver.createArgumentArray(ConstructorResolver.java:769)
	at org.springframework.beans.factory.support.ConstructorResolver.autowireConstructor(ConstructorResolver.java:218)
	at org.springframework.beans.factory.support.AbstractAutowireCapableBeanFactory.autowireConstructor(AbstractAutowireCapableBeanFactory.java:1341)
	at org.springframework.beans.factory.support.AbstractAutowireCapableBeanFactory.createBeanInstance(AbstractAutowireCapableBeanFactory.java:1187)
	at org.springframework.beans.factory.support.AbstractAutowireCapableBeanFactory.doCreateBean(AbstractAutowireCapableBeanFactory.java:555)
	at org.springframework.beans.factory.support.AbstractAutowireCapableBeanFactory.createBean(AbstractAutowireCapableBeanFactory.java:515)
	at org.springframework.beans.factory.support.AbstractBeanFactory.lambda$doGetBean$0(AbstractBeanFactory.java:320)
	at org.springframework.beans.factory.support.DefaultSingletonBeanRegistry.getSingleton(DefaultSingletonBeanRegistry.java:222)
	at org.springframework.beans.factory.support.AbstractBeanFactory.doGetBean(AbstractBeanFactory.java:318)
	at org.springframework.beans.factory.support.AbstractBeanFactory.getBean(AbstractBeanFactory.java:199)
	at org.springframework.beans.factory.support.DefaultListableBeanFactory.preInstantiateSingletons(DefaultListableBeanFactory.java:843)
	at org.springframework.context.support.AbstractApplicationContext.finishBeanFactoryInitialization(AbstractApplicationContext.java:877)
	at org.springframework.context.support.AbstractApplicationContext.refresh(AbstractApplicationContext.java:549)
	at org.springframework.boot.web.servlet.context.ServletWebServerApplicationContext.refresh(ServletWebServerApplicationContext.java:142)
	at org.springframework.boot.SpringApplication.refresh(SpringApplication.java:775)
	at org.springframework.boot.SpringApplication.refreshContext(SpringApplication.java:397)
	at org.springframework.boot.SpringApplication.run(SpringApplication.java:316)
	at org.springframework.boot.SpringApplication.run(SpringApplication.java:1260)
	at org.springframework.boot.SpringApplication.run(SpringApplication.java:1248)
	at top.chris.shop.ShopMainApplication.main(ShopMainApplication.java:31)
Caused by: org.springframework.beans.factory.UnsatisfiedDependencyException: Error creating bean with name 'webMvcRequestHandlerProvider' defined in URL [jar:file:/E:/env/apache-maven-3.6.3/repository/io/springfox/springfox-spring-web/2.9.2/springfox-spring-web-2.9.2.jar!/springfox/documentation/spring/web/plugins/WebMvcRequestHandlerProvider.class]: Unsatisfied dependency expressed through constructor parameter 1; nested exception is org.springframework.beans.factory.BeanCreationException: Error creating bean with name 'requestMappingHandlerMapping' defined in class path resource [org/springframework/boot/autoconfigure/web/servlet/WebMvcAutoConfiguration$EnableWebMvcConfiguration.class]: Invocation of init method failed; nested exception is java.lang.IllegalStateException: Ambiguous mapping. Cannot map 'adminItemParamController' method 
public top.chris.shop.util.JsonResult top.chris.shop.web.controller.admin.AdminItemParamController.renderAllItemsInfo(java.lang.Integer,java.lang.Integer)
to {GET /adminItemParam/itemParamInfo}: There is already 'adminItemParamController' bean method
public top.chris.shop.util.JsonResult top.chris.shop.web.controller.admin.AdminItemParamController.renderItemsInfoByItemId(java.lang.String) mapped.
	at org.springframework.beans.factory.support.ConstructorResolver.createArgumentArray(ConstructorResolver.java:769)
	at org.springframework.beans.factory.support.ConstructorResolver.autowireConstructor(ConstructorResolver.java:218)
	at org.springframework.beans.factory.support.AbstractAutowireCapableBeanFactory.autowireConstructor(AbstractAutowireCapableBeanFactory.java:1341)
	at org.springframework.beans.factory.support.AbstractAutowireCapableBeanFactory.createBeanInstance(AbstractAutowireCapableBeanFactory.java:1187)
	at org.springframework.beans.factory.support.AbstractAutowireCapableBeanFactory.doCreateBean(AbstractAutowireCapableBeanFactory.java:555)
	at org.springframework.beans.factory.support.AbstractAutowireCapableBeanFactory.createBean(AbstractAutowireCapableBeanFactory.java:515)
	at org.springframework.beans.factory.support.AbstractBeanFactory.lambda$doGetBean$0(AbstractBeanFactory.java:320)
	at org.springframework.beans.factory.support.DefaultSingletonBeanRegistry.getSingleton(DefaultSingletonBeanRegistry.java:222)
	at org.springframework.beans.factory.support.AbstractBeanFactory.doGetBean(AbstractBeanFactory.java:318)
	at org.springframework.beans.factory.support.AbstractBeanFactory.getBean(AbstractBeanFactory.java:199)
	at org.springframework.beans.factory.config.DependencyDescriptor.resolveCandidate(DependencyDescriptor.java:277)
	at org.springframework.beans.factory.support.DefaultListableBeanFactory.addCandidateEntry(DefaultListableBeanFactory.java:1464)
	at org.springframework.beans.factory.support.DefaultListableBeanFactory.findAutowireCandidates(DefaultListableBeanFactory.java:1428)
	at org.springframework.beans.factory.support.DefaultListableBeanFactory.resolveMultipleBeans(DefaultListableBeanFactory.java:1319)
	at org.springframework.beans.factory.support.DefaultListableBeanFactory.doResolveDependency(DefaultListableBeanFactory.java:1206)
	at org.springframework.beans.factory.support.DefaultListableBeanFactory.resolveDependency(DefaultListableBeanFactory.java:1168)
	at org.springframework.beans.factory.support.ConstructorResolver.resolveAutowiredArgument(ConstructorResolver.java:857)
	at org.springframework.beans.factory.support.ConstructorResolver.createArgumentArray(ConstructorResolver.java:760)
	... 19 more
Caused by: org.springframework.beans.factory.BeanCreationException: Error creating bean with name 'requestMappingHandlerMapping' defined in class path resource [org/springframework/boot/autoconfigure/web/servlet/WebMvcAutoConfiguration$EnableWebMvcConfiguration.class]: Invocation of init method failed; nested exception is java.lang.IllegalStateException: Ambiguous mapping. Cannot map 'adminItemParamController' method 
public top.chris.shop.util.JsonResult top.chris.shop.web.controller.admin.AdminItemParamController.renderAllItemsInfo(java.lang.Integer,java.lang.Integer)
to {GET /adminItemParam/itemParamInfo}: There is already 'adminItemParamController' bean method
public top.chris.shop.util.JsonResult top.chris.shop.web.controller.admin.AdminItemParamController.renderItemsInfoByItemId(java.lang.String) mapped.
	at org.springframework.beans.factory.support.AbstractAutowireCapableBeanFactory.initializeBean(AbstractAutowireCapableBeanFactory.java:1778)
	at org.springframework.beans.factory.support.AbstractAutowireCapableBeanFactory.doCreateBean(AbstractAutowireCapableBeanFactory.java:593)
	at org.springframework.beans.factory.support.AbstractAutowireCapableBeanFactory.createBean(AbstractAutowireCapableBeanFactory.java:515)
	at org.springframework.beans.factory.support.AbstractBeanFactory.lambda$doGetBean$0(AbstractBeanFactory.java:320)
	at org.springframework.beans.factory.support.DefaultSingletonBeanRegistry.getSingleton(DefaultSingletonBeanRegistry.java:222)
	at org.springframework.beans.factory.support.AbstractBeanFactory.doGetBean(AbstractBeanFactory.java:318)
	at org.springframework.beans.factory.support.AbstractBeanFactory.getBean(AbstractBeanFactory.java:199)
	at org.springframework.beans.factory.config.DependencyDescriptor.resolveCandidate(DependencyDescriptor.java:277)
	at org.springframework.beans.factory.support.DefaultListableBeanFactory.addCandidateEntry(DefaultListableBeanFactory.java:1464)
	at org.springframework.beans.factory.support.DefaultListableBeanFactory.findAutowireCandidates(DefaultListableBeanFactory.java:1428)
	at org.springframework.beans.factory.support.DefaultListableBeanFactory.resolveMultipleBeans(DefaultListableBeanFactory.java:1319)
	at org.springframework.beans.factory.support.DefaultListableBeanFactory.doResolveDependency(DefaultListableBeanFactory.java:1206)
	at org.springframework.beans.factory.support.DefaultListableBeanFactory.resolveDependency(DefaultListableBeanFactory.java:1168)
	at org.springframework.beans.factory.support.ConstructorResolver.resolveAutowiredArgument(ConstructorResolver.java:857)
	at org.springframework.beans.factory.support.ConstructorResolver.createArgumentArray(ConstructorResolver.java:760)
	... 36 more
Caused by: java.lang.IllegalStateException: Ambiguous mapping. Cannot map 'adminItemParamController' method 
public top.chris.shop.util.JsonResult top.chris.shop.web.controller.admin.AdminItemParamController.renderAllItemsInfo(java.lang.Integer,java.lang.Integer)
to {GET /adminItemParam/itemParamInfo}: There is already 'adminItemParamController' bean method
public top.chris.shop.util.JsonResult top.chris.shop.web.controller.admin.AdminItemParamController.renderItemsInfoByItemId(java.lang.String) mapped.
	at org.springframework.web.servlet.handler.AbstractHandlerMethodMapping$MappingRegistry.assertUniqueMethodMapping(AbstractHandlerMethodMapping.java:618)
	at org.springframework.web.servlet.handler.AbstractHandlerMethodMapping$MappingRegistry.register(AbstractHandlerMethodMapping.java:586)
	at org.springframework.web.servlet.handler.AbstractHandlerMethodMapping.registerHandlerMethod(AbstractHandlerMethodMapping.java:312)
	at org.springframework.web.servlet.handler.AbstractHandlerMethodMapping.lambda$detectHandlerMethods$1(AbstractHandlerMethodMapping.java:282)
	at java.util.LinkedHashMap.forEach(LinkedHashMap.java:684)
	at org.springframework.web.servlet.handler.AbstractHandlerMethodMapping.detectHandlerMethods(AbstractHandlerMethodMapping.java:280)
	at org.springframework.web.servlet.handler.AbstractHandlerMethodMapping.processCandidateBean(AbstractHandlerMethodMapping.java:252)
	at org.springframework.web.servlet.handler.AbstractHandlerMethodMapping.initHandlerMethods(AbstractHandlerMethodMapping.java:211)
	at org.springframework.web.servlet.handler.AbstractHandlerMethodMapping.afterPropertiesSet(AbstractHandlerMethodMapping.java:199)
	at org.springframework.web.servlet.mvc.method.annotation.RequestMappingHandlerMapping.afterPropertiesSet(RequestMappingHandlerMapping.java:164)
	at org.springframework.beans.factory.support.AbstractAutowireCapableBeanFactory.invokeInitMethods(AbstractAutowireCapableBeanFactory.java:1837)
	at org.springframework.beans.factory.support.AbstractAutowireCapableBeanFactory.initializeBean(AbstractAutowireCapableBeanFactory.java:1774)
	... 50 more
2021-01-01 23:49:10 下午 [Thread: main][ Class:org.mybatis.spring.mapper.ClassPathMapperScanner >> Method: org.mybatis.logging.Logger.warn(Logger.java:44) ]
WARN:No MyBatis mapper was found in '[top.chris.shop]' package. Please check your configuration.
2021-01-01 23:49:25 下午 [Thread: http-nio-8080-exec-1][ Class:com.zaxxer.hikari.util.DriverDataSource >> Method: com.zaxxer.hikari.util.DriverDataSource.<init>(DriverDataSource.java:68) ]
WARN:Registered driver with driverClassName=com.mysql.jdbc.Driver was not found, trying direct instantiation.
2021-01-01 23:52:13 下午 [Thread: http-nio-8080-exec-8][ Class:org.springframework.web.servlet.PageNotFound >> Method: org.springframework.web.servlet.DispatcherServlet.noHandlerFound(DispatcherServlet.java:1249) ]
WARN:No mapping for GET /adminItem/searchItemParamInfo
